Running with alpha=0.0625
Epoch 0: Loss: 0.0061057029. time = 15.8586018085s. lr = 0.0100000000. alpha = 0.0625000000
Epoch 1: Loss: 0.0062126316. time = 17.6890947819s. lr = 0.0100000000. alpha = 0.0625000000
Epoch 2: Loss: 0.0078751060. time = 18.1135926247s. lr = 0.0100000000. alpha = 0.0625000000
Epoch 3: Loss: 0.0052192135. time = 17.2448637486s. lr = 0.0100000000. alpha = 0.0625000000
Epoch 4: Loss: 0.0029935355. time = 14.7439954281s. lr = 0.0100000000. alpha = 0.0625000000
Epoch 5: Loss: 0.0056951210. time = 14.0315752029s. lr = 0.0100000000. alpha = 0.0625000000
Epoch 10: Loss: 0.0042901346. time = 19.4169049263s. lr = 0.0100000000. alpha = 0.0625000000
Epoch 20: Loss: 0.0016683930. time = 14.2060492039s. lr = 0.0010000000. alpha = 0.0625000000
Epoch 30: Loss: 0.0012273913. time = 14.9883666039s. lr = 0.0001000000. alpha = 0.0625000000
Epoch 40: Loss: 0.0012117354. time = 15.1582074165s. lr = 0.0000100000. alpha = 0.0625000000
Epoch 50: Loss: 0.0012089502. time = 15.1453340054s. lr = 0.0000100000. alpha = 0.0625000000
Epoch 60: Loss: 0.0012078273. time = 15.1480195522s. lr = 0.0000010000. alpha = 0.0625000000
Epoch 70: Loss: 0.0012077530. time = 15.2776763439s. lr = 0.0000001000. alpha = 0.0625000000
Epoch 80: Loss: 0.0012077404. time = 15.6349356174s. lr = 0.0000000100. alpha = 0.0625000000
Epoch 90: Loss: 0.0012077382. time = 15.3705012798s. lr = 0.0000000100. alpha = 0.0625000000
Epoch 100: Loss: 0.0012077380. time = 15.5532524586s. lr = 0.0000000100. alpha = 0.0625000000
Epoch 110: Loss: 0.0012077368. time = 15.3056404591s. lr = 0.0000000100. alpha = 0.0625000000
Epoch 120: Loss: 0.0012077344. time = 15.4179894924s. lr = 0.0000000100. alpha = 0.0625000000
Epoch 130: Loss: 0.0012077359. time = 15.3637931347s. lr = 0.0000000100. alpha = 0.0625000000
Epoch 140: Loss: 0.0012077346. time = 15.5729660988s. lr = 0.0000000100. alpha = 0.0625000000
Epoch 150: Loss: 0.0012077345. time = 15.3674578667s. lr = 0.0000000100. alpha = 0.0625000000
Epoch 160: Loss: 0.0012077333. time = 15.5370199680s. lr = 0.0000000100. alpha = 0.0625000000
Epoch 170: Loss: 0.0012077335. time = 15.2851531506s. lr = 0.0000000100. alpha = 0.0625000000
Epoch 180: Loss: 0.0012077316. time = 15.4071900845s. lr = 0.0000000100. alpha = 0.0625000000
Epoch 190: Loss: 0.0012077309. time = 14.8161215782s. lr = 0.0000000100. alpha = 0.0625000000
Epoch 200: Loss: 0.0012077311. time = 15.1319544315s. lr = 0.0000000100. alpha = 0.0625000000
Epoch 210: Loss: 0.0012077294. time = 15.4208564758s. lr = 0.0000000100. alpha = 0.0625000000
Epoch 220: Loss: 0.0012077297. time = 14.7801697254s. lr = 0.0000000100. alpha = 0.0625000000
Epoch 230: Loss: 0.0012077298. time = 14.6942434311s. lr = 0.0000000100. alpha = 0.0625000000
Epoch 240: Loss: 0.0012077301. time = 14.5463068485s. lr = 0.0000000100. alpha = 0.0625000000
Epoch 250: Loss: 0.0012077279. time = 14.8172357082s. lr = 0.0000000100. alpha = 0.0625000000
Epoch 260: Loss: 0.0012077261. time = 14.7471566200s. lr = 0.0000000100. alpha = 0.0625000000
Epoch 270: Loss: 0.0012077256. time = 14.5481932163s. lr = 0.0000000100. alpha = 0.0625000000
Epoch 280: Loss: 0.0012077248. time = 14.7180254459s. lr = 0.0000000100. alpha = 0.0625000000
Epoch 290: Loss: 0.0012077226. time = 14.7516081333s. lr = 0.0000000100. alpha = 0.0625000000
Epoch 300: Loss: 0.0012077239. time = 14.6276047230s. lr = 0.0000000100. alpha = 0.0625000000
Patience exceeded: 300. Early stoppage executed.
Training complete
Model/logs saved in: results/sequential_decay_runs/alpha_0.0625
