Using Python version:
Python 3.11.13
Using Conda environment: atscale
Starting experiment with g_min=0 g_max=1
[Seed] Deterministic mode enabled (may reduce speed).
Training on: cpu
Epoch 0: Loss = 6.5780463709e-02. time = 3.0695651770e+01s. lr = 1.0000000000e-02. alpha = 0.0000000000e+00
Epoch 1: Loss = 1.0426608144e-02. time = 2.6834604263e+01s. lr = 1.0000000000e-02. alpha = 0.0000000000e+00
Epoch 2: Loss = 5.5517121758e-03. time = 2.5855252504e+01s. lr = 1.0000000000e-02. alpha = 0.0000000000e+00
Epoch 3: Loss = 4.4437520091e-03. time = 2.5452974796e+01s. lr = 1.0000000000e-02. alpha = 0.0000000000e+00
Epoch 4: Loss = 3.8132704423e-03. time = 2.4946742296e+01s. lr = 1.0000000000e-02. alpha = 0.0000000000e+00
Epoch 5: Loss = 3.2084044676e-03. time = 2.5486849308e+01s. lr = 1.0000000000e-02. alpha = 0.0000000000e+00
Epoch 10: Loss = 1.9067908043e-03. time = 2.6766647100e+01s. lr = 1.0000000000e-02. alpha = 0.0000000000e+00
Epoch 20: Loss = 1.2362861105e-03. time = 2.8089574099e+01s. lr = 1.0000000000e-02. alpha = 0.0000000000e+00
Epoch 30: Loss = 1.0070101960e-03. time = 2.8284586906e+01s. lr = 1.0000000000e-02. alpha = 0.0000000000e+00
Epoch 40: Loss = 7.8417173506e-04. time = 2.8375720501e+01s. lr = 1.0000000000e-02. alpha = 0.0000000000e+00
Epoch 50: Loss = 5.9805529241e-04. time = 2.8319308043e+01s. lr = 1.0000000000e-02. alpha = 0.0000000000e+00
Epoch 60: Loss = 8.1345101985e-04. time = 2.8147587299e+01s. lr = 1.0000000000e-02. alpha = 0.0000000000e+00
Epoch 70: Loss = 4.2867593626e-04. time = 2.7722439766e+01s. lr = 1.0000000000e-03. alpha = 0.0000000000e+00
Epoch 80: Loss = 4.0089226061e-04. time = 2.8186601162e+01s. lr = 1.0000000000e-03. alpha = 0.0000000000e+00
Epoch 90: Loss = 4.1892284534e-04. time = 2.8093169451e+01s. lr = 1.0000000000e-03. alpha = 0.0000000000e+00
Epoch 100: Loss = 4.0624663592e-04. time = 2.8293395996e+01s. lr = 1.0000000000e-03. alpha = 0.0000000000e+00
Epoch 110: Loss = 3.6105195814e-04. time = 2.7777997494e+01s. lr = 1.0000000000e-03. alpha = 0.0000000000e+00
Epoch 120: Loss = 3.5442701419e-04. time = 2.7501739740e+01s. lr = 1.0000000000e-03. alpha = 0.0000000000e+00
Epoch 130: Loss = 3.6145163788e-04. time = 2.8064619303e+01s. lr = 1.0000000000e-03. alpha = 0.0000000000e+00
Epoch 140: Loss = 3.3458784742e-04. time = 2.7702258587e+01s. lr = 1.0000000000e-03. alpha = 0.0000000000e+00
Epoch 150: Loss = 3.4204600514e-04. time = 2.7819410563e+01s. lr = 1.0000000000e-03. alpha = 0.0000000000e+00
Epoch 160: Loss = 3.4155760237e-04. time = 2.7998648405e+01s. lr = 1.0000000000e-03. alpha = 0.0000000000e+00
Epoch 170: Loss = 3.3731014338e-04. time = 2.8171051264e+01s. lr = 1.0000000000e-03. alpha = 0.0000000000e+00
Epoch 180: Loss = 3.2009693583e-04. time = 2.7900119543e+01s. lr = 1.0000000000e-03. alpha = 0.0000000000e+00
Epoch 190: Loss = 3.1843527171e-04. time = 2.8645997047e+01s. lr = 1.0000000000e-03. alpha = 0.0000000000e+00
Epoch 200: Loss = 3.0081117807e-04. time = 2.9122676373e+01s. lr = 1.0000000000e-04. alpha = 0.0000000000e+00
Epoch 210: Loss = 2.9620367074e-04. time = 2.8361541748e+01s. lr = 1.0000000000e-04. alpha = 0.0000000000e+00
Epoch 220: Loss = 2.9342944322e-04. time = 2.8809249640e+01s. lr = 1.0000000000e-05. alpha = 0.0000000000e+00
Epoch 230: Loss = 2.9124403501e-04. time = 2.8369427204e+01s. lr = 1.0000000000e-05. alpha = 0.0000000000e+00
Epoch 240: Loss = 2.9242902604e-04. time = 2.8251264572e+01s. lr = 1.0000000000e-06. alpha = 0.0000000000e+00
Epoch 250: Loss = 2.9272237135e-04. time = 2.8397979498e+01s. lr = 1.0000000000e-07. alpha = 0.0000000000e+00
Epoch 260: Loss = 2.9136703697e-04. time = 2.9046023846e+01s. lr = 1.0000000000e-08. alpha = 0.0000000000e+00
Epoch 270: Loss = 2.9525515266e-04. time = 2.8231397867e+01s. lr = 1.0000000000e-08. alpha = 0.0000000000e+00
Epoch 280: Loss = 2.9215979326e-04. time = 2.7931249142e+01s. lr = 1.0000000000e-08. alpha = 0.0000000000e+00
Epoch 290: Loss = 2.9258787032e-04. time = 2.8972297430e+01s. lr = 1.0000000000e-08. alpha = 0.0000000000e+00
Epoch 300: Loss = 2.9571914237e-04. time = 2.8103885889e+01s. lr = 1.0000000000e-08. alpha = 0.0000000000e+00
Epoch 310: Loss = 2.9211149292e-04. time = 2.7617256880e+01s. lr = 1.0000000000e-08. alpha = 0.0000000000e+00
Epoch 320: Loss = 2.9674334877e-04. time = 2.8143780708e+01s. lr = 1.0000000000e-08. alpha = 0.0000000000e+00
Epoch 330: Loss = 2.9387643482e-04. time = 2.8513152838e+01s. lr = 1.0000000000e-08. alpha = 0.0000000000e+00
Epoch 340: Loss = 2.9353857352e-04. time = 2.8410002947e+01s. lr = 1.0000000000e-08. alpha = 0.0000000000e+00
Epoch 350: Loss = 2.9536300470e-04. time = 2.8548664808e+01s. lr = 1.0000000000e-08. alpha = 0.0000000000e+00
Epoch 360: Loss = 2.9155322483e-04. time = 2.9252414942e+01s. lr = 1.0000000000e-08. alpha = 0.0000000000e+00
Epoch 370: Loss = 2.9625352729e-04. time = 2.8289319038e+01s. lr = 1.0000000000e-08. alpha = 0.0000000000e+00
Epoch 380: Loss = 2.9290949464e-04. time = 2.8416402578e+01s. lr = 1.0000000000e-08. alpha = 0.0000000000e+00
Epoch 390: Loss = 2.9278116109e-04. time = 2.8269817114e+01s. lr = 1.0000000000e-08. alpha = 0.0000000000e+00
Epoch 400: Loss = 2.9139431464e-04. time = 2.8573777914e+01s. lr = 1.0000000000e-08. alpha = 0.0000000000e+00
Epoch 410: Loss = 2.9251577528e-04. time = 2.8258553743e+01s. lr = 1.0000000000e-08. alpha = 0.0000000000e+00
Epoch 420: Loss = 2.9261795904e-04. time = 2.8672866821e+01s. lr = 1.0000000000e-08. alpha = 0.0000000000e+00
Epoch 430: Loss = 2.9149482409e-04. time = 2.8253283501e+01s. lr = 1.0000000000e-08. alpha = 0.0000000000e+00
Epoch 440: Loss = 2.9211385096e-04. time = 2.7956867456e+01s. lr = 1.0000000000e-08. alpha = 0.0000000000e+00
Epoch 450: Loss = 2.9783269945e-04. time = 2.8228764772e+01s. lr = 1.0000000000e-08. alpha = 0.0000000000e+00
Epoch 460: Loss = 2.9318590427e-04. time = 2.8010417461e+01s. lr = 1.0000000000e-08. alpha = 0.0000000000e+00
Epoch 470: Loss = 2.9082066676e-04. time = 2.7992556572e+01s. lr = 1.0000000000e-08. alpha = 0.0000000000e+00
Epoch 480: Loss = 2.9389596117e-04. time = 2.8447355986e+01s. lr = 1.0000000000e-08. alpha = 0.0000000000e+00
Epoch 490: Loss = 2.9428472318e-04. time = 2.8198363066e+01s. lr = 1.0000000000e-08. alpha = 0.0000000000e+00
Epoch 500: Loss = 2.9747079205e-04. time = 2.9202805281e+01s. lr = 1.0000000000e-08. alpha = 0.0000000000e+00
Epoch 510: Loss = 2.9669373201e-04. time = 2.8377038956e+01s. lr = 1.0000000000e-08. alpha = 0.0000000000e+00
Epoch 520: Loss = 2.9348775464e-04. time = 2.8551913500e+01s. lr = 1.0000000000e-08. alpha = 0.0000000000e+00
Epoch 530: Loss = 2.9165434714e-04. time = 2.8633515596e+01s. lr = 1.0000000000e-08. alpha = 0.0000000000e+00
Epoch 540: Loss = 2.9501008617e-04. time = 2.8512874842e+01s. lr = 1.0000000000e-08. alpha = 0.0000000000e+00
Epoch 550: Loss = 2.9565153797e-04. time = 2.7927783966e+01s. lr = 1.0000000000e-08. alpha = 0.0000000000e+00
Epoch 560: Loss = 2.9738424886e-04. time = 2.8239588261e+01s. lr = 1.0000000000e-08. alpha = 0.0000000000e+00
Epoch 570: Loss = 2.9498242488e-04. time = 2.8662803650e+01s. lr = 1.0000000000e-08. alpha = 0.0000000000e+00
Patience exceeded: 300. Early stoppage executed.
Training complete
Model/logs saved in: results/g_bounds/g_0_1
Finished experiment with g_min=0 g_max=1
Starting experiment with g_min=-5 g_max=5
[Seed] Deterministic mode enabled (may reduce speed).
Training on: cpu
Epoch 0: Loss = 3.8224562517e-02. time = 4.1169338703e+01s. lr = 1.0000000000e-02. alpha = 0.0000000000e+00
Epoch 1: Loss = 1.1140329318e-02. time = 3.8301008701e+01s. lr = 1.0000000000e-02. alpha = 0.0000000000e+00
Epoch 2: Loss = 8.9633672606e-03. time = 3.9409981489e+01s. lr = 1.0000000000e-02. alpha = 0.0000000000e+00
Epoch 3: Loss = 9.5198935681e-03. time = 4.0514326811e+01s. lr = 1.0000000000e-02. alpha = 0.0000000000e+00
Epoch 4: Loss = 8.7567202990e-03. time = 3.9483322620e+01s. lr = 1.0000000000e-02. alpha = 0.0000000000e+00
Epoch 5: Loss = 7.4753163220e-03. time = 3.8623540401e+01s. lr = 1.0000000000e-02. alpha = 0.0000000000e+00
Epoch 10: Loss = 5.5786276580e-03. time = 3.5097379923e+01s. lr = 1.0000000000e-02. alpha = 0.0000000000e+00
Epoch 20: Loss = 3.2799450387e-03. time = 3.1737309933e+01s. lr = 1.0000000000e-02. alpha = 0.0000000000e+00
Epoch 30: Loss = 1.9593280951e-03. time = 3.5178407431e+01s. lr = 1.0000000000e-02. alpha = 0.0000000000e+00
Epoch 40: Loss = 1.3416718246e-03. time = 3.5626602411e+01s. lr = 1.0000000000e-02. alpha = 0.0000000000e+00
Epoch 50: Loss = 9.2661448592e-04. time = 3.7409544230e+01s. lr = 1.0000000000e-02. alpha = 0.0000000000e+00
Epoch 60: Loss = 7.7416479421e-04. time = 3.9660179377e+01s. lr = 1.0000000000e-02. alpha = 0.0000000000e+00
Epoch 70: Loss = 7.8296486037e-04. time = 3.7638360977e+01s. lr = 1.0000000000e-02. alpha = 0.0000000000e+00
Epoch 80: Loss = 5.2282636972e-04. time = 3.8825935841e+01s. lr = 1.0000000000e-02. alpha = 0.0000000000e+00
Epoch 90: Loss = 4.2944598903e-04. time = 3.9701878786e+01s. lr = 1.0000000000e-02. alpha = 0.0000000000e+00
Epoch 100: Loss = 7.4489703769e-04. time = 4.0016335964e+01s. lr = 1.0000000000e-02. alpha = 0.0000000000e+00
Epoch 110: Loss = 2.8636702421e-04. time = 4.0821617126e+01s. lr = 1.0000000000e-03. alpha = 0.0000000000e+00
Epoch 120: Loss = 2.6958460491e-04. time = 4.0400744677e+01s. lr = 1.0000000000e-03. alpha = 0.0000000000e+00
Epoch 130: Loss = 2.6711508774e-04. time = 3.9993969679e+01s. lr = 1.0000000000e-03. alpha = 0.0000000000e+00
Epoch 140: Loss = 2.4974505726e-04. time = 3.9545913458e+01s. lr = 1.0000000000e-03. alpha = 0.0000000000e+00
Epoch 150: Loss = 2.3940850140e-04. time = 3.9161968470e+01s. lr = 1.0000000000e-03. alpha = 0.0000000000e+00
Epoch 160: Loss = 2.4092989464e-04. time = 3.9613598347e+01s. lr = 1.0000000000e-03. alpha = 0.0000000000e+00
Epoch 170: Loss = 2.2962326804e-04. time = 4.0317843437e+01s. lr = 1.0000000000e-03. alpha = 0.0000000000e+00
Epoch 180: Loss = 2.1590019495e-04. time = 3.9939679384e+01s. lr = 1.0000000000e-03. alpha = 0.0000000000e+00
Epoch 190: Loss = 2.0524066887e-04. time = 3.9599270344e+01s. lr = 1.0000000000e-03. alpha = 0.0000000000e+00
Epoch 200: Loss = 2.0096561955e-04. time = 4.0790633202e+01s. lr = 1.0000000000e-03. alpha = 0.0000000000e+00
Epoch 210: Loss = 2.3436520512e-04. time = 3.9959670544e+01s. lr = 1.0000000000e-03. alpha = 0.0000000000e+00
Epoch 220: Loss = 1.8888189347e-04. time = 4.0513228893e+01s. lr = 1.0000000000e-03. alpha = 0.0000000000e+00
Epoch 230: Loss = 1.9557210127e-04. time = 4.1796422958e+01s. lr = 1.0000000000e-03. alpha = 0.0000000000e+00
Epoch 240: Loss = 1.7859118015e-04. time = 4.0673238993e+01s. lr = 1.0000000000e-03. alpha = 0.0000000000e+00
Epoch 250: Loss = 1.5675716682e-04. time = 4.2279591560e+01s. lr = 1.0000000000e-04. alpha = 0.0000000000e+00
Epoch 260: Loss = 1.5668427796e-04. time = 4.2257123709e+01s. lr = 1.0000000000e-04. alpha = 0.0000000000e+00
Epoch 270: Loss = 1.5543457878e-04. time = 4.2505670309e+01s. lr = 1.0000000000e-04. alpha = 0.0000000000e+00
Epoch 280: Loss = 1.5632159425e-04. time = 4.2147352695e+01s. lr = 1.0000000000e-04. alpha = 0.0000000000e+00
Epoch 290: Loss = 1.5337436902e-04. time = 4.2752263069e+01s. lr = 1.0000000000e-05. alpha = 0.0000000000e+00
Epoch 300: Loss = 1.5469604535e-04. time = 4.1950224876e+01s. lr = 1.0000000000e-05. alpha = 0.0000000000e+00
Epoch 310: Loss = 1.5258787238e-04. time = 4.1339284420e+01s. lr = 1.0000000000e-06. alpha = 0.0000000000e+00
Epoch 320: Loss = 1.5335992477e-04. time = 4.1579559565e+01s. lr = 1.0000000000e-07. alpha = 0.0000000000e+00
Epoch 330: Loss = 1.5245462366e-04. time = 4.1382733822e+01s. lr = 1.0000000000e-08. alpha = 0.0000000000e+00
Epoch 340: Loss = 1.5445698449e-04. time = 4.1492105961e+01s. lr = 1.0000000000e-08. alpha = 0.0000000000e+00
Epoch 350: Loss = 1.5462506786e-04. time = 4.1120055199e+01s. lr = 1.0000000000e-08. alpha = 0.0000000000e+00
Epoch 360: Loss = 1.5289863349e-04. time = 4.2702528954e+01s. lr = 1.0000000000e-08. alpha = 0.0000000000e+00
Epoch 370: Loss = 1.5240061950e-04. time = 4.2072635412e+01s. lr = 1.0000000000e-08. alpha = 0.0000000000e+00
Epoch 380: Loss = 1.5262038252e-04. time = 4.2954340696e+01s. lr = 1.0000000000e-08. alpha = 0.0000000000e+00
Epoch 390: Loss = 1.5384315887e-04. time = 4.2367000341e+01s. lr = 1.0000000000e-08. alpha = 0.0000000000e+00
Epoch 400: Loss = 1.5238892482e-04. time = 4.3231327534e+01s. lr = 1.0000000000e-08. alpha = 0.0000000000e+00
Epoch 410: Loss = 1.5199409334e-04. time = 4.4336213112e+01s. lr = 1.0000000000e-08. alpha = 0.0000000000e+00
Epoch 420: Loss = 1.5268723486e-04. time = 4.2984437227e+01s. lr = 1.0000000000e-08. alpha = 0.0000000000e+00
Epoch 430: Loss = 1.5299625290e-04. time = 4.2506285667e+01s. lr = 1.0000000000e-08. alpha = 0.0000000000e+00
Epoch 440: Loss = 1.5492763181e-04. time = 4.2927732706e+01s. lr = 1.0000000000e-08. alpha = 0.0000000000e+00
Epoch 450: Loss = 1.5892914171e-04. time = 4.3180208921e+01s. lr = 1.0000000000e-08. alpha = 0.0000000000e+00
Epoch 460: Loss = 1.5250362059e-04. time = 4.2442645550e+01s. lr = 1.0000000000e-08. alpha = 0.0000000000e+00
Epoch 470: Loss = 1.5250473434e-04. time = 4.2483758450e+01s. lr = 1.0000000000e-08. alpha = 0.0000000000e+00
Epoch 480: Loss = 1.5250658528e-04. time = 4.2940413713e+01s. lr = 1.0000000000e-08. alpha = 0.0000000000e+00
Epoch 490: Loss = 1.5412692396e-04. time = 4.2725412607e+01s. lr = 1.0000000000e-08. alpha = 0.0000000000e+00
Epoch 500: Loss = 1.5549883139e-04. time = 4.2342687607e+01s. lr = 1.0000000000e-08. alpha = 0.0000000000e+00
Epoch 510: Loss = 1.5445621650e-04. time = 4.2496906042e+01s. lr = 1.0000000000e-08. alpha = 0.0000000000e+00
Epoch 520: Loss = 1.5468543026e-04. time = 4.2776678324e+01s. lr = 1.0000000000e-08. alpha = 0.0000000000e+00
Epoch 530: Loss = 1.5283032142e-04. time = 4.1917678595e+01s. lr = 1.0000000000e-08. alpha = 0.0000000000e+00
Epoch 540: Loss = 1.5377079051e-04. time = 4.2503412008e+01s. lr = 1.0000000000e-08. alpha = 0.0000000000e+00
Epoch 550: Loss = 1.5282124619e-04. time = 4.2122055531e+01s. lr = 1.0000000000e-08. alpha = 0.0000000000e+00
Epoch 560: Loss = 1.5522495021e-04. time = 4.2404259443e+01s. lr = 1.0000000000e-08. alpha = 0.0000000000e+00
Epoch 570: Loss = 1.5354769182e-04. time = 4.2859136581e+01s. lr = 1.0000000000e-08. alpha = 0.0000000000e+00
Epoch 580: Loss = 1.5348838665e-04. time = 4.2231156111e+01s. lr = 1.0000000000e-08. alpha = 0.0000000000e+00
Epoch 590: Loss = 1.5444896195e-04. time = 4.1684322357e+01s. lr = 1.0000000000e-08. alpha = 0.0000000000e+00
Patience exceeded: 300. Early stoppage executed.
Training complete
Model/logs saved in: results/g_bounds/g_5_5
Finished experiment with g_min=-5 g_max=5
Starting experiment with g_min=-10 g_max=10
[Seed] Deterministic mode enabled (may reduce speed).
Training on: cpu
