Running with alpha=0.5
Epoch 0: Loss: 0.0000173363. time = 15.1779458523s. lr = 0.0100000000. alpha = 0.5000000000
Epoch 1: Loss: 0.0000234363. time = 17.8974230289s. lr = 0.0100000000. alpha = 0.5000000000
Epoch 2: Loss: 0.0000178616. time = 18.5161125660s. lr = 0.0100000000. alpha = 0.5000000000
Epoch 3: Loss: 0.0000129250. time = 16.7536015511s. lr = 0.0100000000. alpha = 0.5000000000
Epoch 4: Loss: 0.0000088738. time = 17.3588600159s. lr = 0.0100000000. alpha = 0.5000000000
Epoch 5: Loss: 0.0000129473. time = 17.7304768562s. lr = 0.0100000000. alpha = 0.5000000000
Epoch 10: Loss: 0.0000078321. time = 15.5035054684s. lr = 0.0100000000. alpha = 0.5000000000
Epoch 20: Loss: 0.0000087133. time = 18.2755723000s. lr = 0.0100000000. alpha = 0.5000000000
Epoch 30: Loss: 0.0000054481. time = 15.0280177593s. lr = 0.0100000000. alpha = 0.5000000000
Epoch 40: Loss: 0.0000016906. time = 16.3287222385s. lr = 0.0100000000. alpha = 0.5000000000
Epoch 50: Loss: 0.0000048549. time = 16.5657296181s. lr = 0.0010000000. alpha = 0.5000000000
Epoch 60: Loss: 0.0000031736. time = 16.3550381660s. lr = 0.0001000000. alpha = 0.5000000000
Epoch 70: Loss: 0.0000030451. time = 16.0669136047s. lr = 0.0000100000. alpha = 0.5000000000
Epoch 80: Loss: 0.0000030229. time = 16.0134391785s. lr = 0.0000010000. alpha = 0.5000000000
Epoch 90: Loss: 0.0000030205. time = 16.1289296150s. lr = 0.0000001000. alpha = 0.5000000000
Epoch 100: Loss: 0.0000030203. time = 16.1670114994s. lr = 0.0000000100. alpha = 0.5000000000
Epoch 110: Loss: 0.0000030203. time = 16.2991485596s. lr = 0.0000000100. alpha = 0.5000000000
Epoch 120: Loss: 0.0000030203. time = 16.2471325397s. lr = 0.0000000100. alpha = 0.5000000000
Epoch 130: Loss: 0.0000030203. time = 16.7230463028s. lr = 0.0000000100. alpha = 0.5000000000
Epoch 140: Loss: 0.0000030203. time = 16.1910548210s. lr = 0.0000000100. alpha = 0.5000000000
Epoch 150: Loss: 0.0000030203. time = 16.2390592098s. lr = 0.0000000100. alpha = 0.5000000000
Epoch 160: Loss: 0.0000030203. time = 16.3795745373s. lr = 0.0000000100. alpha = 0.5000000000
Epoch 170: Loss: 0.0000030203. time = 16.6954932213s. lr = 0.0000000100. alpha = 0.5000000000
Epoch 180: Loss: 0.0000030203. time = 15.6760766506s. lr = 0.0000000100. alpha = 0.5000000000
Epoch 190: Loss: 0.0000030203. time = 15.6989436150s. lr = 0.0000000100. alpha = 0.5000000000
Epoch 200: Loss: 0.0000030203. time = 16.0290215015s. lr = 0.0000000100. alpha = 0.5000000000
Epoch 210: Loss: 0.0000030203. time = 15.7118291855s. lr = 0.0000000100. alpha = 0.5000000000
Epoch 220: Loss: 0.0000030203. time = 15.6550087929s. lr = 0.0000000100. alpha = 0.5000000000
Epoch 230: Loss: 0.0000030203. time = 15.5829324722s. lr = 0.0000000100. alpha = 0.5000000000
Epoch 240: Loss: 0.0000030203. time = 15.7594678402s. lr = 0.0000000100. alpha = 0.5000000000
Epoch 250: Loss: 0.0000030203. time = 15.7596657276s. lr = 0.0000000100. alpha = 0.5000000000
Epoch 260: Loss: 0.0000030203. time = 15.5369467735s. lr = 0.0000000100. alpha = 0.5000000000
Epoch 270: Loss: 0.0000030203. time = 15.7921962738s. lr = 0.0000000100. alpha = 0.5000000000
Epoch 280: Loss: 0.0000030203. time = 15.8186185360s. lr = 0.0000000100. alpha = 0.5000000000
Epoch 290: Loss: 0.0000030203. time = 15.8686161041s. lr = 0.0000000100. alpha = 0.5000000000
Epoch 300: Loss: 0.0000030203. time = 15.7927510738s. lr = 0.0000000100. alpha = 0.5000000000
Epoch 310: Loss: 0.0000030203. time = 15.6093084812s. lr = 0.0000000100. alpha = 0.5000000000
Patience exceeded: 300. Early stoppage executed.
Training complete
Model/logs saved in: results/sequential_decay_runs/alpha_0.5
