Running with alpha=0.125
Epoch 0: Loss: 0.0009747865. time = 14.9933805466s. lr = 0.0100000000. alpha = 0.1250000000
Epoch 1: Loss: 0.0013322871. time = 17.8333091736s. lr = 0.0100000000. alpha = 0.1250000000
Epoch 2: Loss: 0.0014712598. time = 18.1098251343s. lr = 0.0100000000. alpha = 0.1250000000
Epoch 3: Loss: 0.0007756961. time = 17.3604605198s. lr = 0.0100000000. alpha = 0.1250000000
Epoch 4: Loss: 0.0003993283. time = 15.5812098980s. lr = 0.0100000000. alpha = 0.1250000000
Epoch 5: Loss: 0.0005461783. time = 15.2684566975s. lr = 0.0100000000. alpha = 0.1250000000
Epoch 10: Loss: 0.0004604885. time = 19.9433929920s. lr = 0.0100000000. alpha = 0.1250000000
Epoch 20: Loss: 0.0002367019. time = 19.3706619740s. lr = 0.0100000000. alpha = 0.1250000000
Epoch 30: Loss: 0.0000680914. time = 18.5794057846s. lr = 0.0100000000. alpha = 0.1250000000
Epoch 40: Loss: 0.0000222112. time = 17.0750603676s. lr = 0.0100000000. alpha = 0.1250000000
Epoch 50: Loss: 0.0000826384. time = 17.8490307331s. lr = 0.0100000000. alpha = 0.1250000000
Epoch 60: Loss: 0.0000384045. time = 18.1056594849s. lr = 0.0010000000. alpha = 0.1250000000
Epoch 70: Loss: 0.0000325947. time = 18.2096700668s. lr = 0.0001000000. alpha = 0.1250000000
Epoch 80: Loss: 0.0000319512. time = 17.9490046501s. lr = 0.0000100000. alpha = 0.1250000000
Epoch 90: Loss: 0.0000319092. time = 18.0251007080s. lr = 0.0000010000. alpha = 0.1250000000
Epoch 100: Loss: 0.0000319033. time = 18.0860772133s. lr = 0.0000001000. alpha = 0.1250000000
Epoch 110: Loss: 0.0000319027. time = 17.9008231163s. lr = 0.0000000100. alpha = 0.1250000000
Epoch 120: Loss: 0.0000319027. time = 16.9603068829s. lr = 0.0000000100. alpha = 0.1250000000
Epoch 130: Loss: 0.0000319026. time = 17.0271146297s. lr = 0.0000000100. alpha = 0.1250000000
Epoch 140: Loss: 0.0000319025. time = 16.9333975315s. lr = 0.0000000100. alpha = 0.1250000000
Epoch 150: Loss: 0.0000319026. time = 16.9716191292s. lr = 0.0000000100. alpha = 0.1250000000
Epoch 160: Loss: 0.0000319028. time = 17.0440289974s. lr = 0.0000000100. alpha = 0.1250000000
Epoch 170: Loss: 0.0000319027. time = 16.4821302891s. lr = 0.0000000100. alpha = 0.1250000000
Epoch 180: Loss: 0.0000319027. time = 16.4922194481s. lr = 0.0000000100. alpha = 0.1250000000
Epoch 190: Loss: 0.0000319027. time = 16.6448850632s. lr = 0.0000000100. alpha = 0.1250000000
Epoch 200: Loss: 0.0000319027. time = 16.6658174992s. lr = 0.0000000100. alpha = 0.1250000000
Epoch 210: Loss: 0.0000319028. time = 16.6446635723s. lr = 0.0000000100. alpha = 0.1250000000
Epoch 220: Loss: 0.0000319027. time = 16.8534979820s. lr = 0.0000000100. alpha = 0.1250000000
Epoch 230: Loss: 0.0000319026. time = 17.0280315876s. lr = 0.0000000100. alpha = 0.1250000000
Epoch 240: Loss: 0.0000319028. time = 16.7825894356s. lr = 0.0000000100. alpha = 0.1250000000
Epoch 250: Loss: 0.0000319027. time = 16.6229419708s. lr = 0.0000000100. alpha = 0.1250000000
Epoch 260: Loss: 0.0000319026. time = 16.6526865959s. lr = 0.0000000100. alpha = 0.1250000000
Epoch 270: Loss: 0.0000319025. time = 16.2910478115s. lr = 0.0000000100. alpha = 0.1250000000
Epoch 280: Loss: 0.0000319026. time = 16.4703457355s. lr = 0.0000000100. alpha = 0.1250000000
Epoch 290: Loss: 0.0000319025. time = 16.1584577560s. lr = 0.0000000100. alpha = 0.1250000000
Epoch 300: Loss: 0.0000319024. time = 16.3296618462s. lr = 0.0000000100. alpha = 0.1250000000
Epoch 310: Loss: 0.0000319025. time = 15.9979343414s. lr = 0.0000000100. alpha = 0.1250000000
Epoch 320: Loss: 0.0000319024. time = 16.3651623726s. lr = 0.0000000100. alpha = 0.1250000000
Epoch 330: Loss: 0.0000319023. time = 16.2382969856s. lr = 0.0000000100. alpha = 0.1250000000
Epoch 340: Loss: 0.0000319024. time = 16.2910983562s. lr = 0.0000000100. alpha = 0.1250000000
Patience exceeded: 300. Early stoppage executed.
Training complete
Model/logs saved in: results/sequential_decay_runs/alpha_0.125
