Using Python version:
Python 3.11.13
Using Conda environment: atscale
Starting experiment with decay_val=1.0
Epoch 0: Loss: 0.0022123925. time = 25.1283643246s. lr = 0.0100000000. alpha = 1.0000000000
Epoch 1: Loss: 0.0003145139. time = 15.5801074505s. lr = 0.0100000000. alpha = 1.0000000000
Epoch 2: Loss: 0.0003025138. time = 13.8428111076s. lr = 0.0100000000. alpha = 1.0000000000
Epoch 3: Loss: 0.0002993910. time = 13.1315615177s. lr = 0.0100000000. alpha = 1.0000000000
Epoch 4: Loss: 0.0002978416. time = 12.6222641468s. lr = 0.0100000000. alpha = 1.0000000000
Epoch 5: Loss: 0.0002968749. time = 12.3481540680s. lr = 0.0100000000. alpha = 1.0000000000
Epoch 10: Loss: 0.0002939120. time = 10.9432878494s. lr = 0.0100000000. alpha = 1.0000000000
Epoch 20: Loss: 0.0002921927. time = 9.0523276329s. lr = 0.0100000000. alpha = 1.0000000000
Epoch 30: Loss: 0.0002917747. time = 8.1738476753s. lr = 0.0100000000. alpha = 1.0000000000
Epoch 40: Loss: 0.0002916277. time = 7.4964039326s. lr = 0.0100000000. alpha = 1.0000000000
Epoch 50: Loss: 0.0002915722. time = 6.9880058765s. lr = 0.0100000000. alpha = 1.0000000000
Epoch 60: Loss: 0.0002915384. time = 6.5975446701s. lr = 0.0100000000. alpha = 1.0000000000
Epoch 70: Loss: 0.0002915309. time = 6.5927827358s. lr = 0.0010000000. alpha = 1.0000000000
Epoch 80: Loss: 0.0002915299. time = 6.6580932140s. lr = 0.0001000000. alpha = 1.0000000000
Epoch 90: Loss: 0.0002915297. time = 6.5558056831s. lr = 0.0000100000. alpha = 1.0000000000
Epoch 100: Loss: 0.0002915297. time = 6.6102325916s. lr = 0.0000010000. alpha = 1.0000000000
Epoch 110: Loss: 0.0002915297. time = 6.6081452370s. lr = 0.0000001000. alpha = 1.0000000000
Epoch 120: Loss: 0.0002915297. time = 6.6312243938s. lr = 0.0000000100. alpha = 1.0000000000
Epoch 130: Loss: 0.0002915297. time = 6.6167559624s. lr = 0.0000000100. alpha = 1.0000000000
Epoch 140: Loss: 0.0002915297. time = 6.7230997086s. lr = 0.0000000100. alpha = 1.0000000000
Epoch 150: Loss: 0.0002915297. time = 6.5890576839s. lr = 0.0000000100. alpha = 1.0000000000
Epoch 160: Loss: 0.0002915297. time = 6.6088969707s. lr = 0.0000000100. alpha = 1.0000000000
Epoch 170: Loss: 0.0002915297. time = 6.6210784912s. lr = 0.0000000100. alpha = 1.0000000000
Epoch 180: Loss: 0.0002915297. time = 6.6196439266s. lr = 0.0000000100. alpha = 1.0000000000
Epoch 190: Loss: 0.0002915297. time = 6.6251790524s. lr = 0.0000000100. alpha = 1.0000000000
Epoch 200: Loss: 0.0002915297. time = 6.6184062958s. lr = 0.0000000100. alpha = 1.0000000000
Epoch 210: Loss: 0.0002915297. time = 6.5931148529s. lr = 0.0000000100. alpha = 1.0000000000
Epoch 220: Loss: 0.0002915297. time = 6.5733687878s. lr = 0.0000000100. alpha = 1.0000000000
Epoch 230: Loss: 0.0002915297. time = 6.5738708973s. lr = 0.0000000100. alpha = 1.0000000000
Epoch 240: Loss: 0.0002915297. time = 6.5872552395s. lr = 0.0000000100. alpha = 1.0000000000
Epoch 250: Loss: 0.0002915297. time = 6.5888643265s. lr = 0.0000000100. alpha = 1.0000000000
Epoch 260: Loss: 0.0002915297. time = 6.5946125984s. lr = 0.0000000100. alpha = 1.0000000000
Epoch 270: Loss: 0.0002915297. time = 6.6109774113s. lr = 0.0000000100. alpha = 1.0000000000
Epoch 280: Loss: 0.0002915297. time = 6.6157846451s. lr = 0.0000000100. alpha = 1.0000000000
Epoch 290: Loss: 0.0002915297. time = 6.6638536453s. lr = 0.0000000100. alpha = 1.0000000000
Epoch 300: Loss: 0.0002915297. time = 6.5400483608s. lr = 0.0000000100. alpha = 1.0000000000
Epoch 310: Loss: 0.0002915297. time = 6.5384027958s. lr = 0.0000000100. alpha = 1.0000000000
Epoch 320: Loss: 0.0002915297. time = 6.5371534824s. lr = 0.0000000100. alpha = 1.0000000000
Epoch 330: Loss: 0.0002915297. time = 6.5555446148s. lr = 0.0000000100. alpha = 1.0000000000
Epoch 340: Loss: 0.0002915297. time = 6.5304250717s. lr = 0.0000000100. alpha = 1.0000000000
Patience exceeded: 300. Early stoppage executed.
Training complete
Model/logs saved in: results/benchmark/decay_1
Finished experiment with decay_val=1.0
All experiments finished.
