Using Python version:
Python 3.11.13
Using Conda environment: atscale
Starting experiment with decay_val=0.8
6.44569072482332 9.93441120446710
Epoch 0: Loss: 0.0022250560. time = 338.2760443687s. lr = 0.0100000000. alpha = 0.8000000000
Epoch 1: Loss: 0.0002064933. time = 352.5930125713s. lr = 0.0100000000. alpha = 0.8000000000
Epoch 2: Loss: 0.0001737653. time = 323.2221016884s. lr = 0.0100000000. alpha = 0.8000000000
Epoch 3: Loss: 0.0001671010. time = 295.6103255749s. lr = 0.0100000000. alpha = 0.8000000000
Epoch 4: Loss: 0.0001241918. time = 277.2300846577s. lr = 0.0100000000. alpha = 0.8000000000
Epoch 5: Loss: 0.0000868372. time = 266.2192695141s. lr = 0.0100000000. alpha = 0.8000000000
Epoch 10: Loss: 0.0000359575. time = 186.2407491207s. lr = 0.0100000000. alpha = 0.8000000000
Epoch 20: Loss: 0.0000234924. time = 190.1006236076s. lr = 0.0100000000. alpha = 0.8000000000
Epoch 30: Loss: 0.0000200677. time = 202.1705346107s. lr = 0.0100000000. alpha = 0.8000000000
Epoch 40: Loss: 0.0000201524. time = 202.4804892540s. lr = 0.0100000000. alpha = 0.8000000000
Epoch 50: Loss: 0.0000142576. time = 229.7359044552s. lr = 0.0100000000. alpha = 0.8000000000
Epoch 60: Loss: 0.0000161984. time = 200.7413589954s. lr = 0.0100000000. alpha = 0.8000000000
Epoch 70: Loss: 0.0000183493. time = 216.6529979706s. lr = 0.0100000000. alpha = 0.8000000000
Epoch 80: Loss: 0.0000092432. time = 208.5951600075s. lr = 0.0100000000. alpha = 0.8000000000
Epoch 90: Loss: 0.0000053086. time = 199.6257779598s. lr = 0.0010000000. alpha = 0.8000000000
Epoch 100: Loss: 0.0000046304. time = 196.0175585747s. lr = 0.0010000000. alpha = 0.8000000000
Epoch 110: Loss: 0.0000043904. time = 194.3552999496s. lr = 0.0010000000. alpha = 0.8000000000
Epoch 120: Loss: 0.0000036067. time = 224.1809847355s. lr = 0.0010000000. alpha = 0.8000000000
Epoch 130: Loss: 0.0000037200. time = 230.2569150925s. lr = 0.0010000000. alpha = 0.8000000000
Epoch 140: Loss: 0.0000041145. time = 226.0839056969s. lr = 0.0010000000. alpha = 0.8000000000
Epoch 150: Loss: 0.0000024647. time = 229.6077899933s. lr = 0.0010000000. alpha = 0.8000000000
Epoch 160: Loss: 0.0000024139. time = 228.4065992832s. lr = 0.0010000000. alpha = 0.8000000000
Epoch 170: Loss: 0.0000021410. time = 224.8127293587s. lr = 0.0010000000. alpha = 0.8000000000
Epoch 180: Loss: 0.0000022424. time = 229.4618458748s. lr = 0.0010000000. alpha = 0.8000000000
Epoch 190: Loss: 0.0000019432. time = 228.6929404736s. lr = 0.0010000000. alpha = 0.8000000000
Epoch 200: Loss: 0.0000018082. time = 239.3354918957s. lr = 0.0010000000. alpha = 0.8000000000
Epoch 210: Loss: 0.0000012811. time = 232.7736175060s. lr = 0.0001000000. alpha = 0.8000000000
Epoch 220: Loss: 0.0000012881. time = 206.5965681076s. lr = 0.0001000000. alpha = 0.8000000000
Epoch 230: Loss: 0.0000012349. time = 204.4624860287s. lr = 0.0001000000. alpha = 0.8000000000
Epoch 240: Loss: 0.0000012061. time = 206.6203689575s. lr = 0.0001000000. alpha = 0.8000000000
Epoch 250: Loss: 0.0000012195. time = 204.2063803673s. lr = 0.0000100000. alpha = 0.8000000000
Epoch 260: Loss: 0.0000011494. time = 204.4621787071s. lr = 0.0000100000. alpha = 0.8000000000
Epoch 270: Loss: 0.0000011480. time = 204.0573601723s. lr = 0.0000100000. alpha = 0.8000000000
Epoch 280: Loss: 0.0000011450. time = 204.6023614407s. lr = 0.0000100000. alpha = 0.8000000000
Epoch 290: Loss: 0.0000011387. time = 205.7184619904s. lr = 0.0000100000. alpha = 0.8000000000
Epoch 300: Loss: 0.0000011381. time = 204.7700753212s. lr = 0.0000100000. alpha = 0.8000000000
Epoch 310: Loss: 0.0000011373. time = 204.8871228695s. lr = 0.0000010000. alpha = 0.8000000000
Epoch 320: Loss: 0.0000011360. time = 204.5951445103s. lr = 0.0000010000. alpha = 0.8000000000
Epoch 330: Loss: 0.0000011350. time = 205.5433521271s. lr = 0.0000010000. alpha = 0.8000000000
Epoch 340: Loss: 0.0000011335. time = 203.6633665562s. lr = 0.0000010000. alpha = 0.8000000000
Epoch 350: Loss: 0.0000011324. time = 205.0888452530s. lr = 0.0000010000. alpha = 0.8000000000
Epoch 360: Loss: 0.0000011317. time = 232.4883174896s. lr = 0.0000010000. alpha = 0.8000000000
Epoch 370: Loss: 0.0000011313. time = 231.4053192139s. lr = 0.0000010000. alpha = 0.8000000000
Epoch 380: Loss: 0.0000011310. time = 231.9390554428s. lr = 0.0000010000. alpha = 0.8000000000
Epoch 390: Loss: 0.0000011309. time = 232.1105453968s. lr = 0.0000010000. alpha = 0.8000000000
Epoch 400: Loss: 0.0000011310. time = 231.6935594082s. lr = 0.0000010000. alpha = 0.8000000000
Epoch 410: Loss: 0.0000011310. time = 231.5307147503s. lr = 0.0000010000. alpha = 0.8000000000
Epoch 420: Loss: 0.0000011316. time = 230.9053173065s. lr = 0.0000001000. alpha = 0.8000000000
Epoch 430: Loss: 0.0000011316. time = 231.7529294491s. lr = 0.0000000100. alpha = 0.8000000000
Epoch 440: Loss: 0.0000011316. time = 230.6462602615s. lr = 0.0000000100. alpha = 0.8000000000
Epoch 450: Loss: 0.0000011316. time = 232.6453797817s. lr = 0.0000000100. alpha = 0.8000000000
Epoch 460: Loss: 0.0000011316. time = 232.9039287567s. lr = 0.0000000100. alpha = 0.8000000000
Epoch 470: Loss: 0.0000011316. time = 204.7431619167s. lr = 0.0000000100. alpha = 0.8000000000
Patience exceeded: 300. Early stoppage executed.
Training complete
Model/logs saved in: results/dense_k_runs/decay_08
Finished experiment with decay_val=0.8
All experiments finished.
