Using Python version:
Python 3.11.13
Using Conda environment: atscale
Starting experiment with batch_size=50
[Seed] Deterministic mode enabled (may reduce speed).
Training on: cpu
Epoch 0: Loss = 9.1507949680e-02. time = 1.9096497059e+01s. lr = 1.0000000000e-02. alpha = 0.0000000000e+00
Epoch 1: Loss = 3.2904639627e-02. time = 1.5464788914e+01s. lr = 1.0000000000e-02. alpha = 0.0000000000e+00
Epoch 2: Loss = 1.2649612395e-02. time = 1.5443768740e+01s. lr = 1.0000000000e-02. alpha = 0.0000000000e+00
Epoch 3: Loss = 8.0210783253e-03. time = 1.5011273623e+01s. lr = 1.0000000000e-02. alpha = 0.0000000000e+00
Epoch 4: Loss = 5.7734943394e-03. time = 1.4951987028e+01s. lr = 1.0000000000e-02. alpha = 0.0000000000e+00
Epoch 5: Loss = 4.6750500715e-03. time = 1.4857102871e+01s. lr = 1.0000000000e-02. alpha = 0.0000000000e+00
Epoch 10: Loss = 2.9670552484e-03. time = 1.4723190546e+01s. lr = 1.0000000000e-02. alpha = 0.0000000000e+00
Epoch 20: Loss = 1.7224401236e-03. time = 1.5387502909e+01s. lr = 1.0000000000e-02. alpha = 0.0000000000e+00
Epoch 30: Loss = 1.3543957246e-03. time = 1.5428206921e+01s. lr = 1.0000000000e-02. alpha = 0.0000000000e+00
Epoch 40: Loss = 1.3984275649e-03. time = 1.5638020754e+01s. lr = 1.0000000000e-02. alpha = 0.0000000000e+00
Epoch 50: Loss = 9.3813837240e-04. time = 1.5777143002e+01s. lr = 1.0000000000e-02. alpha = 0.0000000000e+00
Epoch 60: Loss = 1.6118182485e-03. time = 1.5786178112e+01s. lr = 1.0000000000e-02. alpha = 0.0000000000e+00
Epoch 70: Loss = 1.2843337143e-03. time = 1.5633813143e+01s. lr = 1.0000000000e-02. alpha = 0.0000000000e+00
Epoch 80: Loss = 6.2820780108e-04. time = 1.5510631561e+01s. lr = 1.0000000000e-02. alpha = 0.0000000000e+00
Epoch 90: Loss = 1.6673595312e-03. time = 1.5292080641e+01s. lr = 1.0000000000e-02. alpha = 0.0000000000e+00
Epoch 100: Loss = 5.8839170711e-04. time = 1.5418221474e+01s. lr = 1.0000000000e-03. alpha = 0.0000000000e+00
Epoch 110: Loss = 4.9456196804e-04. time = 1.5353794575e+01s. lr = 1.0000000000e-03. alpha = 0.0000000000e+00
Epoch 120: Loss = 4.7420626132e-04. time = 1.5738915682e+01s. lr = 1.0000000000e-03. alpha = 0.0000000000e+00
Epoch 130: Loss = 5.0307805983e-04. time = 1.5717784643e+01s. lr = 1.0000000000e-03. alpha = 0.0000000000e+00
Epoch 140: Loss = 4.5654619171e-04. time = 1.5078836203e+01s. lr = 1.0000000000e-03. alpha = 0.0000000000e+00
Epoch 150: Loss = 4.5216625107e-04. time = 1.5604512930e+01s. lr = 1.0000000000e-03. alpha = 0.0000000000e+00
Epoch 160: Loss = 4.8318172838e-04. time = 1.5462172270e+01s. lr = 1.0000000000e-03. alpha = 0.0000000000e+00
Epoch 170: Loss = 4.6637229389e-04. time = 1.5912966967e+01s. lr = 1.0000000000e-03. alpha = 0.0000000000e+00
Epoch 180: Loss = 4.2635697880e-04. time = 1.5228989601e+01s. lr = 1.0000000000e-03. alpha = 0.0000000000e+00
Epoch 190: Loss = 4.3918721577e-04. time = 1.5461540937e+01s. lr = 1.0000000000e-03. alpha = 0.0000000000e+00
Epoch 200: Loss = 4.3024764745e-04. time = 1.5763658285e+01s. lr = 1.0000000000e-03. alpha = 0.0000000000e+00
Epoch 210: Loss = 4.0160165850e-04. time = 1.5558151007e+01s. lr = 1.0000000000e-03. alpha = 0.0000000000e+00
Epoch 220: Loss = 4.3122972129e-04. time = 1.5464215755e+01s. lr = 1.0000000000e-03. alpha = 0.0000000000e+00
Epoch 230: Loss = 3.9118876489e-04. time = 1.5617084980e+01s. lr = 1.0000000000e-03. alpha = 0.0000000000e+00
Epoch 240: Loss = 3.7200135121e-04. time = 1.5685027838e+01s. lr = 1.0000000000e-04. alpha = 0.0000000000e+00
Epoch 250: Loss = 3.7368393345e-04. time = 1.5462355614e+01s. lr = 1.0000000000e-04. alpha = 0.0000000000e+00
Epoch 260: Loss = 3.7367593281e-04. time = 1.6220817327e+01s. lr = 1.0000000000e-05. alpha = 0.0000000000e+00
Epoch 270: Loss = 3.7831163666e-04. time = 1.5892244339e+01s. lr = 1.0000000000e-05. alpha = 0.0000000000e+00
Epoch 280: Loss = 3.7334104418e-04. time = 1.5702660799e+01s. lr = 1.0000000000e-06. alpha = 0.0000000000e+00
Epoch 290: Loss = 3.7300070482e-04. time = 1.5801659822e+01s. lr = 1.0000000000e-06. alpha = 0.0000000000e+00
Epoch 300: Loss = 3.8354345265e-04. time = 1.5607532024e+01s. lr = 1.0000000000e-07. alpha = 0.0000000000e+00
Epoch 310: Loss = 3.7192954665e-04. time = 1.5439455271e+01s. lr = 1.0000000000e-08. alpha = 0.0000000000e+00
Epoch 320: Loss = 3.8194181231e-04. time = 1.6315979242e+01s. lr = 1.0000000000e-08. alpha = 0.0000000000e+00
Epoch 330: Loss = 3.7665994023e-04. time = 1.5753233910e+01s. lr = 1.0000000000e-08. alpha = 0.0000000000e+00
Epoch 340: Loss = 3.7794147668e-04. time = 1.5715722799e+01s. lr = 1.0000000000e-08. alpha = 0.0000000000e+00
Epoch 350: Loss = 3.7828216446e-04. time = 1.6170516968e+01s. lr = 1.0000000000e-08. alpha = 0.0000000000e+00
Epoch 360: Loss = 3.6893862686e-04. time = 1.5681371927e+01s. lr = 1.0000000000e-08. alpha = 0.0000000000e+00
Epoch 370: Loss = 3.8311353668e-04. time = 1.5264196157e+01s. lr = 1.0000000000e-08. alpha = 0.0000000000e+00
Epoch 380: Loss = 3.7418095328e-04. time = 1.5756504297e+01s. lr = 1.0000000000e-08. alpha = 0.0000000000e+00
Epoch 390: Loss = 3.6995031114e-04. time = 1.5692564964e+01s. lr = 1.0000000000e-08. alpha = 0.0000000000e+00
Epoch 400: Loss = 3.7316576345e-04. time = 1.5665098667e+01s. lr = 1.0000000000e-08. alpha = 0.0000000000e+00
Epoch 410: Loss = 3.7606091521e-04. time = 1.5714231014e+01s. lr = 1.0000000000e-08. alpha = 0.0000000000e+00
Epoch 420: Loss = 3.7218792131e-04. time = 1.5760901213e+01s. lr = 1.0000000000e-08. alpha = 0.0000000000e+00
Epoch 430: Loss = 3.7146267756e-04. time = 1.5737035990e+01s. lr = 1.0000000000e-08. alpha = 0.0000000000e+00
Epoch 440: Loss = 3.7249980170e-04. time = 1.5449351072e+01s. lr = 1.0000000000e-08. alpha = 0.0000000000e+00
Epoch 450: Loss = 3.8528941056e-04. time = 1.5700626135e+01s. lr = 1.0000000000e-08. alpha = 0.0000000000e+00
Epoch 460: Loss = 3.7481455532e-04. time = 1.5679640770e+01s. lr = 1.0000000000e-08. alpha = 0.0000000000e+00
Epoch 470: Loss = 3.6896036992e-04. time = 1.5636105061e+01s. lr = 1.0000000000e-08. alpha = 0.0000000000e+00
Epoch 480: Loss = 3.7883335858e-04. time = 1.5294629574e+01s. lr = 1.0000000000e-08. alpha = 0.0000000000e+00
Epoch 490: Loss = 3.7446775324e-04. time = 1.5528801680e+01s. lr = 1.0000000000e-08. alpha = 0.0000000000e+00
Epoch 500: Loss = 3.7881362119e-04. time = 1.6084292173e+01s. lr = 1.0000000000e-08. alpha = 0.0000000000e+00
Epoch 510: Loss = 3.8372921574e-04. time = 1.5699277878e+01s. lr = 1.0000000000e-08. alpha = 0.0000000000e+00
Epoch 520: Loss = 3.7376796577e-04. time = 1.6018044472e+01s. lr = 1.0000000000e-08. alpha = 0.0000000000e+00
Epoch 530: Loss = 3.7051238801e-04. time = 1.5530099392e+01s. lr = 1.0000000000e-08. alpha = 0.0000000000e+00
Epoch 540: Loss = 3.7560776857e-04. time = 1.5800428629e+01s. lr = 1.0000000000e-08. alpha = 0.0000000000e+00
Epoch 550: Loss = 3.8154645008e-04. time = 1.5989597321e+01s. lr = 1.0000000000e-08. alpha = 0.0000000000e+00
Epoch 560: Loss = 3.8213684789e-04. time = 1.6053898335e+01s. lr = 1.0000000000e-08. alpha = 0.0000000000e+00
Epoch 570: Loss = 3.8037648192e-04. time = 1.6124518871e+01s. lr = 1.0000000000e-08. alpha = 0.0000000000e+00
Epoch 580: Loss = 3.7595121290e-04. time = 1.5489837170e+01s. lr = 1.0000000000e-08. alpha = 0.0000000000e+00
Epoch 590: Loss = 3.8392039382e-04. time = 1.5868826389e+01s. lr = 1.0000000000e-08. alpha = 0.0000000000e+00
Epoch 600: Loss = 3.8122506313e-04. time = 1.5788020372e+01s. lr = 1.0000000000e-08. alpha = 0.0000000000e+00
Epoch 610: Loss = 3.8649638050e-04. time = 1.5652179956e+01s. lr = 1.0000000000e-08. alpha = 0.0000000000e+00
Epoch 620: Loss = 3.7376787846e-04. time = 1.5731748104e+01s. lr = 1.0000000000e-08. alpha = 0.0000000000e+00
Epoch 630: Loss = 3.7694486590e-04. time = 1.5661739349e+01s. lr = 1.0000000000e-08. alpha = 0.0000000000e+00
Epoch 640: Loss = 3.8480914664e-04. time = 1.5543938398e+01s. lr = 1.0000000000e-08. alpha = 0.0000000000e+00
Patience exceeded: 300. Early stoppage executed.
Training complete
Model/logs saved in: results/mixing_tanks_batch_sweep/batch_50
Finished experiment with batch_size=50
Starting experiment with batch_size=100
[Seed] Deterministic mode enabled (may reduce speed).
Training on: cpu
Epoch 0: Loss = 9.9698563624e-02. time = 1.1162148476e+01s. lr = 1.0000000000e-02. alpha = 0.0000000000e+00
Epoch 1: Loss = 7.9721632000e-02. time = 8.1393215656e+00s. lr = 1.0000000000e-02. alpha = 0.0000000000e+00
Epoch 2: Loss = 5.3422413042e-02. time = 8.1683237553e+00s. lr = 1.0000000000e-02. alpha = 0.0000000000e+00
Epoch 3: Loss = 2.0084451832e-02. time = 8.1007845402e+00s. lr = 1.0000000000e-02. alpha = 0.0000000000e+00
Epoch 4: Loss = 1.3447299367e-02. time = 8.3211407661e+00s. lr = 1.0000000000e-02. alpha = 0.0000000000e+00
Epoch 5: Loss = 1.1365453402e-02. time = 8.3543369770e+00s. lr = 1.0000000000e-02. alpha = 0.0000000000e+00
Epoch 10: Loss = 5.1501195671e-03. time = 8.2463457584e+00s. lr = 1.0000000000e-02. alpha = 0.0000000000e+00
Epoch 20: Loss = 3.3825715331e-03. time = 8.0750081539e+00s. lr = 1.0000000000e-02. alpha = 0.0000000000e+00
Epoch 30: Loss = 2.3495175556e-03. time = 8.1212940216e+00s. lr = 1.0000000000e-02. alpha = 0.0000000000e+00
Epoch 40: Loss = 1.9063922098e-03. time = 8.5163848400e+00s. lr = 1.0000000000e-02. alpha = 0.0000000000e+00
Epoch 50: Loss = 1.6806895858e-03. time = 8.5904762745e+00s. lr = 1.0000000000e-02. alpha = 0.0000000000e+00
Epoch 60: Loss = 2.5450775283e-03. time = 8.7446076870e+00s. lr = 1.0000000000e-02. alpha = 0.0000000000e+00
Epoch 70: Loss = 2.0082885393e-03. time = 8.5984013081e+00s. lr = 1.0000000000e-02. alpha = 0.0000000000e+00
Epoch 80: Loss = 1.6330693519e-03. time = 8.6161794662e+00s. lr = 1.0000000000e-02. alpha = 0.0000000000e+00
Epoch 90: Loss = 1.3306021639e-03. time = 8.6644585133e+00s. lr = 1.0000000000e-02. alpha = 0.0000000000e+00
Epoch 100: Loss = 1.2522562368e-03. time = 8.8825759888e+00s. lr = 1.0000000000e-02. alpha = 0.0000000000e+00
Epoch 110: Loss = 9.9614773191e-04. time = 8.6867382526e+00s. lr = 1.0000000000e-02. alpha = 0.0000000000e+00
Epoch 120: Loss = 1.0492022524e-03. time = 8.7799065113e+00s. lr = 1.0000000000e-03. alpha = 0.0000000000e+00
Epoch 130: Loss = 8.9383441243e-04. time = 8.8395121098e+00s. lr = 1.0000000000e-03. alpha = 0.0000000000e+00
Epoch 140: Loss = 8.6014402849e-04. time = 8.5901615620e+00s. lr = 1.0000000000e-04. alpha = 0.0000000000e+00
Epoch 150: Loss = 8.5075642629e-04. time = 8.7517395020e+00s. lr = 1.0000000000e-04. alpha = 0.0000000000e+00
Epoch 160: Loss = 9.0750637011e-04. time = 8.8847596645e+00s. lr = 1.0000000000e-05. alpha = 0.0000000000e+00
Epoch 170: Loss = 8.8493188701e-04. time = 8.7309377193e+00s. lr = 1.0000000000e-05. alpha = 0.0000000000e+00
Epoch 180: Loss = 8.4146795820e-04. time = 8.8183274269e+00s. lr = 1.0000000000e-06. alpha = 0.0000000000e+00
Epoch 190: Loss = 8.2168244262e-04. time = 8.6733477116e+00s. lr = 1.0000000000e-07. alpha = 0.0000000000e+00
Epoch 200: Loss = 1.0172314230e-03. time = 8.8663268089e+00s. lr = 1.0000000000e-08. alpha = 0.0000000000e+00
Epoch 210: Loss = 8.2929904521e-04. time = 8.9900097847e+00s. lr = 1.0000000000e-08. alpha = 0.0000000000e+00
Epoch 220: Loss = 8.9095939701e-04. time = 8.8260037899e+00s. lr = 1.0000000000e-08. alpha = 0.0000000000e+00
Epoch 230: Loss = 8.1771017560e-04. time = 8.6702635288e+00s. lr = 1.0000000000e-08. alpha = 0.0000000000e+00
Epoch 240: Loss = 8.1823923554e-04. time = 8.8531382084e+00s. lr = 1.0000000000e-08. alpha = 0.0000000000e+00
Epoch 250: Loss = 8.8510941714e-04. time = 8.6520097256e+00s. lr = 1.0000000000e-08. alpha = 0.0000000000e+00
Epoch 260: Loss = 8.4021709174e-04. time = 8.6036601067e+00s. lr = 1.0000000000e-08. alpha = 0.0000000000e+00
Epoch 270: Loss = 8.7513043804e-04. time = 8.6796381474e+00s. lr = 1.0000000000e-08. alpha = 0.0000000000e+00
Epoch 280: Loss = 8.3392272548e-04. time = 8.8173041344e+00s. lr = 1.0000000000e-08. alpha = 0.0000000000e+00
Epoch 290: Loss = 8.3962119081e-04. time = 8.5840687752e+00s. lr = 1.0000000000e-08. alpha = 0.0000000000e+00
Epoch 300: Loss = 8.5478052885e-04. time = 8.5685105324e+00s. lr = 1.0000000000e-08. alpha = 0.0000000000e+00
Epoch 310: Loss = 8.2323791867e-04. time = 8.5843086243e+00s. lr = 1.0000000000e-08. alpha = 0.0000000000e+00
Epoch 320: Loss = 8.4292939088e-04. time = 8.7041943073e+00s. lr = 1.0000000000e-08. alpha = 0.0000000000e+00
Epoch 330: Loss = 8.6215289452e-04. time = 8.8107259274e+00s. lr = 1.0000000000e-08. alpha = 0.0000000000e+00
Epoch 340: Loss = 8.5862251257e-04. time = 8.9428274632e+00s. lr = 1.0000000000e-08. alpha = 0.0000000000e+00
Epoch 350: Loss = 8.5220245657e-04. time = 8.6033287048e+00s. lr = 1.0000000000e-08. alpha = 0.0000000000e+00
Epoch 360: Loss = 8.1721652370e-04. time = 8.6775782108e+00s. lr = 1.0000000000e-08. alpha = 0.0000000000e+00
Epoch 370: Loss = 9.5069679406e-04. time = 8.7257449627e+00s. lr = 1.0000000000e-08. alpha = 0.0000000000e+00
Epoch 380: Loss = 8.3039856529e-04. time = 8.6771776676e+00s. lr = 1.0000000000e-08. alpha = 0.0000000000e+00
Epoch 390: Loss = 8.6755175532e-04. time = 8.7738974094e+00s. lr = 1.0000000000e-08. alpha = 0.0000000000e+00
Epoch 400: Loss = 8.5116323963e-04. time = 8.8726196289e+00s. lr = 1.0000000000e-08. alpha = 0.0000000000e+00
Epoch 410: Loss = 8.1162184526e-04. time = 8.8111557961e+00s. lr = 1.0000000000e-08. alpha = 0.0000000000e+00
Epoch 420: Loss = 8.6064440095e-04. time = 8.7345778942e+00s. lr = 1.0000000000e-08. alpha = 0.0000000000e+00
Epoch 430: Loss = 8.6344057086e-04. time = 8.6261639595e+00s. lr = 1.0000000000e-08. alpha = 0.0000000000e+00
Epoch 440: Loss = 8.2342894166e-04. time = 8.6414990425e+00s. lr = 1.0000000000e-08. alpha = 0.0000000000e+00
Epoch 450: Loss = 9.2869858296e-04. time = 8.8297557831e+00s. lr = 1.0000000000e-08. alpha = 0.0000000000e+00
Epoch 460: Loss = 8.3315393810e-04. time = 8.5011494160e+00s. lr = 1.0000000000e-08. alpha = 0.0000000000e+00
Epoch 470: Loss = 8.3805583805e-04. time = 8.9802036285e+00s. lr = 1.0000000000e-08. alpha = 0.0000000000e+00
Epoch 480: Loss = 8.3340894101e-04. time = 8.6741619110e+00s. lr = 1.0000000000e-08. alpha = 0.0000000000e+00
Epoch 490: Loss = 8.8477233658e-04. time = 8.7175614834e+00s. lr = 1.0000000000e-08. alpha = 0.0000000000e+00
Epoch 500: Loss = 8.5737537787e-04. time = 8.8647367954e+00s. lr = 1.0000000000e-08. alpha = 0.0000000000e+00
Epoch 510: Loss = 8.7486989731e-04. time = 8.7900843620e+00s. lr = 1.0000000000e-08. alpha = 0.0000000000e+00
Epoch 520: Loss = 8.7782222545e-04. time = 8.5962934494e+00s. lr = 1.0000000000e-08. alpha = 0.0000000000e+00
Epoch 530: Loss = 8.2202976612e-04. time = 8.7622852325e+00s. lr = 1.0000000000e-08. alpha = 0.0000000000e+00
Epoch 540: Loss = 8.9541223133e-04. time = 8.7834506035e+00s. lr = 1.0000000000e-08. alpha = 0.0000000000e+00
Epoch 550: Loss = 9.3394148280e-04. time = 8.9140672684e+00s. lr = 1.0000000000e-08. alpha = 0.0000000000e+00
Epoch 560: Loss = 8.3909325056e-04. time = 8.6069822311e+00s. lr = 1.0000000000e-08. alpha = 0.0000000000e+00
Epoch 570: Loss = 8.5098760448e-04. time = 8.9439728260e+00s. lr = 1.0000000000e-08. alpha = 0.0000000000e+00
Epoch 580: Loss = 8.5715980256e-04. time = 8.8185734749e+00s. lr = 1.0000000000e-08. alpha = 0.0000000000e+00
Epoch 590: Loss = 8.6095116826e-04. time = 8.7544095516e+00s. lr = 1.0000000000e-08. alpha = 0.0000000000e+00
Epoch 600: Loss = 8.2072886612e-04. time = 8.7954676151e+00s. lr = 1.0000000000e-08. alpha = 0.0000000000e+00
Epoch 610: Loss = 8.9074303267e-04. time = 8.4827940464e+00s. lr = 1.0000000000e-08. alpha = 0.0000000000e+00
Epoch 620: Loss = 8.7782308239e-04. time = 8.7933325768e+00s. lr = 1.0000000000e-08. alpha = 0.0000000000e+00
Epoch 630: Loss = 8.7395617286e-04. time = 8.7845678329e+00s. lr = 1.0000000000e-08. alpha = 0.0000000000e+00
Epoch 640: Loss = 8.4736541289e-04. time = 8.8482658863e+00s. lr = 1.0000000000e-08. alpha = 0.0000000000e+00
Patience exceeded: 300. Early stoppage executed.
Training complete
Model/logs saved in: results/mixing_tanks_batch_sweep/batch_100
Finished experiment with batch_size=100
Starting experiment with batch_size=150
[Seed] Deterministic mode enabled (may reduce speed).
Training on: cpu
Epoch 0: Loss = 1.0674108006e-01. time = 8.8975365162e+00s. lr = 1.0000000000e-02. alpha = 0.0000000000e+00
Epoch 1: Loss = 9.2171128839e-02. time = 6.4079389572e+00s. lr = 1.0000000000e-02. alpha = 0.0000000000e+00
Epoch 2: Loss = 7.5799434135e-02. time = 5.8223972321e+00s. lr = 1.0000000000e-02. alpha = 0.0000000000e+00
Epoch 3: Loss = 4.7244043245e-02. time = 5.9145689011e+00s. lr = 1.0000000000e-02. alpha = 0.0000000000e+00
Epoch 4: Loss = 2.1635939057e-02. time = 6.0908710957e+00s. lr = 1.0000000000e-02. alpha = 0.0000000000e+00
Epoch 5: Loss = 1.4406081755e-02. time = 6.0591518879e+00s. lr = 1.0000000000e-02. alpha = 0.0000000000e+00
Epoch 10: Loss = 4.7681764700e-03. time = 6.0156743526e+00s. lr = 1.0000000000e-02. alpha = 0.0000000000e+00
Epoch 20: Loss = 3.0199735387e-03. time = 5.8667907715e+00s. lr = 1.0000000000e-02. alpha = 0.0000000000e+00
Epoch 30: Loss = 2.0772406133e-03. time = 5.8781349659e+00s. lr = 1.0000000000e-02. alpha = 0.0000000000e+00
Epoch 40: Loss = 1.9202259233e-03. time = 6.2013535500e+00s. lr = 1.0000000000e-02. alpha = 0.0000000000e+00
Epoch 50: Loss = 1.4743292607e-03. time = 6.3417925835e+00s. lr = 1.0000000000e-02. alpha = 0.0000000000e+00
Epoch 60: Loss = 1.5760198391e-03. time = 6.3840668201e+00s. lr = 1.0000000000e-02. alpha = 0.0000000000e+00
Epoch 70: Loss = 1.2745014586e-03. time = 6.4375364780e+00s. lr = 1.0000000000e-02. alpha = 0.0000000000e+00
Epoch 80: Loss = 1.1486573106e-03. time = 6.6640098095e+00s. lr = 1.0000000000e-02. alpha = 0.0000000000e+00
Epoch 90: Loss = 9.5989541054e-04. time = 6.6927235126e+00s. lr = 1.0000000000e-02. alpha = 0.0000000000e+00
Epoch 100: Loss = 8.2791597621e-04. time = 6.4845702648e+00s. lr = 1.0000000000e-02. alpha = 0.0000000000e+00
Epoch 110: Loss = 8.4992428795e-04. time = 6.3223445415e+00s. lr = 1.0000000000e-02. alpha = 0.0000000000e+00
Epoch 120: Loss = 6.3849341920e-04. time = 6.5098085403e+00s. lr = 1.0000000000e-02. alpha = 0.0000000000e+00
Epoch 130: Loss = 6.5703171034e-04. time = 6.4258172512e+00s. lr = 1.0000000000e-02. alpha = 0.0000000000e+00
Epoch 140: Loss = 5.8038521092e-04. time = 6.3794541359e+00s. lr = 1.0000000000e-02. alpha = 0.0000000000e+00
Epoch 150: Loss = 5.5917625044e-04. time = 6.4686002731e+00s. lr = 1.0000000000e-02. alpha = 0.0000000000e+00
Epoch 160: Loss = 5.6601810017e-04. time = 6.5640137196e+00s. lr = 1.0000000000e-02. alpha = 0.0000000000e+00
Epoch 170: Loss = 5.5779836111e-04. time = 6.5464234352e+00s. lr = 1.0000000000e-02. alpha = 0.0000000000e+00
Epoch 180: Loss = 6.0162489050e-04. time = 6.3596642017e+00s. lr = 1.0000000000e-02. alpha = 0.0000000000e+00
Epoch 190: Loss = 4.8365953747e-04. time = 6.3043010235e+00s. lr = 1.0000000000e-03. alpha = 0.0000000000e+00
Epoch 200: Loss = 4.7847543465e-04. time = 6.5188317299e+00s. lr = 1.0000000000e-03. alpha = 0.0000000000e+00
Epoch 210: Loss = 4.7691632547e-04. time = 6.4434289932e+00s. lr = 1.0000000000e-03. alpha = 0.0000000000e+00
Epoch 220: Loss = 4.7609106453e-04. time = 6.4176583290e+00s. lr = 1.0000000000e-03. alpha = 0.0000000000e+00
Epoch 230: Loss = 4.7705120232e-04. time = 6.3704044819e+00s. lr = 1.0000000000e-03. alpha = 0.0000000000e+00
Epoch 240: Loss = 4.6929631935e-04. time = 6.4605216980e+00s. lr = 1.0000000000e-03. alpha = 0.0000000000e+00
Epoch 250: Loss = 4.7647176931e-04. time = 6.5843608379e+00s. lr = 1.0000000000e-03. alpha = 0.0000000000e+00
Epoch 260: Loss = 4.6480278494e-04. time = 6.2747488022e+00s. lr = 1.0000000000e-03. alpha = 0.0000000000e+00
Epoch 270: Loss = 4.7135631030e-04. time = 6.3443586826e+00s. lr = 1.0000000000e-03. alpha = 0.0000000000e+00
Epoch 280: Loss = 4.5646574775e-04. time = 6.4681708813e+00s. lr = 1.0000000000e-04. alpha = 0.0000000000e+00
Epoch 290: Loss = 4.5485974503e-04. time = 6.5347025394e+00s. lr = 1.0000000000e-04. alpha = 0.0000000000e+00
Epoch 300: Loss = 4.5942983949e-04. time = 6.9125249386e+00s. lr = 1.0000000000e-04. alpha = 0.0000000000e+00
Epoch 310: Loss = 4.5649149009e-04. time = 6.3842945099e+00s. lr = 1.0000000000e-05. alpha = 0.0000000000e+00
Epoch 320: Loss = 4.5780621682e-04. time = 6.4075968266e+00s. lr = 1.0000000000e-06. alpha = 0.0000000000e+00
Epoch 330: Loss = 4.5927876636e-04. time = 6.4334266186e+00s. lr = 1.0000000000e-07. alpha = 0.0000000000e+00
Epoch 340: Loss = 4.5789810004e-04. time = 6.5063967705e+00s. lr = 1.0000000000e-08. alpha = 0.0000000000e+00
Epoch 350: Loss = 4.5582763414e-04. time = 6.4706859589e+00s. lr = 1.0000000000e-08. alpha = 0.0000000000e+00
Epoch 360: Loss = 4.5569840586e-04. time = 6.4131476879e+00s. lr = 1.0000000000e-08. alpha = 0.0000000000e+00
Epoch 370: Loss = 4.6029566632e-04. time = 6.3839507103e+00s. lr = 1.0000000000e-08. alpha = 0.0000000000e+00
Epoch 380: Loss = 4.5662665798e-04. time = 6.3854136467e+00s. lr = 1.0000000000e-08. alpha = 0.0000000000e+00
Epoch 390: Loss = 4.5388373352e-04. time = 6.4581205845e+00s. lr = 1.0000000000e-08. alpha = 0.0000000000e+00
Epoch 400: Loss = 4.5746569473e-04. time = 6.4603915215e+00s. lr = 1.0000000000e-08. alpha = 0.0000000000e+00
Epoch 410: Loss = 4.6220536509e-04. time = 6.1124663353e+00s. lr = 1.0000000000e-08. alpha = 0.0000000000e+00
Epoch 420: Loss = 4.5279472639e-04. time = 6.1196539402e+00s. lr = 1.0000000000e-08. alpha = 0.0000000000e+00
Epoch 430: Loss = 4.6010383570e-04. time = 6.0930130482e+00s. lr = 1.0000000000e-08. alpha = 0.0000000000e+00
Epoch 440: Loss = 4.5688518730e-04. time = 6.2466149330e+00s. lr = 1.0000000000e-08. alpha = 0.0000000000e+00
Epoch 450: Loss = 4.5795660117e-04. time = 6.3085453510e+00s. lr = 1.0000000000e-08. alpha = 0.0000000000e+00
Epoch 460: Loss = 4.5680814947e-04. time = 6.1765820980e+00s. lr = 1.0000000000e-08. alpha = 0.0000000000e+00
Epoch 470: Loss = 4.5837785729e-04. time = 6.2772130966e+00s. lr = 1.0000000000e-08. alpha = 0.0000000000e+00
Epoch 480: Loss = 4.5691398554e-04. time = 6.3243350983e+00s. lr = 1.0000000000e-08. alpha = 0.0000000000e+00
Epoch 490: Loss = 4.5940050768e-04. time = 6.2844722271e+00s. lr = 1.0000000000e-08. alpha = 0.0000000000e+00
Epoch 500: Loss = 4.5363897273e-04. time = 6.3882117271e+00s. lr = 1.0000000000e-08. alpha = 0.0000000000e+00
Epoch 510: Loss = 4.6236521302e-04. time = 6.2981517315e+00s. lr = 1.0000000000e-08. alpha = 0.0000000000e+00
Epoch 520: Loss = 4.6436889049e-04. time = 6.1999301910e+00s. lr = 1.0000000000e-08. alpha = 0.0000000000e+00
Epoch 530: Loss = 4.5792079860e-04. time = 6.2327919006e+00s. lr = 1.0000000000e-08. alpha = 0.0000000000e+00
Epoch 540: Loss = 4.5630761451e-04. time = 6.3222284317e+00s. lr = 1.0000000000e-08. alpha = 0.0000000000e+00
Epoch 550: Loss = 4.5921882702e-04. time = 6.0975728035e+00s. lr = 1.0000000000e-08. alpha = 0.0000000000e+00
Epoch 560: Loss = 4.5940767935e-04. time = 6.3641247749e+00s. lr = 1.0000000000e-08. alpha = 0.0000000000e+00
Epoch 570: Loss = 4.6073465880e-04. time = 6.3740115166e+00s. lr = 1.0000000000e-08. alpha = 0.0000000000e+00
Epoch 580: Loss = 4.5765413961e-04. time = 6.5838453770e+00s. lr = 1.0000000000e-08. alpha = 0.0000000000e+00
Epoch 590: Loss = 4.5943705724e-04. time = 6.5754954815e+00s. lr = 1.0000000000e-08. alpha = 0.0000000000e+00
Epoch 600: Loss = 4.6040921734e-04. time = 6.4722983837e+00s. lr = 1.0000000000e-08. alpha = 0.0000000000e+00
Epoch 610: Loss = 4.5901403064e-04. time = 6.4791007042e+00s. lr = 1.0000000000e-08. alpha = 0.0000000000e+00
Epoch 620: Loss = 4.5520752368e-04. time = 6.4549496174e+00s. lr = 1.0000000000e-08. alpha = 0.0000000000e+00
Epoch 630: Loss = 4.5609412822e-04. time = 6.3190550804e+00s. lr = 1.0000000000e-08. alpha = 0.0000000000e+00
Epoch 640: Loss = 4.5995882586e-04. time = 6.5510456562e+00s. lr = 1.0000000000e-08. alpha = 0.0000000000e+00
Epoch 650: Loss = 4.6014842762e-04. time = 6.4770977497e+00s. lr = 1.0000000000e-08. alpha = 0.0000000000e+00
Epoch 660: Loss = 4.5744526384e-04. time = 6.5398516655e+00s. lr = 1.0000000000e-08. alpha = 0.0000000000e+00
Epoch 670: Loss = 4.5787065028e-04. time = 6.5528032780e+00s. lr = 1.0000000000e-08. alpha = 0.0000000000e+00
Epoch 680: Loss = 4.6188942118e-04. time = 6.5653994083e+00s. lr = 1.0000000000e-08. alpha = 0.0000000000e+00
Epoch 690: Loss = 4.5619651792e-04. time = 6.4437747002e+00s. lr = 1.0000000000e-08. alpha = 0.0000000000e+00
Epoch 700: Loss = 4.5835879428e-04. time = 6.4347586632e+00s. lr = 1.0000000000e-08. alpha = 0.0000000000e+00
Epoch 710: Loss = 4.5693531380e-04. time = 6.3746545315e+00s. lr = 1.0000000000e-08. alpha = 0.0000000000e+00
Epoch 720: Loss = 4.5971922858e-04. time = 6.3091259003e+00s. lr = 1.0000000000e-08. alpha = 0.0000000000e+00
Patience exceeded: 300. Early stoppage executed.
Training complete
Model/logs saved in: results/mixing_tanks_batch_sweep/batch_150
Finished experiment with batch_size=150
All experiments finished.
