Using Python version:
Python 3.11.13
Using Conda environment: atscale
Starting experiment with t_max=25
[Seed] Deterministic mode enabled (may reduce speed).
Training on: cpu
Epoch 0: Loss = 7.0823766630e-02. time = 6.6427488327e+00s. lr = 1.0000000000e-02. alpha = 0.0000000000e+00
Epoch 1: Loss = 5.2151903171e-02. time = 3.8673329353e+00s. lr = 1.0000000000e-02. alpha = 0.0000000000e+00
Epoch 2: Loss = 3.0738248236e-02. time = 3.3892991543e+00s. lr = 1.0000000000e-02. alpha = 0.0000000000e+00
Epoch 3: Loss = 2.7904323726e-02. time = 3.3580019474e+00s. lr = 1.0000000000e-02. alpha = 0.0000000000e+00
Epoch 4: Loss = 2.3634580557e-02. time = 3.5275759697e+00s. lr = 1.0000000000e-02. alpha = 0.0000000000e+00
Epoch 5: Loss = 1.8533244306e-02. time = 3.3867783546e+00s. lr = 1.0000000000e-02. alpha = 0.0000000000e+00
Epoch 10: Loss = 5.4490874437e-03. time = 3.0790386200e+00s. lr = 1.0000000000e-02. alpha = 0.0000000000e+00
Epoch 20: Loss = 1.8111751203e-03. time = 2.7973289490e+00s. lr = 1.0000000000e-02. alpha = 0.0000000000e+00
Epoch 30: Loss = 1.4768557581e-03. time = 2.8218574524e+00s. lr = 1.0000000000e-02. alpha = 0.0000000000e+00
Epoch 40: Loss = 1.3539432548e-03. time = 2.9433300495e+00s. lr = 1.0000000000e-02. alpha = 0.0000000000e+00
Epoch 50: Loss = 1.2546160936e-03. time = 2.8641879559e+00s. lr = 1.0000000000e-02. alpha = 0.0000000000e+00
Epoch 60: Loss = 1.0677341118e-03. time = 3.0717525482e+00s. lr = 1.0000000000e-02. alpha = 0.0000000000e+00
Epoch 70: Loss = 9.0001039313e-04. time = 2.9471468925e+00s. lr = 1.0000000000e-02. alpha = 0.0000000000e+00
Epoch 80: Loss = 8.8131992908e-04. time = 3.1149635315e+00s. lr = 1.0000000000e-02. alpha = 0.0000000000e+00
Epoch 90: Loss = 8.3262605106e-04. time = 3.1686809063e+00s. lr = 1.0000000000e-02. alpha = 0.0000000000e+00
Epoch 100: Loss = 8.4258350332e-04. time = 3.1146931648e+00s. lr = 1.0000000000e-02. alpha = 0.0000000000e+00
Epoch 110: Loss = 7.7216870638e-04. time = 2.9398796558e+00s. lr = 1.0000000000e-02. alpha = 0.0000000000e+00
Epoch 120: Loss = 7.0086936466e-04. time = 3.0674719810e+00s. lr = 1.0000000000e-02. alpha = 0.0000000000e+00
Epoch 130: Loss = 7.0434480122e-04. time = 3.0025773048e+00s. lr = 1.0000000000e-02. alpha = 0.0000000000e+00
Epoch 140: Loss = 6.4030495493e-04. time = 3.1613121033e+00s. lr = 1.0000000000e-02. alpha = 0.0000000000e+00
Epoch 150: Loss = 6.3424924685e-04. time = 2.9930496216e+00s. lr = 1.0000000000e-02. alpha = 0.0000000000e+00
Epoch 160: Loss = 5.5770857249e-04. time = 2.9680247307e+00s. lr = 1.0000000000e-02. alpha = 0.0000000000e+00
Epoch 170: Loss = 5.2281261147e-04. time = 2.9785275459e+00s. lr = 1.0000000000e-02. alpha = 0.0000000000e+00
Epoch 180: Loss = 5.4145894352e-04. time = 2.9157867432e+00s. lr = 1.0000000000e-02. alpha = 0.0000000000e+00
Epoch 190: Loss = 4.5750590983e-04. time = 3.0501024723e+00s. lr = 1.0000000000e-02. alpha = 0.0000000000e+00
Epoch 200: Loss = 4.0560477646e-04. time = 3.0618469715e+00s. lr = 1.0000000000e-02. alpha = 0.0000000000e+00
Epoch 210: Loss = 3.7818599693e-04. time = 3.0970609188e+00s. lr = 1.0000000000e-02. alpha = 0.0000000000e+00
Epoch 220: Loss = 4.1566725386e-04. time = 3.1688539982e+00s. lr = 1.0000000000e-03. alpha = 0.0000000000e+00
Epoch 230: Loss = 3.3735485208e-04. time = 3.1825249195e+00s. lr = 1.0000000000e-03. alpha = 0.0000000000e+00
Epoch 240: Loss = 3.3914331421e-04. time = 3.1838622093e+00s. lr = 1.0000000000e-03. alpha = 0.0000000000e+00
Epoch 250: Loss = 3.3867833554e-04. time = 3.0666594505e+00s. lr = 1.0000000000e-03. alpha = 0.0000000000e+00
Epoch 260: Loss = 3.3205984933e-04. time = 3.2626860142e+00s. lr = 1.0000000000e-04. alpha = 0.0000000000e+00
Epoch 270: Loss = 3.2950327890e-04. time = 3.1565003395e+00s. lr = 1.0000000000e-04. alpha = 0.0000000000e+00
Epoch 280: Loss = 3.3067638023e-04. time = 3.1096999645e+00s. lr = 1.0000000000e-04. alpha = 0.0000000000e+00
Epoch 290: Loss = 3.3247020011e-04. time = 3.0271255970e+00s. lr = 1.0000000000e-04. alpha = 0.0000000000e+00
Epoch 300: Loss = 3.3567048641e-04. time = 3.0726144314e+00s. lr = 1.0000000000e-05. alpha = 0.0000000000e+00
Epoch 310: Loss = 3.3424842563e-04. time = 3.0667524338e+00s. lr = 1.0000000000e-05. alpha = 0.0000000000e+00
Epoch 320: Loss = 3.2975469102e-04. time = 3.0695211887e+00s. lr = 1.0000000000e-06. alpha = 0.0000000000e+00
Epoch 330: Loss = 3.3242154115e-04. time = 3.0455143452e+00s. lr = 1.0000000000e-07. alpha = 0.0000000000e+00
Epoch 340: Loss = 3.3379531868e-04. time = 3.2027168274e+00s. lr = 1.0000000000e-08. alpha = 0.0000000000e+00
Epoch 350: Loss = 3.3821278802e-04. time = 3.0697813034e+00s. lr = 1.0000000000e-08. alpha = 0.0000000000e+00
Epoch 360: Loss = 3.3198539644e-04. time = 3.0036120415e+00s. lr = 1.0000000000e-08. alpha = 0.0000000000e+00
Epoch 370: Loss = 3.3209097191e-04. time = 3.0960552692e+00s. lr = 1.0000000000e-08. alpha = 0.0000000000e+00
Epoch 380: Loss = 3.3150102668e-04. time = 3.1210353374e+00s. lr = 1.0000000000e-08. alpha = 0.0000000000e+00
Epoch 390: Loss = 3.2875201115e-04. time = 3.0772264004e+00s. lr = 1.0000000000e-08. alpha = 0.0000000000e+00
Epoch 400: Loss = 3.3046909481e-04. time = 3.0376095772e+00s. lr = 1.0000000000e-08. alpha = 0.0000000000e+00
Epoch 410: Loss = 3.2961616208e-04. time = 2.9869625568e+00s. lr = 1.0000000000e-08. alpha = 0.0000000000e+00
Epoch 420: Loss = 3.3474297644e-04. time = 3.1043589115e+00s. lr = 1.0000000000e-08. alpha = 0.0000000000e+00
Epoch 430: Loss = 3.3464415041e-04. time = 3.0488569736e+00s. lr = 1.0000000000e-08. alpha = 0.0000000000e+00
Epoch 440: Loss = 3.3490951385e-04. time = 3.1449544430e+00s. lr = 1.0000000000e-08. alpha = 0.0000000000e+00
Epoch 450: Loss = 3.3262783704e-04. time = 3.0647108555e+00s. lr = 1.0000000000e-08. alpha = 0.0000000000e+00
Epoch 460: Loss = 3.3190341095e-04. time = 3.0833699703e+00s. lr = 1.0000000000e-08. alpha = 0.0000000000e+00
Epoch 470: Loss = 3.3327583382e-04. time = 3.0950355530e+00s. lr = 1.0000000000e-08. alpha = 0.0000000000e+00
Epoch 480: Loss = 3.3097860499e-04. time = 3.0862283707e+00s. lr = 1.0000000000e-08. alpha = 0.0000000000e+00
Epoch 490: Loss = 3.3451143430e-04. time = 3.1644473076e+00s. lr = 1.0000000000e-08. alpha = 0.0000000000e+00
Epoch 500: Loss = 3.3300940942e-04. time = 3.1933062077e+00s. lr = 1.0000000000e-08. alpha = 0.0000000000e+00
Epoch 510: Loss = 3.3265582169e-04. time = 3.1039183140e+00s. lr = 1.0000000000e-08. alpha = 0.0000000000e+00
Epoch 520: Loss = 3.3380313173e-04. time = 3.0945258141e+00s. lr = 1.0000000000e-08. alpha = 0.0000000000e+00
Epoch 530: Loss = 3.3025524251e-04. time = 3.1244580746e+00s. lr = 1.0000000000e-08. alpha = 0.0000000000e+00
Epoch 540: Loss = 3.2890254409e-04. time = 3.0619530678e+00s. lr = 1.0000000000e-08. alpha = 0.0000000000e+00
Epoch 550: Loss = 3.3406235426e-04. time = 3.0451641083e+00s. lr = 1.0000000000e-08. alpha = 0.0000000000e+00
Epoch 560: Loss = 3.3848373278e-04. time = 3.0386900902e+00s. lr = 1.0000000000e-08. alpha = 0.0000000000e+00
Epoch 570: Loss = 3.3590795779e-04. time = 3.1100716591e+00s. lr = 1.0000000000e-08. alpha = 0.0000000000e+00
Epoch 580: Loss = 3.3419701768e-04. time = 3.1253845692e+00s. lr = 1.0000000000e-08. alpha = 0.0000000000e+00
Epoch 590: Loss = 3.3354651797e-04. time = 3.2016708851e+00s. lr = 1.0000000000e-08. alpha = 0.0000000000e+00
Epoch 600: Loss = 3.3311909911e-04. time = 3.0772731304e+00s. lr = 1.0000000000e-08. alpha = 0.0000000000e+00
Epoch 610: Loss = 3.3756680469e-04. time = 3.1508281231e+00s. lr = 1.0000000000e-08. alpha = 0.0000000000e+00
Epoch 620: Loss = 3.2996679445e-04. time = 3.0881295204e+00s. lr = 1.0000000000e-08. alpha = 0.0000000000e+00
Epoch 630: Loss = 3.3623913557e-04. time = 2.9896831512e+00s. lr = 1.0000000000e-08. alpha = 0.0000000000e+00
Epoch 640: Loss = 3.3354028710e-04. time = 3.0905356407e+00s. lr = 1.0000000000e-08. alpha = 0.0000000000e+00
Epoch 650: Loss = 3.3307982217e-04. time = 3.0910265446e+00s. lr = 1.0000000000e-08. alpha = 0.0000000000e+00
Epoch 660: Loss = 3.3347892829e-04. time = 3.0983915329e+00s. lr = 1.0000000000e-08. alpha = 0.0000000000e+00
Epoch 670: Loss = 3.3130936208e-04. time = 3.0972437859e+00s. lr = 1.0000000000e-08. alpha = 0.0000000000e+00
Epoch 680: Loss = 3.3798905894e-04. time = 3.0878582001e+00s. lr = 1.0000000000e-08. alpha = 0.0000000000e+00
Epoch 690: Loss = 3.3186150672e-04. time = 3.0789053440e+00s. lr = 1.0000000000e-08. alpha = 0.0000000000e+00
Epoch 700: Loss = 3.3315460314e-04. time = 3.0932924747e+00s. lr = 1.0000000000e-08. alpha = 0.0000000000e+00
Epoch 710: Loss = 3.3446541585e-04. time = 3.1274225712e+00s. lr = 1.0000000000e-08. alpha = 0.0000000000e+00
Epoch 720: Loss = 3.3665692106e-04. time = 3.0320475101e+00s. lr = 1.0000000000e-08. alpha = 0.0000000000e+00
Epoch 730: Loss = 3.3224250232e-04. time = 2.9916527271e+00s. lr = 1.0000000000e-08. alpha = 0.0000000000e+00
Epoch 740: Loss = 3.3294048097e-04. time = 3.2342495918e+00s. lr = 1.0000000000e-08. alpha = 0.0000000000e+00
Epoch 750: Loss = 3.3311609084e-04. time = 3.1092462540e+00s. lr = 1.0000000000e-08. alpha = 0.0000000000e+00
Epoch 760: Loss = 3.3097084220e-04. time = 3.1022286415e+00s. lr = 1.0000000000e-08. alpha = 0.0000000000e+00
Epoch 770: Loss = 3.3282219242e-04. time = 3.0497534275e+00s. lr = 1.0000000000e-08. alpha = 0.0000000000e+00
Patience exceeded: 300. Early stoppage executed.
Training complete
Model/logs saved in: results/mixing_tanks_batch_sweep_scarce_2/batch_50
Finished experiment with t_max=25
Starting experiment with t_max=40
[Seed] Deterministic mode enabled (may reduce speed).
Training on: cpu
Epoch 0: Loss = 8.3301295611e-02. time = 6.5975956917e+00s. lr = 1.0000000000e-02. alpha = 0.0000000000e+00
Epoch 1: Loss = 6.6671494395e-02. time = 4.2322945595e+00s. lr = 1.0000000000e-02. alpha = 0.0000000000e+00
Epoch 2: Loss = 4.6987797049e-02. time = 3.6349158287e+00s. lr = 1.0000000000e-02. alpha = 0.0000000000e+00
Epoch 3: Loss = 4.1540140455e-02. time = 3.8684804440e+00s. lr = 1.0000000000e-02. alpha = 0.0000000000e+00
Epoch 4: Loss = 3.4180479971e-02. time = 3.7636902332e+00s. lr = 1.0000000000e-02. alpha = 0.0000000000e+00
Epoch 5: Loss = 2.0950026472e-02. time = 3.7339520454e+00s. lr = 1.0000000000e-02. alpha = 0.0000000000e+00
Epoch 10: Loss = 7.1002565409e-03. time = 3.3668053150e+00s. lr = 1.0000000000e-02. alpha = 0.0000000000e+00
Epoch 20: Loss = 2.7041734112e-03. time = 3.1805322170e+00s. lr = 1.0000000000e-02. alpha = 0.0000000000e+00
Epoch 30: Loss = 1.9670497330e-03. time = 3.2270820141e+00s. lr = 1.0000000000e-02. alpha = 0.0000000000e+00
Epoch 40: Loss = 1.8751927842e-03. time = 3.2891268730e+00s. lr = 1.0000000000e-02. alpha = 0.0000000000e+00
Epoch 50: Loss = 1.7514367038e-03. time = 3.4473130703e+00s. lr = 1.0000000000e-02. alpha = 0.0000000000e+00
Epoch 60: Loss = 1.5590789474e-03. time = 3.2961151600e+00s. lr = 1.0000000000e-02. alpha = 0.0000000000e+00
Epoch 70: Loss = 1.4257947597e-03. time = 3.2475574017e+00s. lr = 1.0000000000e-02. alpha = 0.0000000000e+00
Epoch 80: Loss = 1.3815924017e-03. time = 3.3761804104e+00s. lr = 1.0000000000e-02. alpha = 0.0000000000e+00
Epoch 90: Loss = 1.1131504434e-03. time = 3.4210588932e+00s. lr = 1.0000000000e-02. alpha = 0.0000000000e+00
Epoch 100: Loss = 9.9051663313e-04. time = 3.4384055138e+00s. lr = 1.0000000000e-02. alpha = 0.0000000000e+00
Epoch 110: Loss = 9.2619123593e-04. time = 3.2979848385e+00s. lr = 1.0000000000e-02. alpha = 0.0000000000e+00
Epoch 120: Loss = 7.9376269026e-04. time = 3.4928677082e+00s. lr = 1.0000000000e-02. alpha = 0.0000000000e+00
Epoch 130: Loss = 8.0851671307e-04. time = 3.3852109909e+00s. lr = 1.0000000000e-02. alpha = 0.0000000000e+00
Epoch 140: Loss = 7.5165308821e-04. time = 3.4636054039e+00s. lr = 1.0000000000e-02. alpha = 0.0000000000e+00
Epoch 150: Loss = 7.9739468426e-04. time = 3.4597649574e+00s. lr = 1.0000000000e-03. alpha = 0.0000000000e+00
Epoch 160: Loss = 6.6662580833e-04. time = 3.6624855995e+00s. lr = 1.0000000000e-03. alpha = 0.0000000000e+00
Epoch 170: Loss = 6.5127968661e-04. time = 3.5031270981e+00s. lr = 1.0000000000e-03. alpha = 0.0000000000e+00
Epoch 180: Loss = 6.5395576795e-04. time = 3.5306539536e+00s. lr = 1.0000000000e-03. alpha = 0.0000000000e+00
Epoch 190: Loss = 6.6018893532e-04. time = 3.5499467850e+00s. lr = 1.0000000000e-04. alpha = 0.0000000000e+00
Epoch 200: Loss = 6.4208306668e-04. time = 3.6959204674e+00s. lr = 1.0000000000e-05. alpha = 0.0000000000e+00
Epoch 210: Loss = 6.5083512825e-04. time = 3.4976027012e+00s. lr = 1.0000000000e-06. alpha = 0.0000000000e+00
Epoch 220: Loss = 6.4584386366e-04. time = 3.5334529877e+00s. lr = 1.0000000000e-07. alpha = 0.0000000000e+00
Epoch 230: Loss = 6.4957096368e-04. time = 3.5113937855e+00s. lr = 1.0000000000e-08. alpha = 0.0000000000e+00
Epoch 240: Loss = 6.4368895784e-04. time = 3.6833076477e+00s. lr = 1.0000000000e-08. alpha = 0.0000000000e+00
Epoch 250: Loss = 6.5246607516e-04. time = 3.4886863232e+00s. lr = 1.0000000000e-08. alpha = 0.0000000000e+00
Epoch 260: Loss = 6.4780183179e-04. time = 3.5995709896e+00s. lr = 1.0000000000e-08. alpha = 0.0000000000e+00
Epoch 270: Loss = 6.4502092904e-04. time = 3.5214064121e+00s. lr = 1.0000000000e-08. alpha = 0.0000000000e+00
Epoch 280: Loss = 6.4397358272e-04. time = 3.5626657009e+00s. lr = 1.0000000000e-08. alpha = 0.0000000000e+00
Epoch 290: Loss = 6.5424792807e-04. time = 3.5856511593e+00s. lr = 1.0000000000e-08. alpha = 0.0000000000e+00
Epoch 300: Loss = 6.5277089280e-04. time = 3.5921165943e+00s. lr = 1.0000000000e-08. alpha = 0.0000000000e+00
Epoch 310: Loss = 6.4467073058e-04. time = 3.5215477943e+00s. lr = 1.0000000000e-08. alpha = 0.0000000000e+00
Epoch 320: Loss = 6.5192319347e-04. time = 3.5174341202e+00s. lr = 1.0000000000e-08. alpha = 0.0000000000e+00
Epoch 330: Loss = 6.4714571503e-04. time = 3.4431796074e+00s. lr = 1.0000000000e-08. alpha = 0.0000000000e+00
Epoch 340: Loss = 6.4522441244e-04. time = 3.4884173870e+00s. lr = 1.0000000000e-08. alpha = 0.0000000000e+00
Epoch 350: Loss = 6.4945115115e-04. time = 3.5796508789e+00s. lr = 1.0000000000e-08. alpha = 0.0000000000e+00
Epoch 360: Loss = 6.4407331361e-04. time = 3.3828771114e+00s. lr = 1.0000000000e-08. alpha = 0.0000000000e+00
Epoch 370: Loss = 6.4770136537e-04. time = 3.5862748623e+00s. lr = 1.0000000000e-08. alpha = 0.0000000000e+00
Epoch 380: Loss = 6.4179649979e-04. time = 3.4827363491e+00s. lr = 1.0000000000e-08. alpha = 0.0000000000e+00
Epoch 390: Loss = 6.4411691644e-04. time = 3.7515788078e+00s. lr = 1.0000000000e-08. alpha = 0.0000000000e+00
Epoch 400: Loss = 6.4497389725e-04. time = 3.7665407658e+00s. lr = 1.0000000000e-08. alpha = 0.0000000000e+00
Epoch 410: Loss = 6.4171794061e-04. time = 3.4996175766e+00s. lr = 1.0000000000e-08. alpha = 0.0000000000e+00
Epoch 420: Loss = 6.5223667347e-04. time = 3.5354626179e+00s. lr = 1.0000000000e-08. alpha = 0.0000000000e+00
Epoch 430: Loss = 6.5558649261e-04. time = 3.5330429077e+00s. lr = 1.0000000000e-08. alpha = 0.0000000000e+00
Epoch 440: Loss = 6.4677426020e-04. time = 3.4613766670e+00s. lr = 1.0000000000e-08. alpha = 0.0000000000e+00
Epoch 450: Loss = 6.5200956305e-04. time = 3.4556701183e+00s. lr = 1.0000000000e-08. alpha = 0.0000000000e+00
Epoch 460: Loss = 6.5024073278e-04. time = 3.6493124962e+00s. lr = 1.0000000000e-08. alpha = 0.0000000000e+00
Epoch 470: Loss = 6.4926648999e-04. time = 3.5654723644e+00s. lr = 1.0000000000e-08. alpha = 0.0000000000e+00
Epoch 480: Loss = 6.4426269488e-04. time = 3.5169155598e+00s. lr = 1.0000000000e-08. alpha = 0.0000000000e+00
Epoch 490: Loss = 6.5302137360e-04. time = 3.5183122158e+00s. lr = 1.0000000000e-08. alpha = 0.0000000000e+00
Epoch 500: Loss = 6.5441505814e-04. time = 3.6420650482e+00s. lr = 1.0000000000e-08. alpha = 0.0000000000e+00
Epoch 510: Loss = 6.4943448789e-04. time = 3.5578413010e+00s. lr = 1.0000000000e-08. alpha = 0.0000000000e+00
Epoch 520: Loss = 6.4947331240e-04. time = 3.5601155758e+00s. lr = 1.0000000000e-08. alpha = 0.0000000000e+00
Epoch 530: Loss = 6.4411455109e-04. time = 3.4525012970e+00s. lr = 1.0000000000e-08. alpha = 0.0000000000e+00
Epoch 540: Loss = 6.4753001259e-04. time = 3.6796021461e+00s. lr = 1.0000000000e-08. alpha = 0.0000000000e+00
Epoch 550: Loss = 6.4957208021e-04. time = 3.6030097008e+00s. lr = 1.0000000000e-08. alpha = 0.0000000000e+00
Epoch 560: Loss = 6.5220994028e-04. time = 3.5858862400e+00s. lr = 1.0000000000e-08. alpha = 0.0000000000e+00
Epoch 570: Loss = 6.5306826516e-04. time = 3.5402488708e+00s. lr = 1.0000000000e-08. alpha = 0.0000000000e+00
Epoch 580: Loss = 6.5203580942e-04. time = 3.6023681164e+00s. lr = 1.0000000000e-08. alpha = 0.0000000000e+00
Epoch 590: Loss = 6.4681382553e-04. time = 3.6631886959e+00s. lr = 1.0000000000e-08. alpha = 0.0000000000e+00
Epoch 600: Loss = 6.5074427667e-04. time = 3.6261513233e+00s. lr = 1.0000000000e-08. alpha = 0.0000000000e+00
Epoch 610: Loss = 6.5226613713e-04. time = 3.4984722137e+00s. lr = 1.0000000000e-08. alpha = 0.0000000000e+00
Epoch 620: Loss = 6.4165988112e-04. time = 3.7755086422e+00s. lr = 1.0000000000e-08. alpha = 0.0000000000e+00
Epoch 630: Loss = 6.5220365915e-04. time = 3.5232396126e+00s. lr = 1.0000000000e-08. alpha = 0.0000000000e+00
Epoch 640: Loss = 6.5602746326e-04. time = 3.5498533249e+00s. lr = 1.0000000000e-08. alpha = 0.0000000000e+00
Epoch 650: Loss = 6.5076894084e-04. time = 3.5250928402e+00s. lr = 1.0000000000e-08. alpha = 0.0000000000e+00
Epoch 660: Loss = 6.4471485728e-04. time = 3.4880652428e+00s. lr = 1.0000000000e-08. alpha = 0.0000000000e+00
Epoch 670: Loss = 6.4345753477e-04. time = 3.5077784061e+00s. lr = 1.0000000000e-08. alpha = 0.0000000000e+00
Patience exceeded: 300. Early stoppage executed.
Training complete
Model/logs saved in: results/mixing_tanks_batch_sweep_scarce_2/batch_100
Finished experiment with t_max=40
Starting experiment with t_max=75
[Seed] Deterministic mode enabled (may reduce speed).
Training on: cpu
Epoch 0: Loss = 1.0498110544e-01. time = 7.1484794617e+00s. lr = 1.0000000000e-02. alpha = 0.0000000000e+00
Epoch 1: Loss = 8.9834917675e-02. time = 4.9390180111e+00s. lr = 1.0000000000e-02. alpha = 0.0000000000e+00
Epoch 2: Loss = 7.2193360464e-02. time = 4.1829328537e+00s. lr = 1.0000000000e-02. alpha = 0.0000000000e+00
Epoch 3: Loss = 5.4433968257e-02. time = 4.5190217495e+00s. lr = 1.0000000000e-02. alpha = 0.0000000000e+00
Epoch 4: Loss = 3.0816456303e-02. time = 4.8489351273e+00s. lr = 1.0000000000e-02. alpha = 0.0000000000e+00
Epoch 5: Loss = 1.9199230031e-02. time = 5.1691997051e+00s. lr = 1.0000000000e-02. alpha = 0.0000000000e+00
Epoch 10: Loss = 8.2252393900e-03. time = 5.2493331432e+00s. lr = 1.0000000000e-02. alpha = 0.0000000000e+00
Epoch 20: Loss = 4.0771928828e-03. time = 4.0393903255e+00s. lr = 1.0000000000e-02. alpha = 0.0000000000e+00
Epoch 30: Loss = 2.4166192373e-03. time = 4.1005988121e+00s. lr = 1.0000000000e-02. alpha = 0.0000000000e+00
Epoch 40: Loss = 2.6776935715e-03. time = 4.2445716858e+00s. lr = 1.0000000000e-02. alpha = 0.0000000000e+00
Epoch 50: Loss = 2.3555082629e-03. time = 4.1829428673e+00s. lr = 1.0000000000e-02. alpha = 0.0000000000e+00
Epoch 60: Loss = 1.7985887296e-03. time = 4.2564122677e+00s. lr = 1.0000000000e-02. alpha = 0.0000000000e+00
Epoch 70: Loss = 1.8675382228e-03. time = 4.3360741138e+00s. lr = 1.0000000000e-02. alpha = 0.0000000000e+00
Epoch 80: Loss = 1.8132453022e-03. time = 4.3602271080e+00s. lr = 1.0000000000e-02. alpha = 0.0000000000e+00
Epoch 90: Loss = 1.4849671755e-03. time = 4.4287586212e+00s. lr = 1.0000000000e-02. alpha = 0.0000000000e+00
Epoch 100: Loss = 1.4073091707e-03. time = 4.3181035519e+00s. lr = 1.0000000000e-02. alpha = 0.0000000000e+00
Epoch 110: Loss = 1.3519063042e-03. time = 4.2589375973e+00s. lr = 1.0000000000e-02. alpha = 0.0000000000e+00
Epoch 120: Loss = 1.1776683545e-03. time = 4.4444122314e+00s. lr = 1.0000000000e-02. alpha = 0.0000000000e+00
Epoch 130: Loss = 1.1278924490e-03. time = 4.4884061813e+00s. lr = 1.0000000000e-02. alpha = 0.0000000000e+00
Epoch 140: Loss = 1.1363816924e-03. time = 4.4895761013e+00s. lr = 1.0000000000e-02. alpha = 0.0000000000e+00
Epoch 150: Loss = 9.4753617569e-04. time = 4.5252397060e+00s. lr = 1.0000000000e-02. alpha = 0.0000000000e+00
Epoch 160: Loss = 8.7514254053e-04. time = 4.6190876961e+00s. lr = 1.0000000000e-02. alpha = 0.0000000000e+00
Epoch 170: Loss = 8.7367879248e-04. time = 4.4769856930e+00s. lr = 1.0000000000e-02. alpha = 0.0000000000e+00
Epoch 180: Loss = 7.6756641713e-04. time = 4.5943791866e+00s. lr = 1.0000000000e-02. alpha = 0.0000000000e+00
Epoch 190: Loss = 7.0360781286e-04. time = 4.5451261997e+00s. lr = 1.0000000000e-02. alpha = 0.0000000000e+00
Epoch 200: Loss = 6.7760202166e-04. time = 4.3909833431e+00s. lr = 1.0000000000e-03. alpha = 0.0000000000e+00
Epoch 210: Loss = 5.8301898587e-04. time = 4.4804170132e+00s. lr = 1.0000000000e-03. alpha = 0.0000000000e+00
Epoch 220: Loss = 5.7829058708e-04. time = 4.5455465317e+00s. lr = 1.0000000000e-03. alpha = 0.0000000000e+00
Epoch 230: Loss = 5.7330264562e-04. time = 4.5315942764e+00s. lr = 1.0000000000e-03. alpha = 0.0000000000e+00
Epoch 240: Loss = 5.6708621031e-04. time = 4.5221257210e+00s. lr = 1.0000000000e-03. alpha = 0.0000000000e+00
Epoch 250: Loss = 5.6646155215e-04. time = 4.5477745533e+00s. lr = 1.0000000000e-04. alpha = 0.0000000000e+00
Epoch 260: Loss = 5.6249876401e-04. time = 4.6981489658e+00s. lr = 1.0000000000e-04. alpha = 0.0000000000e+00
Epoch 270: Loss = 5.6616485712e-04. time = 4.4416515827e+00s. lr = 1.0000000000e-04. alpha = 0.0000000000e+00
Epoch 280: Loss = 5.5694251999e-04. time = 4.5648026466e+00s. lr = 1.0000000000e-05. alpha = 0.0000000000e+00
Epoch 290: Loss = 5.6435427078e-04. time = 4.5870988369e+00s. lr = 1.0000000000e-05. alpha = 0.0000000000e+00
Epoch 300: Loss = 5.6736000327e-04. time = 4.4723498821e+00s. lr = 1.0000000000e-06. alpha = 0.0000000000e+00
Epoch 310: Loss = 5.6249256489e-04. time = 4.4627985954e+00s. lr = 1.0000000000e-07. alpha = 0.0000000000e+00
Epoch 320: Loss = 5.5982625980e-04. time = 4.6411778927e+00s. lr = 1.0000000000e-08. alpha = 0.0000000000e+00
Epoch 330: Loss = 5.5712357756e-04. time = 4.4825990200e+00s. lr = 1.0000000000e-08. alpha = 0.0000000000e+00
Epoch 340: Loss = 5.6917248400e-04. time = 4.5744428635e+00s. lr = 1.0000000000e-08. alpha = 0.0000000000e+00
Epoch 350: Loss = 5.6374661720e-04. time = 4.5276775360e+00s. lr = 1.0000000000e-08. alpha = 0.0000000000e+00
Epoch 360: Loss = 5.6144665525e-04. time = 4.4909322262e+00s. lr = 1.0000000000e-08. alpha = 0.0000000000e+00
Epoch 370: Loss = 5.6641889651e-04. time = 4.4951262474e+00s. lr = 1.0000000000e-08. alpha = 0.0000000000e+00
Epoch 380: Loss = 5.5723852711e-04. time = 4.3994092941e+00s. lr = 1.0000000000e-08. alpha = 0.0000000000e+00
Epoch 390: Loss = 5.6144059371e-04. time = 4.6482887268e+00s. lr = 1.0000000000e-08. alpha = 0.0000000000e+00
Epoch 400: Loss = 5.6418398162e-04. time = 4.6823573112e+00s. lr = 1.0000000000e-08. alpha = 0.0000000000e+00
Epoch 410: Loss = 5.6244550929e-04. time = 4.5237629414e+00s. lr = 1.0000000000e-08. alpha = 0.0000000000e+00
Epoch 420: Loss = 5.5926691063e-04. time = 4.6029472351e+00s. lr = 1.0000000000e-08. alpha = 0.0000000000e+00
Epoch 430: Loss = 5.6033565091e-04. time = 4.5771481991e+00s. lr = 1.0000000000e-08. alpha = 0.0000000000e+00
Epoch 440: Loss = 5.6238221110e-04. time = 4.5691850185e+00s. lr = 1.0000000000e-08. alpha = 0.0000000000e+00
Epoch 450: Loss = 5.6440972416e-04. time = 4.5367181301e+00s. lr = 1.0000000000e-08. alpha = 0.0000000000e+00
Epoch 460: Loss = 5.6506044612e-04. time = 4.5610914230e+00s. lr = 1.0000000000e-08. alpha = 0.0000000000e+00
Epoch 470: Loss = 5.7124015769e-04. time = 4.5321872234e+00s. lr = 1.0000000000e-08. alpha = 0.0000000000e+00
Epoch 480: Loss = 5.6114398070e-04. time = 4.5811865330e+00s. lr = 1.0000000000e-08. alpha = 0.0000000000e+00
Epoch 490: Loss = 5.5989303457e-04. time = 4.4978134632e+00s. lr = 1.0000000000e-08. alpha = 0.0000000000e+00
Epoch 500: Loss = 5.6377742757e-04. time = 4.6260097027e+00s. lr = 1.0000000000e-08. alpha = 0.0000000000e+00
Epoch 510: Loss = 5.5900734680e-04. time = 4.5575568676e+00s. lr = 1.0000000000e-08. alpha = 0.0000000000e+00
Epoch 520: Loss = 5.6146240306e-04. time = 4.4885840416e+00s. lr = 1.0000000000e-08. alpha = 0.0000000000e+00
Epoch 530: Loss = 5.6004510208e-04. time = 4.4101002216e+00s. lr = 1.0000000000e-08. alpha = 0.0000000000e+00
Epoch 540: Loss = 5.6045923636e-04. time = 4.4949834347e+00s. lr = 1.0000000000e-08. alpha = 0.0000000000e+00
Epoch 550: Loss = 5.6094964649e-04. time = 4.4306888580e+00s. lr = 1.0000000000e-08. alpha = 0.0000000000e+00
Epoch 560: Loss = 5.6521375981e-04. time = 4.3342950344e+00s. lr = 1.0000000000e-08. alpha = 0.0000000000e+00
Epoch 570: Loss = 5.6566749911e-04. time = 4.3570742607e+00s. lr = 1.0000000000e-08. alpha = 0.0000000000e+00
Epoch 580: Loss = 5.6318665685e-04. time = 4.4541320801e+00s. lr = 1.0000000000e-08. alpha = 0.0000000000e+00
Epoch 590: Loss = 5.6070481448e-04. time = 4.6414830685e+00s. lr = 1.0000000000e-08. alpha = 0.0000000000e+00
Epoch 600: Loss = 5.6213633136e-04. time = 4.5585193634e+00s. lr = 1.0000000000e-08. alpha = 0.0000000000e+00
Epoch 610: Loss = 5.6050964419e-04. time = 4.5519394875e+00s. lr = 1.0000000000e-08. alpha = 0.0000000000e+00
Epoch 620: Loss = 5.6062900694e-04. time = 4.6199269295e+00s. lr = 1.0000000000e-08. alpha = 0.0000000000e+00
Epoch 630: Loss = 5.6245698149e-04. time = 4.4134099483e+00s. lr = 1.0000000000e-08. alpha = 0.0000000000e+00
Epoch 640: Loss = 5.6422840730e-04. time = 4.6041169167e+00s. lr = 1.0000000000e-08. alpha = 0.0000000000e+00
Epoch 650: Loss = 5.5796101912e-04. time = 4.3720526695e+00s. lr = 1.0000000000e-08. alpha = 0.0000000000e+00
Patience exceeded: 300. Early stoppage executed.
Training complete
Model/logs saved in: results/mixing_tanks_batch_sweep_scarce_2/batch_150
Finished experiment with t_max=75
All experiments finished.
