Running with alpha=0.0
Epoch 0: Loss: 0.0374988869. time = 15.0777020454s. lr = 0.0100000000. alpha = 0.0000000000
Epoch 1: Loss: 0.1342410562. time = 17.9280927181s. lr = 0.0100000000. alpha = 0.0000000000
Epoch 2: Loss: 0.2574147854. time = 18.9212696552s. lr = 0.0100000000. alpha = 0.0000000000
Epoch 3: Loss: 0.2597628450. time = 17.6697793007s. lr = 0.0100000000. alpha = 0.0000000000
Epoch 4: Loss: 0.0702079290. time = 15.4682612419s. lr = 0.0100000000. alpha = 0.0000000000
Epoch 5: Loss: 0.0432235012. time = 14.9184920788s. lr = 0.0100000000. alpha = 0.0000000000
Epoch 10: Loss: 0.2197745238. time = 13.2610776424s. lr = 0.0100000000. alpha = 0.0000000000
Epoch 20: Loss: 0.0046740585. time = 16.3499464989s. lr = 0.0100000000. alpha = 0.0000000000
Epoch 30: Loss: 0.0245656918. time = 17.5695660114s. lr = 0.0100000000. alpha = 0.0000000000
Epoch 40: Loss: 0.0246158672. time = 17.7666363716s. lr = 0.0010000000. alpha = 0.0000000000
Epoch 50: Loss: 0.0246038292. time = 18.2165527344s. lr = 0.0001000000. alpha = 0.0000000000
Epoch 60: Loss: 0.0245709020. time = 18.2879831791s. lr = 0.0000100000. alpha = 0.0000000000
Epoch 70: Loss: 0.0245668505. time = 17.9984209538s. lr = 0.0000010000. alpha = 0.0000000000
Epoch 80: Loss: 0.0245658218. time = 17.7796278000s. lr = 0.0000001000. alpha = 0.0000000000
Epoch 90: Loss: 0.0245657803. time = 18.0574963093s. lr = 0.0000000100. alpha = 0.0000000000
Epoch 100: Loss: 0.0245657794. time = 18.0943431854s. lr = 0.0000000100. alpha = 0.0000000000
Epoch 110: Loss: 0.0245657796. time = 17.8342096806s. lr = 0.0000000100. alpha = 0.0000000000
Epoch 120: Loss: 0.0245657789. time = 18.2485823631s. lr = 0.0000000100. alpha = 0.0000000000
Epoch 130: Loss: 0.0245657786. time = 18.0199115276s. lr = 0.0000000100. alpha = 0.0000000000
Epoch 140: Loss: 0.0245657741. time = 17.8596425056s. lr = 0.0000000100. alpha = 0.0000000000
Epoch 150: Loss: 0.0245657686. time = 17.0122761726s. lr = 0.0000000100. alpha = 0.0000000000
Epoch 160: Loss: 0.0245657684. time = 16.9285681248s. lr = 0.0000000100. alpha = 0.0000000000
Epoch 170: Loss: 0.0245657705. time = 16.6882789135s. lr = 0.0000000100. alpha = 0.0000000000
Epoch 180: Loss: 0.0245657706. time = 16.5988647938s. lr = 0.0000000100. alpha = 0.0000000000
Epoch 190: Loss: 0.0245657712. time = 16.7785391808s. lr = 0.0000000100. alpha = 0.0000000000
Epoch 200: Loss: 0.0245657659. time = 16.8030676842s. lr = 0.0000000100. alpha = 0.0000000000
Epoch 210: Loss: 0.0245657748. time = 17.0424890518s. lr = 0.0000000100. alpha = 0.0000000000
Epoch 220: Loss: 0.0245657610. time = 16.9083905220s. lr = 0.0000000100. alpha = 0.0000000000
Epoch 230: Loss: 0.0245657726. time = 16.5176801682s. lr = 0.0000000100. alpha = 0.0000000000
Epoch 240: Loss: 0.0245657754. time = 16.7317125797s. lr = 0.0000000100. alpha = 0.0000000000
Epoch 250: Loss: 0.0245657715. time = 16.8368132114s. lr = 0.0000000100. alpha = 0.0000000000
Epoch 260: Loss: 0.0245657756. time = 16.7514283657s. lr = 0.0000000100. alpha = 0.0000000000
Epoch 270: Loss: 0.0245657736. time = 16.9362349510s. lr = 0.0000000100. alpha = 0.0000000000
Epoch 280: Loss: 0.0245657712. time = 16.7732810974s. lr = 0.0000000100. alpha = 0.0000000000
Epoch 290: Loss: 0.0245657702. time = 16.7898330688s. lr = 0.0000000100. alpha = 0.0000000000
Epoch 300: Loss: 0.0245657687. time = 16.9200294018s. lr = 0.0000000100. alpha = 0.0000000000
Epoch 310: Loss: 0.0245657691. time = 17.4072148800s. lr = 0.0000000100. alpha = 0.0000000000
Epoch 320: Loss: 0.0245657731. time = 17.7793245316s. lr = 0.0000000100. alpha = 0.0000000000
Patience exceeded: 300. Early stoppage executed.
Training complete
Model/logs saved in: results/sequential_decay_runs/alpha_0.0
