Using Python version:
Python 3.11.13
Using Conda environment: atscale
Starting experiment with decay_val=1.
Epoch 0: Loss: 0.0051600652. time = 274.1349041462s. lr = 0.0100000000. alpha = 1.0000000000
Epoch 1: Loss: 0.0001947229. time = 169.6492903233s. lr = 0.0100000000. alpha = 1.0000000000
Epoch 2: Loss: 0.0000944344. time = 197.4930505753s. lr = 0.0100000000. alpha = 1.0000000000
Epoch 3: Loss: 0.0000837958. time = 206.1662640572s. lr = 0.0100000000. alpha = 1.0000000000
Epoch 4: Loss: 0.0000868795. time = 169.5283246040s. lr = 0.0100000000. alpha = 1.0000000000
Epoch 5: Loss: 0.0000789341. time = 180.5534014702s. lr = 0.0100000000. alpha = 1.0000000000
Epoch 10: Loss: 0.0000655627. time = 170.1410143375s. lr = 0.0100000000. alpha = 1.0000000000
Epoch 20: Loss: 0.0000221917. time = 107.8175814152s. lr = 0.0100000000. alpha = 1.0000000000
Epoch 30: Loss: 0.0000133650. time = 117.5899674892s. lr = 0.0100000000. alpha = 1.0000000000
Epoch 40: Loss: 0.0000170051. time = 117.7767865658s. lr = 0.0100000000. alpha = 1.0000000000
Epoch 50: Loss: 0.0000199616. time = 121.8394474983s. lr = 0.0100000000. alpha = 1.0000000000
Epoch 60: Loss: 0.0000127260. time = 105.4457120895s. lr = 0.0100000000. alpha = 1.0000000000
Epoch 70: Loss: 0.0000165181. time = 120.8382787704s. lr = 0.0100000000. alpha = 1.0000000000
Epoch 80: Loss: 0.0000249508. time = 115.2041924000s. lr = 0.0100000000. alpha = 1.0000000000
Epoch 90: Loss: 0.0000051675. time = 106.2628550529s. lr = 0.0010000000. alpha = 1.0000000000
Epoch 100: Loss: 0.0000048288. time = 104.8898742199s. lr = 0.0010000000. alpha = 1.0000000000
Epoch 110: Loss: 0.0000046386. time = 101.4388878345s. lr = 0.0010000000. alpha = 1.0000000000
Epoch 120: Loss: 0.0000042941. time = 115.7708885670s. lr = 0.0010000000. alpha = 1.0000000000
Epoch 130: Loss: 0.0000043378. time = 119.1318578720s. lr = 0.0010000000. alpha = 1.0000000000
Epoch 140: Loss: 0.0000038306. time = 121.8813905716s. lr = 0.0010000000. alpha = 1.0000000000
Epoch 150: Loss: 0.0000036438. time = 120.8764827251s. lr = 0.0010000000. alpha = 1.0000000000
Epoch 160: Loss: 0.0000044136. time = 124.3069128990s. lr = 0.0010000000. alpha = 1.0000000000
Epoch 170: Loss: 0.0000033593. time = 126.2376601696s. lr = 0.0010000000. alpha = 1.0000000000
Epoch 180: Loss: 0.0000027267. time = 124.8032608032s. lr = 0.0010000000. alpha = 1.0000000000
Epoch 190: Loss: 0.0000024620. time = 121.3080611229s. lr = 0.0010000000. alpha = 1.0000000000
Epoch 200: Loss: 0.0000028145. time = 118.6228911877s. lr = 0.0010000000. alpha = 1.0000000000
Epoch 210: Loss: 0.0000022190. time = 124.0205743313s. lr = 0.0010000000. alpha = 1.0000000000
Epoch 220: Loss: 0.0000022197. time = 122.5265700817s. lr = 0.0010000000. alpha = 1.0000000000
Epoch 230: Loss: 0.0000018588. time = 124.2144308090s. lr = 0.0010000000. alpha = 1.0000000000
Epoch 240: Loss: 0.0000017731. time = 119.2977249622s. lr = 0.0010000000. alpha = 1.0000000000
Epoch 250: Loss: 0.0000016076. time = 104.6840350628s. lr = 0.0010000000. alpha = 1.0000000000
Epoch 260: Loss: 0.0000019627. time = 105.0776791573s. lr = 0.0010000000. alpha = 1.0000000000
Epoch 270: Loss: 0.0000013115. time = 104.0029938221s. lr = 0.0010000000. alpha = 1.0000000000
Epoch 280: Loss: 0.0000013679. time = 103.2127242088s. lr = 0.0010000000. alpha = 1.0000000000
Epoch 290: Loss: 0.0000010374. time = 106.2714118958s. lr = 0.0010000000. alpha = 1.0000000000
Epoch 300: Loss: 0.0000008754. time = 103.6685669422s. lr = 0.0010000000. alpha = 1.0000000000
Epoch 310: Loss: 0.0000007549. time = 104.7108447552s. lr = 0.0010000000. alpha = 1.0000000000
Epoch 320: Loss: 0.0000007968. time = 102.2497036457s. lr = 0.0010000000. alpha = 1.0000000000
Epoch 330: Loss: 0.0000005170. time = 103.2466566563s. lr = 0.0001000000. alpha = 1.0000000000
Epoch 340: Loss: 0.0000004715. time = 104.1679506302s. lr = 0.0001000000. alpha = 1.0000000000
Epoch 350: Loss: 0.0000004823. time = 104.9585192204s. lr = 0.0001000000. alpha = 1.0000000000
Epoch 360: Loss: 0.0000005018. time = 104.8283131123s. lr = 0.0001000000. alpha = 1.0000000000
Epoch 370: Loss: 0.0000004512. time = 104.0402717590s. lr = 0.0001000000. alpha = 1.0000000000
Epoch 380: Loss: 0.0000004249. time = 104.5484750271s. lr = 0.0001000000. alpha = 1.0000000000
Epoch 390: Loss: 0.0000004254. time = 104.4948549271s. lr = 0.0001000000. alpha = 1.0000000000
Epoch 400: Loss: 0.0000004043. time = 103.8970935345s. lr = 0.0001000000. alpha = 1.0000000000
Epoch 410: Loss: 0.0000004078. time = 103.9806771278s. lr = 0.0001000000. alpha = 1.0000000000
Epoch 420: Loss: 0.0000003906. time = 103.7484505177s. lr = 0.0000100000. alpha = 1.0000000000
Epoch 430: Loss: 0.0000003907. time = 103.7660331726s. lr = 0.0000100000. alpha = 1.0000000000
Epoch 440: Loss: 0.0000003902. time = 103.2644793987s. lr = 0.0000010000. alpha = 1.0000000000
Epoch 450: Loss: 0.0000003899. time = 103.3847360611s. lr = 0.0000001000. alpha = 1.0000000000
Epoch 460: Loss: 0.0000003899. time = 101.7336304188s. lr = 0.0000000100. alpha = 1.0000000000
Epoch 470: Loss: 0.0000003899. time = 102.2344660759s. lr = 0.0000000100. alpha = 1.0000000000
Epoch 480: Loss: 0.0000003899. time = 103.9879965782s. lr = 0.0000000100. alpha = 1.0000000000
Epoch 490: Loss: 0.0000003899. time = 103.4965963364s. lr = 0.0000000100. alpha = 1.0000000000
Epoch 500: Loss: 0.0000003899. time = 103.0014488697s. lr = 0.0000000100. alpha = 1.0000000000
Epoch 510: Loss: 0.0000003899. time = 103.9013650417s. lr = 0.0000000100. alpha = 1.0000000000
Epoch 520: Loss: 0.0000003899. time = 103.3646454811s. lr = 0.0000000100. alpha = 1.0000000000
Epoch 530: Loss: 0.0000003899. time = 104.2220115662s. lr = 0.0000000100. alpha = 1.0000000000
Epoch 540: Loss: 0.0000003899. time = 102.8204729557s. lr = 0.0000000100. alpha = 1.0000000000
Epoch 550: Loss: 0.0000003899. time = 103.7296209335s. lr = 0.0000000100. alpha = 1.0000000000
Epoch 560: Loss: 0.0000003899. time = 103.1536207199s. lr = 0.0000000100. alpha = 1.0000000000
Epoch 570: Loss: 0.0000003899. time = 103.3838577271s. lr = 0.0000000100. alpha = 1.0000000000
Epoch 580: Loss: 0.0000003899. time = 104.3412156105s. lr = 0.0000000100. alpha = 1.0000000000
Epoch 590: Loss: 0.0000003899. time = 103.3988919258s. lr = 0.0000000100. alpha = 1.0000000000
Epoch 600: Loss: 0.0000003899. time = 102.9117934704s. lr = 0.0000000100. alpha = 1.0000000000
Epoch 610: Loss: 0.0000003899. time = 103.8577454090s. lr = 0.0000000100. alpha = 1.0000000000
Epoch 620: Loss: 0.0000003899. time = 104.6067383289s. lr = 0.0000000100. alpha = 1.0000000000
Epoch 630: Loss: 0.0000003899. time = 103.1467647552s. lr = 0.0000000100. alpha = 1.0000000000
Epoch 640: Loss: 0.0000003899. time = 103.3747265339s. lr = 0.0000000100. alpha = 1.0000000000
Epoch 650: Loss: 0.0000003899. time = 103.6905217171s. lr = 0.0000000100. alpha = 1.0000000000
Epoch 660: Loss: 0.0000003899. time = 103.5626740456s. lr = 0.0000000100. alpha = 1.0000000000
Epoch 670: Loss: 0.0000003898. time = 102.4037730694s. lr = 0.0000000100. alpha = 1.0000000000
Epoch 680: Loss: 0.0000003898. time = 103.4595806599s. lr = 0.0000000100. alpha = 1.0000000000
Epoch 690: Loss: 0.0000003898. time = 102.4322812557s. lr = 0.0000000100. alpha = 1.0000000000
Patience exceeded: 300. Early stoppage executed.
Training complete ✅
Model/logs saved in: results/multi_k_runs2/decay_1
Finished experiment with decay_val=1.
Starting experiment with decay_val=0.8
Epoch 0: Loss: 0.0038904342. time = 245.6373753548s. lr = 0.0100000000. alpha = 0.8000000000
Epoch 1: Loss: 0.0006275146. time = 225.1741340160s. lr = 0.0100000000. alpha = 0.8000000000
Epoch 2: Loss: 0.0008965123. time = 224.3344061375s. lr = 0.0100000000. alpha = 0.8000000000
Epoch 3: Loss: 0.0009217445. time = 220.4124650955s. lr = 0.0100000000. alpha = 0.8000000000
Epoch 4: Loss: 0.0009236218. time = 224.8480129242s. lr = 0.0100000000. alpha = 0.8000000000
Epoch 5: Loss: 0.0009237656. time = 221.9398548603s. lr = 0.0100000000. alpha = 0.8000000000
Epoch 10: Loss: 0.0009237746. time = 231.1995160580s. lr = 0.0100000000. alpha = 0.8000000000
Epoch 20: Loss: 0.0009237746. time = 220.9274532795s. lr = 0.0010000000. alpha = 0.8000000000
Epoch 30: Loss: 0.0009237746. time = 220.1066908836s. lr = 0.0001000000. alpha = 0.8000000000
Epoch 40: Loss: 0.0009237746. time = 220.3748748302s. lr = 0.0000100000. alpha = 0.8000000000
Epoch 50: Loss: 0.0009237746. time = 221.5777788162s. lr = 0.0000010000. alpha = 0.8000000000
Epoch 60: Loss: 0.0009237746. time = 218.9806292057s. lr = 0.0000001000. alpha = 0.8000000000
Epoch 70: Loss: 0.0009237746. time = 219.2367687225s. lr = 0.0000000100. alpha = 0.8000000000
Epoch 80: Loss: 0.0009237746. time = 219.2977261543s. lr = 0.0000000100. alpha = 0.8000000000
Epoch 90: Loss: 0.0009237746. time = 220.0008771420s. lr = 0.0000000100. alpha = 0.8000000000
Epoch 100: Loss: 0.0009237746. time = 220.1161093712s. lr = 0.0000000100. alpha = 0.8000000000
Epoch 110: Loss: 0.0009237746. time = 220.3354480267s. lr = 0.0000000100. alpha = 0.8000000000
Epoch 120: Loss: 0.0009237746. time = 220.1946949959s. lr = 0.0000000100. alpha = 0.8000000000
Epoch 130: Loss: 0.0009237746. time = 220.3106114864s. lr = 0.0000000100. alpha = 0.8000000000
Epoch 140: Loss: 0.0009237746. time = 220.7484514713s. lr = 0.0000000100. alpha = 0.8000000000
Epoch 150: Loss: 0.0009237746. time = 220.9983720779s. lr = 0.0000000100. alpha = 0.8000000000
Epoch 160: Loss: 0.0009237746. time = 220.8065829277s. lr = 0.0000000100. alpha = 0.8000000000
Epoch 170: Loss: 0.0009237746. time = 221.0158770084s. lr = 0.0000000100. alpha = 0.8000000000
Epoch 180: Loss: 0.0009237746. time = 221.0901503563s. lr = 0.0000000100. alpha = 0.8000000000
Epoch 190: Loss: 0.0009237746. time = 222.8889594078s. lr = 0.0000000100. alpha = 0.8000000000
Epoch 200: Loss: 0.0009237746. time = 222.7336695194s. lr = 0.0000000100. alpha = 0.8000000000
Epoch 210: Loss: 0.0009237746. time = 221.6598587036s. lr = 0.0000000100. alpha = 0.8000000000
Epoch 220: Loss: 0.0009237746. time = 221.8887465000s. lr = 0.0000000100. alpha = 0.8000000000
Epoch 230: Loss: 0.0009237746. time = 221.9345867634s. lr = 0.0000000100. alpha = 0.8000000000
Epoch 240: Loss: 0.0009237746. time = 222.4113872051s. lr = 0.0000000100. alpha = 0.8000000000
Epoch 250: Loss: 0.0009237746. time = 222.9041404724s. lr = 0.0000000100. alpha = 0.8000000000
Epoch 260: Loss: 0.0009237746. time = 223.0537595749s. lr = 0.0000000100. alpha = 0.8000000000
Epoch 270: Loss: 0.0009237746. time = 223.4524741173s. lr = 0.0000000100. alpha = 0.8000000000
Epoch 280: Loss: 0.0009237746. time = 223.4272389412s. lr = 0.0000000100. alpha = 0.8000000000
Epoch 290: Loss: 0.0009237746. time = 223.5101854801s. lr = 0.0000000100. alpha = 0.8000000000
Epoch 300: Loss: 0.0009237746. time = 223.9275910854s. lr = 0.0000000100. alpha = 0.8000000000
Patience exceeded: 300. Early stoppage executed.
Training complete ✅
Model/logs saved in: results/multi_k_runs2/decay_08
Finished experiment with decay_val=0.8
Starting experiment with decay_val=0.5
Epoch 0: Loss: 0.0085464387. time = 177.7525475025s. lr = 0.0100000000. alpha = 0.5000000000
Epoch 1: Loss: 0.0013062005. time = 152.2872037888s. lr = 0.0100000000. alpha = 0.5000000000
Epoch 2: Loss: 0.0004619987. time = 150.4800193310s. lr = 0.0100000000. alpha = 0.5000000000
Epoch 3: Loss: 0.0004421862. time = 171.4483616352s. lr = 0.0100000000. alpha = 0.5000000000
Epoch 4: Loss: 0.0004120686. time = 168.0870885849s. lr = 0.0100000000. alpha = 0.5000000000
Epoch 5: Loss: 0.0003898113. time = 163.0714144707s. lr = 0.0100000000. alpha = 0.5000000000
Epoch 10: Loss: 0.0002780597. time = 150.4313187599s. lr = 0.0100000000. alpha = 0.5000000000
Epoch 20: Loss: 0.0001234828. time = 149.8762269020s. lr = 0.0100000000. alpha = 0.5000000000
Epoch 30: Loss: 0.0001251778. time = 145.2570843697s. lr = 0.0100000000. alpha = 0.5000000000
Epoch 40: Loss: 0.0000790273. time = 144.8017156124s. lr = 0.0100000000. alpha = 0.5000000000
Epoch 50: Loss: 0.0000608846. time = 136.5739848614s. lr = 0.0100000000. alpha = 0.5000000000
Epoch 60: Loss: 0.0000537042. time = 136.4322392941s. lr = 0.0010000000. alpha = 0.5000000000
Epoch 70: Loss: 0.0000473425. time = 141.2871472836s. lr = 0.0010000000. alpha = 0.5000000000
Epoch 80: Loss: 0.0000428831. time = 134.8329987526s. lr = 0.0010000000. alpha = 0.5000000000
Epoch 90: Loss: 0.0000393950. time = 124.3067953587s. lr = 0.0010000000. alpha = 0.5000000000
Epoch 100: Loss: 0.0000397191. time = 127.3036706448s. lr = 0.0010000000. alpha = 0.5000000000
Epoch 110: Loss: 0.0000378887. time = 135.7941873074s. lr = 0.0010000000. alpha = 0.5000000000
Epoch 120: Loss: 0.0000339980. time = 126.9443619251s. lr = 0.0010000000. alpha = 0.5000000000
Epoch 130: Loss: 0.0000327311. time = 118.0071830750s. lr = 0.0010000000. alpha = 0.5000000000
Epoch 140: Loss: 0.0000305524. time = 119.4799754620s. lr = 0.0010000000. alpha = 0.5000000000
Epoch 150: Loss: 0.0000290069. time = 114.3063802719s. lr = 0.0010000000. alpha = 0.5000000000
Epoch 160: Loss: 0.0000272050. time = 113.7369494438s. lr = 0.0010000000. alpha = 0.5000000000
Epoch 170: Loss: 0.0000289188. time = 118.1052906513s. lr = 0.0010000000. alpha = 0.5000000000
Epoch 180: Loss: 0.0000241517. time = 114.4901139736s. lr = 0.0010000000. alpha = 0.5000000000
Epoch 190: Loss: 0.0000221536. time = 114.9806258678s. lr = 0.0001000000. alpha = 0.5000000000
Epoch 200: Loss: 0.0000203944. time = 114.9667603970s. lr = 0.0001000000. alpha = 0.5000000000
Epoch 210: Loss: 0.0000200288. time = 115.7012264729s. lr = 0.0001000000. alpha = 0.5000000000
Epoch 220: Loss: 0.0000206137. time = 114.5105364323s. lr = 0.0001000000. alpha = 0.5000000000
Epoch 230: Loss: 0.0000196260. time = 114.8332140446s. lr = 0.0000100000. alpha = 0.5000000000
Epoch 240: Loss: 0.0000195968. time = 115.0856864452s. lr = 0.0000100000. alpha = 0.5000000000
Epoch 250: Loss: 0.0000196186. time = 114.6354532242s. lr = 0.0000100000. alpha = 0.5000000000
Epoch 260: Loss: 0.0000195640. time = 115.4987292290s. lr = 0.0000100000. alpha = 0.5000000000
Epoch 270: Loss: 0.0000195635. time = 115.0000236034s. lr = 0.0000010000. alpha = 0.5000000000
Epoch 280: Loss: 0.0000195505. time = 114.9236910343s. lr = 0.0000001000. alpha = 0.5000000000
Epoch 290: Loss: 0.0000195499. time = 115.6564278603s. lr = 0.0000000100. alpha = 0.5000000000
Epoch 300: Loss: 0.0000195498. time = 116.1053967476s. lr = 0.0000000100. alpha = 0.5000000000
Epoch 310: Loss: 0.0000195498. time = 115.6803603172s. lr = 0.0000000100. alpha = 0.5000000000
Epoch 320: Loss: 0.0000195498. time = 115.9019322395s. lr = 0.0000000100. alpha = 0.5000000000
Epoch 330: Loss: 0.0000195498. time = 115.7557699680s. lr = 0.0000000100. alpha = 0.5000000000
Epoch 340: Loss: 0.0000195497. time = 115.7721483707s. lr = 0.0000000100. alpha = 0.5000000000
Epoch 350: Loss: 0.0000195497. time = 116.3627729416s. lr = 0.0000000100. alpha = 0.5000000000
Epoch 360: Loss: 0.0000195497. time = 116.2886531353s. lr = 0.0000000100. alpha = 0.5000000000
Epoch 370: Loss: 0.0000195496. time = 115.9942073822s. lr = 0.0000000100. alpha = 0.5000000000
Epoch 380: Loss: 0.0000195495. time = 116.6770071983s. lr = 0.0000000100. alpha = 0.5000000000
Epoch 390: Loss: 0.0000195495. time = 115.3850240707s. lr = 0.0000000100. alpha = 0.5000000000
Epoch 400: Loss: 0.0000195495. time = 116.2777030468s. lr = 0.0000000100. alpha = 0.5000000000
Epoch 410: Loss: 0.0000195495. time = 116.7326431274s. lr = 0.0000000100. alpha = 0.5000000000
Epoch 420: Loss: 0.0000195494. time = 117.8805999756s. lr = 0.0000000100. alpha = 0.5000000000
Epoch 430: Loss: 0.0000195494. time = 117.5270235538s. lr = 0.0000000100. alpha = 0.5000000000
Epoch 440: Loss: 0.0000195493. time = 117.3102049828s. lr = 0.0000000100. alpha = 0.5000000000
Epoch 450: Loss: 0.0000195493. time = 115.7999444008s. lr = 0.0000000100. alpha = 0.5000000000
Epoch 460: Loss: 0.0000195492. time = 117.4333059788s. lr = 0.0000000100. alpha = 0.5000000000
Epoch 470: Loss: 0.0000195493. time = 116.8271970749s. lr = 0.0000000100. alpha = 0.5000000000
Epoch 480: Loss: 0.0000195492. time = 117.2013804913s. lr = 0.0000000100. alpha = 0.5000000000
Epoch 490: Loss: 0.0000195492. time = 116.9293053150s. lr = 0.0000000100. alpha = 0.5000000000
Epoch 500: Loss: 0.0000195491. time = 117.2759382725s. lr = 0.0000000100. alpha = 0.5000000000
Epoch 510: Loss: 0.0000195491. time = 117.6702678204s. lr = 0.0000000100. alpha = 0.5000000000
Patience exceeded: 300. Early stoppage executed.
Training complete ✅
Model/logs saved in: results/multi_k_runs2/decay_05
Finished experiment with decay_val=0.5
All experiments finished.
