Running with alpha=0.25
Epoch 0: Loss: 0.0001191623. time = 13.4739396572s. lr = 0.0100000000. alpha = 0.2500000000
Epoch 1: Loss: 0.0001596816. time = 15.5961482525s. lr = 0.0100000000. alpha = 0.2500000000
Epoch 2: Loss: 0.0001627662. time = 15.5246021748s. lr = 0.0100000000. alpha = 0.2500000000
Epoch 3: Loss: 0.0000671177. time = 16.6617259979s. lr = 0.0100000000. alpha = 0.2500000000
Epoch 4: Loss: 0.0000669995. time = 16.0830371380s. lr = 0.0100000000. alpha = 0.2500000000
Epoch 5: Loss: 0.0000465256. time = 17.1746597290s. lr = 0.0100000000. alpha = 0.2500000000
Epoch 10: Loss: 0.0000266820. time = 17.5720708370s. lr = 0.0100000000. alpha = 0.2500000000
Epoch 20: Loss: 0.0000630756. time = 19.0297777653s. lr = 0.0100000000. alpha = 0.2500000000
Epoch 30: Loss: 0.0000111205. time = 17.3438117504s. lr = 0.0010000000. alpha = 0.2500000000
Epoch 40: Loss: 0.0000071025. time = 16.6044418812s. lr = 0.0010000000. alpha = 0.2500000000
Epoch 50: Loss: 0.0000058332. time = 16.1799604893s. lr = 0.0010000000. alpha = 0.2500000000
Epoch 60: Loss: 0.0000052810. time = 16.3843338490s. lr = 0.0010000000. alpha = 0.2500000000
Epoch 70: Loss: 0.0000044910. time = 16.4816634655s. lr = 0.0010000000. alpha = 0.2500000000
Epoch 80: Loss: 0.0000053454. time = 16.7306599617s. lr = 0.0010000000. alpha = 0.2500000000
Epoch 90: Loss: 0.0000039174. time = 16.4321565628s. lr = 0.0010000000. alpha = 0.2500000000
Epoch 100: Loss: 0.0000036985. time = 16.6016263962s. lr = 0.0010000000. alpha = 0.2500000000
Epoch 110: Loss: 0.0000028023. time = 16.6123080254s. lr = 0.0010000000. alpha = 0.2500000000
Epoch 120: Loss: 0.0000028905. time = 16.8759253025s. lr = 0.0010000000. alpha = 0.2500000000
Epoch 130: Loss: 0.0000023266. time = 16.3018879890s. lr = 0.0010000000. alpha = 0.2500000000
Epoch 140: Loss: 0.0000025308. time = 16.6468579769s. lr = 0.0010000000. alpha = 0.2500000000
Epoch 150: Loss: 0.0000022932. time = 16.2235441208s. lr = 0.0001000000. alpha = 0.2500000000
Epoch 160: Loss: 0.0000021376. time = 16.6402921677s. lr = 0.0001000000. alpha = 0.2500000000
Epoch 170: Loss: 0.0000020834. time = 16.3711225986s. lr = 0.0001000000. alpha = 0.2500000000
Epoch 180: Loss: 0.0000020689. time = 16.0976412296s. lr = 0.0001000000. alpha = 0.2500000000
Epoch 190: Loss: 0.0000020826. time = 16.0019838810s. lr = 0.0000100000. alpha = 0.2500000000
Epoch 200: Loss: 0.0000020714. time = 15.9970786572s. lr = 0.0000100000. alpha = 0.2500000000
Epoch 210: Loss: 0.0000020571. time = 15.8954436779s. lr = 0.0000010000. alpha = 0.2500000000
Epoch 220: Loss: 0.0000020559. time = 16.1507122517s. lr = 0.0000001000. alpha = 0.2500000000
Epoch 230: Loss: 0.0000020559. time = 15.8096914291s. lr = 0.0000000100. alpha = 0.2500000000
Epoch 240: Loss: 0.0000020559. time = 15.9785873890s. lr = 0.0000000100. alpha = 0.2500000000
Epoch 250: Loss: 0.0000020559. time = 15.9570739269s. lr = 0.0000000100. alpha = 0.2500000000
Epoch 260: Loss: 0.0000020559. time = 15.9687530994s. lr = 0.0000000100. alpha = 0.2500000000
Epoch 270: Loss: 0.0000020559. time = 16.1408319473s. lr = 0.0000000100. alpha = 0.2500000000
Epoch 280: Loss: 0.0000020559. time = 15.7324416637s. lr = 0.0000000100. alpha = 0.2500000000
Epoch 290: Loss: 0.0000020559. time = 16.1221423149s. lr = 0.0000000100. alpha = 0.2500000000
Epoch 300: Loss: 0.0000020559. time = 16.2695271969s. lr = 0.0000000100. alpha = 0.2500000000
Epoch 310: Loss: 0.0000020559. time = 16.1038582325s. lr = 0.0000000100. alpha = 0.2500000000
Epoch 320: Loss: 0.0000020559. time = 16.2055048943s. lr = 0.0000000100. alpha = 0.2500000000
Epoch 330: Loss: 0.0000020559. time = 16.5082259178s. lr = 0.0000000100. alpha = 0.2500000000
Epoch 340: Loss: 0.0000020559. time = 16.1198689938s. lr = 0.0000000100. alpha = 0.2500000000
Epoch 350: Loss: 0.0000020559. time = 15.9763960838s. lr = 0.0000000100. alpha = 0.2500000000
Epoch 360: Loss: 0.0000020559. time = 16.0512368679s. lr = 0.0000000100. alpha = 0.2500000000
Epoch 370: Loss: 0.0000020559. time = 16.3454847336s. lr = 0.0000000100. alpha = 0.2500000000
Epoch 380: Loss: 0.0000020559. time = 16.1500370502s. lr = 0.0000000100. alpha = 0.2500000000
Epoch 390: Loss: 0.0000020559. time = 15.7211432457s. lr = 0.0000000100. alpha = 0.2500000000
Epoch 400: Loss: 0.0000020559. time = 16.0230205059s. lr = 0.0000000100. alpha = 0.2500000000
Epoch 410: Loss: 0.0000020559. time = 16.1386370659s. lr = 0.0000000100. alpha = 0.2500000000
Epoch 420: Loss: 0.0000020559. time = 16.5051906109s. lr = 0.0000000100. alpha = 0.2500000000
Epoch 430: Loss: 0.0000020559. time = 15.8922350407s. lr = 0.0000000100. alpha = 0.2500000000
Patience exceeded: 300. Early stoppage executed.
Training complete
Model/logs saved in: results/sequential_decay_runs/alpha_0.25
