Running with alpha=0.03125
Epoch 0: Loss: 0.0105719262. time = 17.6873188019s. lr = 0.0100000000. alpha = 0.0312500000
Epoch 1: Loss: 0.0354276313. time = 16.8001043797s. lr = 0.0100000000. alpha = 0.0312500000
Epoch 2: Loss: 0.0346833241. time = 15.8436970711s. lr = 0.0100000000. alpha = 0.0312500000
Epoch 3: Loss: 0.0209443729. time = 14.6128337383s. lr = 0.0100000000. alpha = 0.0312500000
Epoch 4: Loss: 0.0121228269. time = 12.3539748192s. lr = 0.0100000000. alpha = 0.0312500000
Epoch 5: Loss: 0.0232657602. time = 12.1061267853s. lr = 0.0100000000. alpha = 0.0312500000
Epoch 10: Loss: 0.0037471968. time = 13.4064466953s. lr = 0.0100000000. alpha = 0.0312500000
Epoch 20: Loss: 0.0073895408. time = 16.1592087746s. lr = 0.0010000000. alpha = 0.0312500000
Epoch 30: Loss: 0.0033750870. time = 16.1300220490s. lr = 0.0001000000. alpha = 0.0312500000
Epoch 40: Loss: 0.0031509432. time = 16.0994548798s. lr = 0.0001000000. alpha = 0.0312500000
Epoch 50: Loss: 0.0030533743. time = 16.0378828049s. lr = 0.0000100000. alpha = 0.0312500000
Epoch 60: Loss: 0.0029843742. time = 15.9536693096s. lr = 0.0000010000. alpha = 0.0312500000
Epoch 70: Loss: 0.0029710252. time = 15.8350181580s. lr = 0.0000001000. alpha = 0.0312500000
Epoch 80: Loss: 0.0029693243. time = 15.6886961460s. lr = 0.0000000100. alpha = 0.0312500000
Epoch 90: Loss: 0.0029692705. time = 15.9212253094s. lr = 0.0000000100. alpha = 0.0312500000
Epoch 100: Loss: 0.0029692303. time = 16.0944259167s. lr = 0.0000000100. alpha = 0.0312500000
Epoch 110: Loss: 0.0029692153. time = 16.0710580349s. lr = 0.0000000100. alpha = 0.0312500000
Epoch 120: Loss: 0.0029692020. time = 15.8836755753s. lr = 0.0000000100. alpha = 0.0312500000
Epoch 130: Loss: 0.0029691832. time = 16.1220846176s. lr = 0.0000000100. alpha = 0.0312500000
Epoch 140: Loss: 0.0029691697. time = 16.2794773579s. lr = 0.0000000100. alpha = 0.0312500000
Epoch 150: Loss: 0.0029691520. time = 16.1494255066s. lr = 0.0000000100. alpha = 0.0312500000
Epoch 160: Loss: 0.0029691347. time = 16.0493764877s. lr = 0.0000000100. alpha = 0.0312500000
Epoch 170: Loss: 0.0029689654. time = 16.3168075085s. lr = 0.0000000100. alpha = 0.0312500000
Epoch 180: Loss: 0.0029689019. time = 16.0581879616s. lr = 0.0000000100. alpha = 0.0312500000
Epoch 190: Loss: 0.0029689020. time = 15.3986377716s. lr = 0.0000000100. alpha = 0.0312500000
Epoch 200: Loss: 0.0029688710. time = 15.4631447792s. lr = 0.0000000100. alpha = 0.0312500000
Epoch 210: Loss: 0.0029688056. time = 15.6142859459s. lr = 0.0000000100. alpha = 0.0312500000
Epoch 220: Loss: 0.0029688203. time = 15.6024029255s. lr = 0.0000000100. alpha = 0.0312500000
Epoch 230: Loss: 0.0029687956. time = 15.3557729721s. lr = 0.0000000100. alpha = 0.0312500000
Epoch 240: Loss: 0.0029687755. time = 15.7375693321s. lr = 0.0000000100. alpha = 0.0312500000
Epoch 250: Loss: 0.0029687732. time = 15.4979279041s. lr = 0.0000000100. alpha = 0.0312500000
Epoch 260: Loss: 0.0029687903. time = 15.6848731041s. lr = 0.0000000100. alpha = 0.0312500000
Epoch 270: Loss: 0.0029687926. time = 15.5846390724s. lr = 0.0000000100. alpha = 0.0312500000
Epoch 280: Loss: 0.0029687280. time = 15.5033628941s. lr = 0.0000000100. alpha = 0.0312500000
Epoch 290: Loss: 0.0029686646. time = 15.6195719242s. lr = 0.0000000100. alpha = 0.0312500000
Epoch 300: Loss: 0.0029686863. time = 15.5705018044s. lr = 0.0000000100. alpha = 0.0312500000
Patience exceeded: 300. Early stoppage executed.
Training complete
Model/logs saved in: results/sequential_decay_runs/alpha_0.03125
