Using Python version:
Python 3.11.13
Using Conda environment: atscale
Starting experiment with batch_size=50
[Seed] Deterministic mode enabled (may reduce speed).
Training on: cpu
Epoch 0: Loss = 9.0396555987e-02. time = 6.2366392612e+00s. lr = 1.0000000000e-02. alpha = 0.0000000000e+00
Epoch 1: Loss = 7.4421595105e-02. time = 4.5996024609e+00s. lr = 1.0000000000e-02. alpha = 0.0000000000e+00
Epoch 2: Loss = 5.5846483531e-02. time = 3.9098606110e+00s. lr = 1.0000000000e-02. alpha = 0.0000000000e+00
Epoch 3: Loss = 4.8366245221e-02. time = 4.0231351852e+00s. lr = 1.0000000000e-02. alpha = 0.0000000000e+00
Epoch 4: Loss = 3.6046528342e-02. time = 3.9481985569e+00s. lr = 1.0000000000e-02. alpha = 0.0000000000e+00
Epoch 5: Loss = 2.0329270089e-02. time = 3.9391419888e+00s. lr = 1.0000000000e-02. alpha = 0.0000000000e+00
Epoch 10: Loss = 7.6297312467e-03. time = 3.8586614132e+00s. lr = 1.0000000000e-02. alpha = 0.0000000000e+00
Epoch 20: Loss = 3.1383513600e-03. time = 3.4726345539e+00s. lr = 1.0000000000e-02. alpha = 0.0000000000e+00
Epoch 30: Loss = 2.1549680545e-03. time = 3.6476747990e+00s. lr = 1.0000000000e-02. alpha = 0.0000000000e+00
Epoch 40: Loss = 2.1275381600e-03. time = 3.6009731293e+00s. lr = 1.0000000000e-02. alpha = 0.0000000000e+00
Epoch 50: Loss = 1.9792750880e-03. time = 3.6221485138e+00s. lr = 1.0000000000e-02. alpha = 0.0000000000e+00
Epoch 60: Loss = 1.7109354111e-03. time = 3.6325290203e+00s. lr = 1.0000000000e-02. alpha = 0.0000000000e+00
Epoch 70: Loss = 1.7095439411e-03. time = 3.6043784618e+00s. lr = 1.0000000000e-02. alpha = 0.0000000000e+00
Epoch 80: Loss = 1.6721064564e-03. time = 3.7598481178e+00s. lr = 1.0000000000e-02. alpha = 0.0000000000e+00
Epoch 90: Loss = 1.3947404540e-03. time = 3.6722958088e+00s. lr = 1.0000000000e-02. alpha = 0.0000000000e+00
Epoch 100: Loss = 1.2876239118e-03. time = 3.6588506699e+00s. lr = 1.0000000000e-02. alpha = 0.0000000000e+00
Epoch 110: Loss = 1.2131981149e-03. time = 3.7494947910e+00s. lr = 1.0000000000e-02. alpha = 0.0000000000e+00
Epoch 120: Loss = 9.5905501671e-04. time = 3.8061959743e+00s. lr = 1.0000000000e-02. alpha = 0.0000000000e+00
Epoch 130: Loss = 9.6442364685e-04. time = 3.7941317558e+00s. lr = 1.0000000000e-02. alpha = 0.0000000000e+00
Epoch 140: Loss = 8.9324675818e-04. time = 3.8684124947e+00s. lr = 1.0000000000e-02. alpha = 0.0000000000e+00
Epoch 150: Loss = 8.9541146405e-04. time = 3.7863607407e+00s. lr = 1.0000000000e-03. alpha = 0.0000000000e+00
Epoch 160: Loss = 7.6390969017e-04. time = 3.8406798840e+00s. lr = 1.0000000000e-03. alpha = 0.0000000000e+00
Epoch 170: Loss = 7.4775093658e-04. time = 4.0000090599e+00s. lr = 1.0000000000e-03. alpha = 0.0000000000e+00
Epoch 180: Loss = 7.4806252219e-04. time = 3.8262414932e+00s. lr = 1.0000000000e-03. alpha = 0.0000000000e+00
Epoch 190: Loss = 7.4927761241e-04. time = 3.9978027344e+00s. lr = 1.0000000000e-03. alpha = 0.0000000000e+00
Epoch 200: Loss = 7.2940223617e-04. time = 3.9066534042e+00s. lr = 1.0000000000e-03. alpha = 0.0000000000e+00
Epoch 210: Loss = 7.3273641862e-04. time = 4.0315911770e+00s. lr = 1.0000000000e-03. alpha = 0.0000000000e+00
Epoch 220: Loss = 7.3133177780e-04. time = 3.9404387474e+00s. lr = 1.0000000000e-03. alpha = 0.0000000000e+00
Epoch 230: Loss = 7.2761464187e-04. time = 3.9462895393e+00s. lr = 1.0000000000e-03. alpha = 0.0000000000e+00
Epoch 240: Loss = 7.1581677449e-04. time = 4.1700654030e+00s. lr = 1.0000000000e-03. alpha = 0.0000000000e+00
Epoch 250: Loss = 7.2552652141e-04. time = 4.0929503441e+00s. lr = 1.0000000000e-03. alpha = 0.0000000000e+00
Epoch 260: Loss = 7.1766721191e-04. time = 4.0425069332e+00s. lr = 1.0000000000e-03. alpha = 0.0000000000e+00
Epoch 270: Loss = 7.0997003720e-04. time = 4.0814561844e+00s. lr = 1.0000000000e-03. alpha = 0.0000000000e+00
Epoch 280: Loss = 7.0162291046e-04. time = 4.0222694874e+00s. lr = 1.0000000000e-03. alpha = 0.0000000000e+00
Epoch 290: Loss = 7.0488612718e-04. time = 4.0567367077e+00s. lr = 1.0000000000e-04. alpha = 0.0000000000e+00
Epoch 300: Loss = 6.9813834588e-04. time = 3.9519243240e+00s. lr = 1.0000000000e-04. alpha = 0.0000000000e+00
Epoch 310: Loss = 6.8782021249e-04. time = 4.0005717278e+00s. lr = 1.0000000000e-05. alpha = 0.0000000000e+00
Epoch 320: Loss = 6.9839738585e-04. time = 3.9752323627e+00s. lr = 1.0000000000e-06. alpha = 0.0000000000e+00
Epoch 330: Loss = 6.9061320656e-04. time = 3.9514155388e+00s. lr = 1.0000000000e-07. alpha = 0.0000000000e+00
Epoch 340: Loss = 6.9130835949e-04. time = 4.0462696552e+00s. lr = 1.0000000000e-08. alpha = 0.0000000000e+00
Epoch 350: Loss = 6.9433492503e-04. time = 4.0312092304e+00s. lr = 1.0000000000e-08. alpha = 0.0000000000e+00
Epoch 360: Loss = 6.8880898603e-04. time = 3.9020655155e+00s. lr = 1.0000000000e-08. alpha = 0.0000000000e+00
Epoch 370: Loss = 6.9209758658e-04. time = 3.9999427795e+00s. lr = 1.0000000000e-08. alpha = 0.0000000000e+00
Epoch 380: Loss = 6.8694074236e-04. time = 3.9695627689e+00s. lr = 1.0000000000e-08. alpha = 0.0000000000e+00
Epoch 390: Loss = 6.9106282370e-04. time = 3.9654688835e+00s. lr = 1.0000000000e-08. alpha = 0.0000000000e+00
Epoch 400: Loss = 6.9082134128e-04. time = 4.1642386913e+00s. lr = 1.0000000000e-08. alpha = 0.0000000000e+00
Epoch 410: Loss = 6.8724883551e-04. time = 3.9209427834e+00s. lr = 1.0000000000e-08. alpha = 0.0000000000e+00
Epoch 420: Loss = 6.9580651523e-04. time = 3.9826347828e+00s. lr = 1.0000000000e-08. alpha = 0.0000000000e+00
Epoch 430: Loss = 7.0007986241e-04. time = 4.0265090466e+00s. lr = 1.0000000000e-08. alpha = 0.0000000000e+00
Epoch 440: Loss = 6.9223169703e-04. time = 3.9986877441e+00s. lr = 1.0000000000e-08. alpha = 0.0000000000e+00
Epoch 450: Loss = 6.9794753058e-04. time = 3.9627120495e+00s. lr = 1.0000000000e-08. alpha = 0.0000000000e+00
Epoch 460: Loss = 6.9582471307e-04. time = 3.9393105507e+00s. lr = 1.0000000000e-08. alpha = 0.0000000000e+00
Epoch 470: Loss = 6.9625170859e-04. time = 4.0829410553e+00s. lr = 1.0000000000e-08. alpha = 0.0000000000e+00
Epoch 480: Loss = 6.9041757590e-04. time = 4.1807587147e+00s. lr = 1.0000000000e-08. alpha = 0.0000000000e+00
Epoch 490: Loss = 6.9662200456e-04. time = 3.9994561672e+00s. lr = 1.0000000000e-08. alpha = 0.0000000000e+00
Epoch 500: Loss = 6.9979630644e-04. time = 4.0090200901e+00s. lr = 1.0000000000e-08. alpha = 0.0000000000e+00
Epoch 510: Loss = 6.9349198285e-04. time = 4.1956472397e+00s. lr = 1.0000000000e-08. alpha = 0.0000000000e+00
Epoch 520: Loss = 6.9451871307e-04. time = 4.0602798462e+00s. lr = 1.0000000000e-08. alpha = 0.0000000000e+00
Epoch 530: Loss = 6.8723374914e-04. time = 3.9201211929e+00s. lr = 1.0000000000e-08. alpha = 0.0000000000e+00
Epoch 540: Loss = 6.9089511685e-04. time = 4.0007827282e+00s. lr = 1.0000000000e-08. alpha = 0.0000000000e+00
Epoch 550: Loss = 6.9401047023e-04. time = 4.1682500839e+00s. lr = 1.0000000000e-08. alpha = 0.0000000000e+00
Epoch 560: Loss = 6.9775557759e-04. time = 4.0217351913e+00s. lr = 1.0000000000e-08. alpha = 0.0000000000e+00
Epoch 570: Loss = 6.9987949577e-04. time = 4.0312440395e+00s. lr = 1.0000000000e-08. alpha = 0.0000000000e+00
Epoch 580: Loss = 6.9570387925e-04. time = 4.0862076283e+00s. lr = 1.0000000000e-08. alpha = 0.0000000000e+00
Epoch 590: Loss = 6.9377090867e-04. time = 4.0776038170e+00s. lr = 1.0000000000e-08. alpha = 0.0000000000e+00
Epoch 600: Loss = 6.9675799883e-04. time = 4.2049350739e+00s. lr = 1.0000000000e-08. alpha = 0.0000000000e+00
Epoch 610: Loss = 6.9861384426e-04. time = 4.0265920162e+00s. lr = 1.0000000000e-08. alpha = 0.0000000000e+00
Epoch 620: Loss = 6.8711231738e-04. time = 4.0099298954e+00s. lr = 1.0000000000e-08. alpha = 0.0000000000e+00
Epoch 630: Loss = 6.9649509070e-04. time = 4.0233767033e+00s. lr = 1.0000000000e-08. alpha = 0.0000000000e+00
Epoch 640: Loss = 6.9994512755e-04. time = 4.0683681965e+00s. lr = 1.0000000000e-08. alpha = 0.0000000000e+00
Epoch 650: Loss = 6.9359261331e-04. time = 3.9748063087e+00s. lr = 1.0000000000e-08. alpha = 0.0000000000e+00
Epoch 660: Loss = 6.8900423040e-04. time = 4.0394442081e+00s. lr = 1.0000000000e-08. alpha = 0.0000000000e+00
Epoch 670: Loss = 6.8768121260e-04. time = 3.9884433746e+00s. lr = 1.0000000000e-08. alpha = 0.0000000000e+00
Patience exceeded: 300. Early stoppage executed.
Training complete
Model/logs saved in: results/mixing_tanks_batch_sweep_scarce/batch_50
Finished experiment with batch_size=50
Starting experiment with batch_size=100
[Seed] Deterministic mode enabled (may reduce speed).
Training on: cpu
Epoch 0: Loss = 9.5124428471e-02. time = 4.6335721016e+00s. lr = 1.0000000000e-02. alpha = 0.0000000000e+00
Epoch 1: Loss = 8.4329302112e-02. time = 2.8327257633e+00s. lr = 1.0000000000e-02. alpha = 0.0000000000e+00
Epoch 2: Loss = 7.9095441848e-02. time = 2.6859443188e+00s. lr = 1.0000000000e-02. alpha = 0.0000000000e+00
Epoch 3: Loss = 6.4022239919e-02. time = 2.4577736855e+00s. lr = 1.0000000000e-02. alpha = 0.0000000000e+00
Epoch 4: Loss = 5.7224832475e-02. time = 2.3679277897e+00s. lr = 1.0000000000e-02. alpha = 0.0000000000e+00
Epoch 5: Loss = 5.2113182843e-02. time = 2.2810869217e+00s. lr = 1.0000000000e-02. alpha = 0.0000000000e+00
Epoch 10: Loss = 1.6502035006e-02. time = 2.2902545929e+00s. lr = 1.0000000000e-02. alpha = 0.0000000000e+00
Epoch 20: Loss = 5.8257204946e-03. time = 2.3165988922e+00s. lr = 1.0000000000e-02. alpha = 0.0000000000e+00
Epoch 30: Loss = 3.8995443610e-03. time = 2.0589354038e+00s. lr = 1.0000000000e-02. alpha = 0.0000000000e+00
Epoch 40: Loss = 2.4004119526e-03. time = 2.1412475109e+00s. lr = 1.0000000000e-02. alpha = 0.0000000000e+00
Epoch 50: Loss = 2.1502455347e-03. time = 2.1554474831e+00s. lr = 1.0000000000e-02. alpha = 0.0000000000e+00
Epoch 60: Loss = 1.9098660365e-03. time = 2.2369983196e+00s. lr = 1.0000000000e-02. alpha = 0.0000000000e+00
Epoch 70: Loss = 1.8700032379e-03. time = 2.0422456264e+00s. lr = 1.0000000000e-02. alpha = 0.0000000000e+00
Epoch 80: Loss = 1.7734584981e-03. time = 2.1689808369e+00s. lr = 1.0000000000e-02. alpha = 0.0000000000e+00
Epoch 90: Loss = 1.6651618644e-03. time = 2.0362288952e+00s. lr = 1.0000000000e-03. alpha = 0.0000000000e+00
Epoch 100: Loss = 1.5998193606e-03. time = 2.0693514347e+00s. lr = 1.0000000000e-03. alpha = 0.0000000000e+00
Epoch 110: Loss = 1.6704605659e-03. time = 2.0060570240e+00s. lr = 1.0000000000e-03. alpha = 0.0000000000e+00
Epoch 120: Loss = 1.5868739768e-03. time = 2.2735314369e+00s. lr = 1.0000000000e-04. alpha = 0.0000000000e+00
Epoch 130: Loss = 1.6158257883e-03. time = 2.2037498951e+00s. lr = 1.0000000000e-05. alpha = 0.0000000000e+00
Epoch 140: Loss = 1.6225046129e-03. time = 2.1134979725e+00s. lr = 1.0000000000e-06. alpha = 0.0000000000e+00
Epoch 150: Loss = 1.6308776491e-03. time = 2.0644607544e+00s. lr = 1.0000000000e-07. alpha = 0.0000000000e+00
Epoch 160: Loss = 1.6060075723e-03. time = 2.0461499691e+00s. lr = 1.0000000000e-08. alpha = 0.0000000000e+00
Epoch 170: Loss = 1.6103057812e-03. time = 2.0808429718e+00s. lr = 1.0000000000e-08. alpha = 0.0000000000e+00
Epoch 180: Loss = 1.6230420248e-03. time = 2.1660048962e+00s. lr = 1.0000000000e-08. alpha = 0.0000000000e+00
Epoch 190: Loss = 1.6540645738e-03. time = 2.0483214855e+00s. lr = 1.0000000000e-08. alpha = 0.0000000000e+00
Epoch 200: Loss = 1.5765390126e-03. time = 2.0873548985e+00s. lr = 1.0000000000e-08. alpha = 0.0000000000e+00
Epoch 210: Loss = 1.6109591816e-03. time = 2.0999155045e+00s. lr = 1.0000000000e-08. alpha = 0.0000000000e+00
Epoch 220: Loss = 1.6004557256e-03. time = 2.0604972839e+00s. lr = 1.0000000000e-08. alpha = 0.0000000000e+00
Epoch 230: Loss = 1.6206960621e-03. time = 2.0758922100e+00s. lr = 1.0000000000e-08. alpha = 0.0000000000e+00
Epoch 240: Loss = 1.6159558436e-03. time = 2.1302518845e+00s. lr = 1.0000000000e-08. alpha = 0.0000000000e+00
Epoch 250: Loss = 1.5956164765e-03. time = 2.0908601284e+00s. lr = 1.0000000000e-08. alpha = 0.0000000000e+00
Epoch 260: Loss = 1.6870474598e-03. time = 2.1150307655e+00s. lr = 1.0000000000e-08. alpha = 0.0000000000e+00
Epoch 270: Loss = 1.5765035641e-03. time = 2.0489304066e+00s. lr = 1.0000000000e-08. alpha = 0.0000000000e+00
Epoch 280: Loss = 1.5913963434e-03. time = 2.1124022007e+00s. lr = 1.0000000000e-08. alpha = 0.0000000000e+00
Epoch 290: Loss = 1.6816204879e-03. time = 2.1551501751e+00s. lr = 1.0000000000e-08. alpha = 0.0000000000e+00
Epoch 300: Loss = 1.6189276163e-03. time = 2.0644352436e+00s. lr = 1.0000000000e-08. alpha = 0.0000000000e+00
Epoch 310: Loss = 1.6324281460e-03. time = 2.0178511143e+00s. lr = 1.0000000000e-08. alpha = 0.0000000000e+00
Epoch 320: Loss = 1.6546727275e-03. time = 2.0857226849e+00s. lr = 1.0000000000e-08. alpha = 0.0000000000e+00
Epoch 330: Loss = 1.5877537274e-03. time = 2.0343046188e+00s. lr = 1.0000000000e-08. alpha = 0.0000000000e+00
Epoch 340: Loss = 1.6023990659e-03. time = 2.1868791580e+00s. lr = 1.0000000000e-08. alpha = 0.0000000000e+00
Epoch 350: Loss = 1.6105562487e-03. time = 2.0875539780e+00s. lr = 1.0000000000e-08. alpha = 0.0000000000e+00
Epoch 360: Loss = 1.5699455398e-03. time = 2.0288076401e+00s. lr = 1.0000000000e-08. alpha = 0.0000000000e+00
Epoch 370: Loss = 1.6639447616e-03. time = 2.0245456696e+00s. lr = 1.0000000000e-08. alpha = 0.0000000000e+00
Epoch 380: Loss = 1.5591229118e-03. time = 2.0219712257e+00s. lr = 1.0000000000e-08. alpha = 0.0000000000e+00
Epoch 390: Loss = 1.6144732363e-03. time = 2.0893864632e+00s. lr = 1.0000000000e-08. alpha = 0.0000000000e+00
Epoch 400: Loss = 1.6387246045e-03. time = 2.1341836452e+00s. lr = 1.0000000000e-08. alpha = 0.0000000000e+00
Epoch 410: Loss = 1.6577745167e-03. time = 2.0824906826e+00s. lr = 1.0000000000e-08. alpha = 0.0000000000e+00
Epoch 420: Loss = 1.6227732607e-03. time = 2.1201908588e+00s. lr = 1.0000000000e-08. alpha = 0.0000000000e+00
Epoch 430: Loss = 1.6536165688e-03. time = 2.0653314590e+00s. lr = 1.0000000000e-08. alpha = 0.0000000000e+00
Epoch 440: Loss = 1.6366224154e-03. time = 2.0799772739e+00s. lr = 1.0000000000e-08. alpha = 0.0000000000e+00
Epoch 450: Loss = 1.6859685614e-03. time = 2.0874257088e+00s. lr = 1.0000000000e-08. alpha = 0.0000000000e+00
Epoch 460: Loss = 1.6117562191e-03. time = 2.0885984898e+00s. lr = 1.0000000000e-08. alpha = 0.0000000000e+00
Epoch 470: Loss = 1.5889780674e-03. time = 2.0639948845e+00s. lr = 1.0000000000e-08. alpha = 0.0000000000e+00
Epoch 480: Loss = 1.5767886653e-03. time = 2.0106308460e+00s. lr = 1.0000000000e-08. alpha = 0.0000000000e+00
Epoch 490: Loss = 1.6297079468e-03. time = 2.0908031464e+00s. lr = 1.0000000000e-08. alpha = 0.0000000000e+00
Epoch 500: Loss = 1.6654899615e-03. time = 2.1745808125e+00s. lr = 1.0000000000e-08. alpha = 0.0000000000e+00
Epoch 510: Loss = 1.6188310110e-03. time = 2.1334798336e+00s. lr = 1.0000000000e-08. alpha = 0.0000000000e+00
Epoch 520: Loss = 1.5894369377e-03. time = 2.0899846554e+00s. lr = 1.0000000000e-08. alpha = 0.0000000000e+00
Epoch 530: Loss = 1.5879229759e-03. time = 2.0664987564e+00s. lr = 1.0000000000e-08. alpha = 0.0000000000e+00
Epoch 540: Loss = 1.6061841743e-03. time = 2.0507719517e+00s. lr = 1.0000000000e-08. alpha = 0.0000000000e+00
Epoch 550: Loss = 1.6045285544e-03. time = 2.1427950859e+00s. lr = 1.0000000000e-08. alpha = 0.0000000000e+00
Epoch 560: Loss = 1.6429674773e-03. time = 2.2030870914e+00s. lr = 1.0000000000e-08. alpha = 0.0000000000e+00
Epoch 570: Loss = 1.6642813959e-03. time = 2.1063950062e+00s. lr = 1.0000000000e-08. alpha = 0.0000000000e+00
Epoch 580: Loss = 1.6416803507e-03. time = 2.1091914177e+00s. lr = 1.0000000000e-08. alpha = 0.0000000000e+00
Epoch 590: Loss = 1.5957722790e-03. time = 2.0436966419e+00s. lr = 1.0000000000e-08. alpha = 0.0000000000e+00
Epoch 600: Loss = 1.6417611429e-03. time = 2.1475346088e+00s. lr = 1.0000000000e-08. alpha = 0.0000000000e+00
Epoch 610: Loss = 1.6302211055e-03. time = 2.1153573990e+00s. lr = 1.0000000000e-08. alpha = 0.0000000000e+00
Epoch 620: Loss = 1.5982534387e-03. time = 2.2281389236e+00s. lr = 1.0000000000e-08. alpha = 0.0000000000e+00
Epoch 630: Loss = 1.6062644621e-03. time = 2.0354077816e+00s. lr = 1.0000000000e-08. alpha = 0.0000000000e+00
Epoch 640: Loss = 1.6804636301e-03. time = 2.1694471836e+00s. lr = 1.0000000000e-08. alpha = 0.0000000000e+00
Epoch 650: Loss = 1.6884796981e-03. time = 2.1529765129e+00s. lr = 1.0000000000e-08. alpha = 0.0000000000e+00
Epoch 660: Loss = 1.6397060244e-03. time = 2.0531055927e+00s. lr = 1.0000000000e-08. alpha = 0.0000000000e+00
Epoch 670: Loss = 1.5955699685e-03. time = 2.0580532551e+00s. lr = 1.0000000000e-08. alpha = 0.0000000000e+00
Epoch 680: Loss = 1.6352759364e-03. time = 1.9956593513e+00s. lr = 1.0000000000e-08. alpha = 0.0000000000e+00
Epoch 690: Loss = 1.6975852777e-03. time = 2.1043660641e+00s. lr = 1.0000000000e-08. alpha = 0.0000000000e+00
Epoch 700: Loss = 1.6224057763e-03. time = 2.1193349361e+00s. lr = 1.0000000000e-08. alpha = 0.0000000000e+00
Epoch 710: Loss = 1.6443025282e-03. time = 2.1880071163e+00s. lr = 1.0000000000e-08. alpha = 0.0000000000e+00
Epoch 720: Loss = 1.6262071052e-03. time = 2.0413169861e+00s. lr = 1.0000000000e-08. alpha = 0.0000000000e+00
Epoch 730: Loss = 1.5838343146e-03. time = 2.0490024090e+00s. lr = 1.0000000000e-08. alpha = 0.0000000000e+00
Epoch 740: Loss = 1.6493447086e-03. time = 2.1422126293e+00s. lr = 1.0000000000e-08. alpha = 0.0000000000e+00
Epoch 750: Loss = 1.6383972252e-03. time = 2.1590921879e+00s. lr = 1.0000000000e-08. alpha = 0.0000000000e+00
Epoch 760: Loss = 1.6234423189e-03. time = 2.1683702469e+00s. lr = 1.0000000000e-08. alpha = 0.0000000000e+00
Epoch 770: Loss = 1.6219230019e-03. time = 2.0326676369e+00s. lr = 1.0000000000e-08. alpha = 0.0000000000e+00
Epoch 780: Loss = 1.6350091513e-03. time = 2.1164488792e+00s. lr = 1.0000000000e-08. alpha = 0.0000000000e+00
Epoch 790: Loss = 1.6058887316e-03. time = 2.0104839802e+00s. lr = 1.0000000000e-08. alpha = 0.0000000000e+00
Patience exceeded: 300. Early stoppage executed.
Training complete
Model/logs saved in: results/mixing_tanks_batch_sweep_scarce/batch_100
Finished experiment with batch_size=100
Starting experiment with batch_size=150
[Seed] Deterministic mode enabled (may reduce speed).
Training on: cpu
Epoch 0: Loss = 9.5905730501e-02. time = 3.6952736378e+00s. lr = 1.0000000000e-02. alpha = 0.0000000000e+00
Epoch 1: Loss = 8.9040625840e-02. time = 2.2043523788e+00s. lr = 1.0000000000e-02. alpha = 0.0000000000e+00
Epoch 2: Loss = 8.3173887804e-02. time = 2.1093900204e+00s. lr = 1.0000000000e-02. alpha = 0.0000000000e+00
Epoch 3: Loss = 8.1313023344e-02. time = 2.0131621361e+00s. lr = 1.0000000000e-02. alpha = 0.0000000000e+00
Epoch 4: Loss = 7.2715962306e-02. time = 1.8709177971e+00s. lr = 1.0000000000e-02. alpha = 0.0000000000e+00
Epoch 5: Loss = 6.1026502401e-02. time = 1.6566014290e+00s. lr = 1.0000000000e-02. alpha = 0.0000000000e+00
Epoch 10: Loss = 3.9869924076e-02. time = 1.6752147675e+00s. lr = 1.0000000000e-02. alpha = 0.0000000000e+00
Epoch 20: Loss = 9.0582566336e-03. time = 1.8601818085e+00s. lr = 1.0000000000e-02. alpha = 0.0000000000e+00
Epoch 30: Loss = 5.0186668523e-03. time = 1.6747486591e+00s. lr = 1.0000000000e-02. alpha = 0.0000000000e+00
Epoch 40: Loss = 3.6393026239e-03. time = 1.5975077152e+00s. lr = 1.0000000000e-02. alpha = 0.0000000000e+00
Epoch 50: Loss = 2.6175432140e-03. time = 1.4951667786e+00s. lr = 1.0000000000e-02. alpha = 0.0000000000e+00
Epoch 60: Loss = 2.1467548213e-03. time = 1.6353905201e+00s. lr = 1.0000000000e-02. alpha = 0.0000000000e+00
Epoch 70: Loss = 1.9996188057e-03. time = 1.5629167557e+00s. lr = 1.0000000000e-02. alpha = 0.0000000000e+00
Epoch 80: Loss = 1.8942043243e-03. time = 1.5358636379e+00s. lr = 1.0000000000e-02. alpha = 0.0000000000e+00
Epoch 90: Loss = 1.8275540497e-03. time = 1.6798722744e+00s. lr = 1.0000000000e-02. alpha = 0.0000000000e+00
Epoch 100: Loss = 1.7579826817e-03. time = 1.5481708050e+00s. lr = 1.0000000000e-02. alpha = 0.0000000000e+00
Epoch 110: Loss = 1.7966481100e-03. time = 1.4791553020e+00s. lr = 1.0000000000e-02. alpha = 0.0000000000e+00
Epoch 120: Loss = 1.7378273478e-03. time = 1.6398439407e+00s. lr = 1.0000000000e-02. alpha = 0.0000000000e+00
Epoch 130: Loss = 1.7386837571e-03. time = 1.6882212162e+00s. lr = 1.0000000000e-02. alpha = 0.0000000000e+00
Epoch 140: Loss = 1.6156493803e-03. time = 1.6164984703e+00s. lr = 1.0000000000e-02. alpha = 0.0000000000e+00
Epoch 150: Loss = 1.6476415913e-03. time = 1.6330692768e+00s. lr = 1.0000000000e-03. alpha = 0.0000000000e+00
Epoch 160: Loss = 1.5209936246e-03. time = 1.6030161381e+00s. lr = 1.0000000000e-03. alpha = 0.0000000000e+00
Epoch 170: Loss = 1.5070842928e-03. time = 1.6465466022e+00s. lr = 1.0000000000e-03. alpha = 0.0000000000e+00
Epoch 180: Loss = 1.5172102139e-03. time = 1.6640381813e+00s. lr = 1.0000000000e-04. alpha = 0.0000000000e+00
Epoch 190: Loss = 1.5260386281e-03. time = 1.5970160961e+00s. lr = 1.0000000000e-05. alpha = 0.0000000000e+00
Epoch 200: Loss = 1.4824773243e-03. time = 1.6282536983e+00s. lr = 1.0000000000e-06. alpha = 0.0000000000e+00
Epoch 210: Loss = 1.5181905765e-03. time = 1.6684756279e+00s. lr = 1.0000000000e-06. alpha = 0.0000000000e+00
Epoch 220: Loss = 1.4966432063e-03. time = 1.5966510773e+00s. lr = 1.0000000000e-07. alpha = 0.0000000000e+00
Epoch 230: Loss = 1.5054646356e-03. time = 1.6788287163e+00s. lr = 1.0000000000e-08. alpha = 0.0000000000e+00
Epoch 240: Loss = 1.4900297974e-03. time = 1.7226598263e+00s. lr = 1.0000000000e-08. alpha = 0.0000000000e+00
Epoch 250: Loss = 1.5055293334e-03. time = 1.7400970459e+00s. lr = 1.0000000000e-08. alpha = 0.0000000000e+00
Epoch 260: Loss = 1.5137930459e-03. time = 1.6477282047e+00s. lr = 1.0000000000e-08. alpha = 0.0000000000e+00
Epoch 270: Loss = 1.4905816643e-03. time = 1.5607922077e+00s. lr = 1.0000000000e-08. alpha = 0.0000000000e+00
Epoch 280: Loss = 1.5129719977e-03. time = 1.6654298306e+00s. lr = 1.0000000000e-08. alpha = 0.0000000000e+00
Epoch 290: Loss = 1.5099627199e-03. time = 1.5830955505e+00s. lr = 1.0000000000e-08. alpha = 0.0000000000e+00
Epoch 300: Loss = 1.4963776921e-03. time = 1.5601041317e+00s. lr = 1.0000000000e-08. alpha = 0.0000000000e+00
Epoch 310: Loss = 1.5055157710e-03. time = 1.6225450039e+00s. lr = 1.0000000000e-08. alpha = 0.0000000000e+00
Epoch 320: Loss = 1.5285915870e-03. time = 1.6129732132e+00s. lr = 1.0000000000e-08. alpha = 0.0000000000e+00
Epoch 330: Loss = 1.4799963974e-03. time = 1.6322124004e+00s. lr = 1.0000000000e-08. alpha = 0.0000000000e+00
Epoch 340: Loss = 1.5094958944e-03. time = 1.6023988724e+00s. lr = 1.0000000000e-08. alpha = 0.0000000000e+00
Epoch 350: Loss = 1.5009117778e-03. time = 1.5823678970e+00s. lr = 1.0000000000e-08. alpha = 0.0000000000e+00
Epoch 360: Loss = 1.4929545287e-03. time = 1.6074278355e+00s. lr = 1.0000000000e-08. alpha = 0.0000000000e+00
Epoch 370: Loss = 1.5222864749e-03. time = 1.6394619942e+00s. lr = 1.0000000000e-08. alpha = 0.0000000000e+00
Epoch 380: Loss = 1.4902417024e-03. time = 1.6628694534e+00s. lr = 1.0000000000e-08. alpha = 0.0000000000e+00
Epoch 390: Loss = 1.4898984518e-03. time = 1.6136829853e+00s. lr = 1.0000000000e-08. alpha = 0.0000000000e+00
Epoch 400: Loss = 1.5041608713e-03. time = 1.5826177597e+00s. lr = 1.0000000000e-08. alpha = 0.0000000000e+00
Epoch 410: Loss = 1.5231092402e-03. time = 1.6374108791e+00s. lr = 1.0000000000e-08. alpha = 0.0000000000e+00
Epoch 420: Loss = 1.5119074960e-03. time = 1.6203882694e+00s. lr = 1.0000000000e-08. alpha = 0.0000000000e+00
Epoch 430: Loss = 1.5227789117e-03. time = 1.6077342033e+00s. lr = 1.0000000000e-08. alpha = 0.0000000000e+00
Epoch 440: Loss = 1.5110335080e-03. time = 1.5528042316e+00s. lr = 1.0000000000e-08. alpha = 0.0000000000e+00
Epoch 450: Loss = 1.5368508757e-03. time = 1.6124265194e+00s. lr = 1.0000000000e-08. alpha = 0.0000000000e+00
Epoch 460: Loss = 1.4899899543e-03. time = 1.6295757294e+00s. lr = 1.0000000000e-08. alpha = 0.0000000000e+00
Epoch 470: Loss = 1.5099111479e-03. time = 1.6142129898e+00s. lr = 1.0000000000e-08. alpha = 0.0000000000e+00
Epoch 480: Loss = 1.4638882712e-03. time = 1.6491310596e+00s. lr = 1.0000000000e-08. alpha = 0.0000000000e+00
Epoch 490: Loss = 1.5055729600e-03. time = 1.6912543774e+00s. lr = 1.0000000000e-08. alpha = 0.0000000000e+00
Epoch 500: Loss = 1.5125267964e-03. time = 1.5998892784e+00s. lr = 1.0000000000e-08. alpha = 0.0000000000e+00
Epoch 510: Loss = 1.5055749100e-03. time = 1.6386051178e+00s. lr = 1.0000000000e-08. alpha = 0.0000000000e+00
Epoch 520: Loss = 1.5088829678e-03. time = 1.6390440464e+00s. lr = 1.0000000000e-08. alpha = 0.0000000000e+00
Epoch 530: Loss = 1.4952750353e-03. time = 1.5460355282e+00s. lr = 1.0000000000e-08. alpha = 0.0000000000e+00
Epoch 540: Loss = 1.5145808866e-03. time = 1.5540945530e+00s. lr = 1.0000000000e-08. alpha = 0.0000000000e+00
Epoch 550: Loss = 1.5178290196e-03. time = 1.6255037785e+00s. lr = 1.0000000000e-08. alpha = 0.0000000000e+00
Epoch 560: Loss = 1.4918898523e-03. time = 1.6495718956e+00s. lr = 1.0000000000e-08. alpha = 0.0000000000e+00
Epoch 570: Loss = 1.5067162458e-03. time = 1.6142995358e+00s. lr = 1.0000000000e-08. alpha = 0.0000000000e+00
Epoch 580: Loss = 1.5354745265e-03. time = 1.7073414326e+00s. lr = 1.0000000000e-08. alpha = 0.0000000000e+00
Epoch 590: Loss = 1.4681872271e-03. time = 1.6217160225e+00s. lr = 1.0000000000e-08. alpha = 0.0000000000e+00
Epoch 600: Loss = 1.5218370827e-03. time = 1.6350643635e+00s. lr = 1.0000000000e-08. alpha = 0.0000000000e+00
Epoch 610: Loss = 1.5155065921e-03. time = 1.5963528156e+00s. lr = 1.0000000000e-08. alpha = 0.0000000000e+00
Epoch 620: Loss = 1.5032334195e-03. time = 1.6596693993e+00s. lr = 1.0000000000e-08. alpha = 0.0000000000e+00
Epoch 630: Loss = 1.5235429164e-03. time = 1.6253535748e+00s. lr = 1.0000000000e-08. alpha = 0.0000000000e+00
Epoch 640: Loss = 1.5281291271e-03. time = 1.6475021839e+00s. lr = 1.0000000000e-08. alpha = 0.0000000000e+00
Epoch 650: Loss = 1.5385558363e-03. time = 1.7169003487e+00s. lr = 1.0000000000e-08. alpha = 0.0000000000e+00
Epoch 660: Loss = 1.5327330620e-03. time = 1.5924856663e+00s. lr = 1.0000000000e-08. alpha = 0.0000000000e+00
Epoch 670: Loss = 1.4721121115e-03. time = 1.6289336681e+00s. lr = 1.0000000000e-08. alpha = 0.0000000000e+00
Epoch 680: Loss = 1.5093905386e-03. time = 1.6200516224e+00s. lr = 1.0000000000e-08. alpha = 0.0000000000e+00
Epoch 690: Loss = 1.5216686006e-03. time = 1.6009418964e+00s. lr = 1.0000000000e-08. alpha = 0.0000000000e+00
Epoch 700: Loss = 1.5055632393e-03. time = 1.5923836231e+00s. lr = 1.0000000000e-08. alpha = 0.0000000000e+00
Epoch 710: Loss = 1.5162916679e-03. time = 1.6349866390e+00s. lr = 1.0000000000e-08. alpha = 0.0000000000e+00
Epoch 720: Loss = 1.5239656204e-03. time = 1.5963408947e+00s. lr = 1.0000000000e-08. alpha = 0.0000000000e+00
Epoch 730: Loss = 1.5049002832e-03. time = 1.5801718235e+00s. lr = 1.0000000000e-08. alpha = 0.0000000000e+00
Epoch 740: Loss = 1.5182119678e-03. time = 1.6715986729e+00s. lr = 1.0000000000e-08. alpha = 0.0000000000e+00
Epoch 750: Loss = 1.5015753743e-03. time = 1.5652575493e+00s. lr = 1.0000000000e-08. alpha = 0.0000000000e+00
Epoch 760: Loss = 1.5032317606e-03. time = 1.6181750298e+00s. lr = 1.0000000000e-08. alpha = 0.0000000000e+00
Epoch 770: Loss = 1.5090179222e-03. time = 1.5219016075e+00s. lr = 1.0000000000e-08. alpha = 0.0000000000e+00
Epoch 780: Loss = 1.4933476923e-03. time = 1.5806984901e+00s. lr = 1.0000000000e-08. alpha = 0.0000000000e+00
Patience exceeded: 300. Early stoppage executed.
Training complete
Model/logs saved in: results/mixing_tanks_batch_sweep_scarce/batch_150
Finished experiment with batch_size=150
All experiments finished.
