Running with alpha=1.0
Epoch 0: Loss: 0.0027351939. time = 24.0554218292s. lr = 0.0100000000. alpha = 1.0000000000
Epoch 1: Loss: 0.0010568561. time = 21.2579734325s. lr = 0.0100000000. alpha = 1.0000000000
Epoch 2: Loss: 0.0003296198. time = 18.6385419369s. lr = 0.0100000000. alpha = 1.0000000000
Epoch 3: Loss: 0.0000973275. time = 16.1244213581s. lr = 0.0100000000. alpha = 1.0000000000
Epoch 4: Loss: 0.0000599612. time = 16.4669373035s. lr = 0.0100000000. alpha = 1.0000000000
Epoch 5: Loss: 0.0000666794. time = 16.1024973392s. lr = 0.0100000000. alpha = 1.0000000000
Epoch 10: Loss: 0.0000473756. time = 14.5907888412s. lr = 0.0100000000. alpha = 1.0000000000
Epoch 20: Loss: 0.0000283233. time = 15.1836738586s. lr = 0.0100000000. alpha = 1.0000000000
Epoch 30: Loss: 0.0000189852. time = 16.7851085663s. lr = 0.0100000000. alpha = 1.0000000000
Epoch 40: Loss: 0.0000167566. time = 16.5271320343s. lr = 0.0100000000. alpha = 1.0000000000
Epoch 50: Loss: 0.0000134731. time = 16.8632216454s. lr = 0.0100000000. alpha = 1.0000000000
Epoch 60: Loss: 0.0000126118. time = 17.7028710842s. lr = 0.0100000000. alpha = 1.0000000000
Epoch 70: Loss: 0.0000120506. time = 17.2807979584s. lr = 0.0100000000. alpha = 1.0000000000
Epoch 80: Loss: 0.0000105157. time = 17.4950373173s. lr = 0.0100000000. alpha = 1.0000000000
Epoch 90: Loss: 0.0000079318. time = 18.1818864346s. lr = 0.0100000000. alpha = 1.0000000000
Epoch 100: Loss: 0.0000057090. time = 18.7275190353s. lr = 0.0100000000. alpha = 1.0000000000
Epoch 110: Loss: 0.0000058641. time = 19.7341148853s. lr = 0.0100000000. alpha = 1.0000000000
Epoch 120: Loss: 0.0000024568. time = 19.9322547913s. lr = 0.0100000000. alpha = 1.0000000000
Epoch 130: Loss: 0.0000006481. time = 19.3604922295s. lr = 0.0100000000. alpha = 1.0000000000
Epoch 140: Loss: 0.0000006414. time = 18.2546575069s. lr = 0.0100000000. alpha = 1.0000000000
Epoch 150: Loss: 0.0000004902. time = 17.2657265663s. lr = 0.0100000000. alpha = 1.0000000000
Epoch 160: Loss: 0.0000007410. time = 19.0865416527s. lr = 0.0100000000. alpha = 1.0000000000
Epoch 170: Loss: 0.0000004099. time = 18.2167088985s. lr = 0.0100000000. alpha = 1.0000000000
Epoch 180: Loss: 0.0000003917. time = 16.9937438965s. lr = 0.0100000000. alpha = 1.0000000000
Epoch 190: Loss: 0.0000003300. time = 17.7195158005s. lr = 0.0010000000. alpha = 1.0000000000
Epoch 200: Loss: 0.0000003168. time = 17.1006882191s. lr = 0.0010000000. alpha = 1.0000000000
Epoch 210: Loss: 0.0000002943. time = 17.0879991055s. lr = 0.0010000000. alpha = 1.0000000000
Epoch 220: Loss: 0.0000002748. time = 17.3236267567s. lr = 0.0010000000. alpha = 1.0000000000
Epoch 230: Loss: 0.0000002642. time = 16.7046008110s. lr = 0.0010000000. alpha = 1.0000000000
Epoch 240: Loss: 0.0000002531. time = 17.0476069450s. lr = 0.0010000000. alpha = 1.0000000000
Epoch 250: Loss: 0.0000002476. time = 16.9126527309s. lr = 0.0010000000. alpha = 1.0000000000
Epoch 260: Loss: 0.0000003048. time = 18.2102847099s. lr = 0.0010000000. alpha = 1.0000000000
Epoch 270: Loss: 0.0000002988. time = 17.9737453461s. lr = 0.0001000000. alpha = 1.0000000000
Epoch 280: Loss: 0.0000002824. time = 18.0910739899s. lr = 0.0000100000. alpha = 1.0000000000
Epoch 290: Loss: 0.0000002811. time = 17.7794799805s. lr = 0.0000010000. alpha = 1.0000000000
Epoch 300: Loss: 0.0000002810. time = 18.0138278008s. lr = 0.0000001000. alpha = 1.0000000000
Epoch 310: Loss: 0.0000002809. time = 17.6617927551s. lr = 0.0000000100. alpha = 1.0000000000
Epoch 320: Loss: 0.0000002809. time = 18.0566644669s. lr = 0.0000000100. alpha = 1.0000000000
Epoch 330: Loss: 0.0000002809. time = 18.7801196575s. lr = 0.0000000100. alpha = 1.0000000000
Epoch 340: Loss: 0.0000002809. time = 18.2805500031s. lr = 0.0000000100. alpha = 1.0000000000
Epoch 350: Loss: 0.0000002809. time = 18.7469251156s. lr = 0.0000000100. alpha = 1.0000000000
Epoch 360: Loss: 0.0000002809. time = 18.6908538342s. lr = 0.0000000100. alpha = 1.0000000000
Epoch 370: Loss: 0.0000002809. time = 18.8483557701s. lr = 0.0000000100. alpha = 1.0000000000
Epoch 380: Loss: 0.0000002809. time = 18.8173587322s. lr = 0.0000000100. alpha = 1.0000000000
Epoch 390: Loss: 0.0000002809. time = 18.6184549332s. lr = 0.0000000100. alpha = 1.0000000000
Epoch 400: Loss: 0.0000002809. time = 18.5479307175s. lr = 0.0000000100. alpha = 1.0000000000
Epoch 410: Loss: 0.0000002809. time = 18.1394805908s. lr = 0.0000000100. alpha = 1.0000000000
Epoch 420: Loss: 0.0000002809. time = 18.7127649784s. lr = 0.0000000100. alpha = 1.0000000000
Patience exceeded: 300. Early stoppage executed.
Training complete
Model/logs saved in: results/sequential_decay_runs/alpha_1.0
