Using Python version:
Python 3.11.13
Using Conda environment: atscale
Starting experiment with decay_val=0.5
6.44569072482332 9.93441120446710
Epoch 0: Loss: 7.7095670344e-05. time = 2.3413096595e+02s. lr = 1.0000000000e-02. alpha = 5.0000000000e-01
Epoch 1: Loss: 1.6606532007e-04. time = 2.4101830339e+02s. lr = 1.0000000000e-02. alpha = 5.0000000000e-01
Epoch 2: Loss: 4.0497804988e-05. time = 2.2074933410e+02s. lr = 1.0000000000e-02. alpha = 5.0000000000e-01
Epoch 3: Loss: 2.2239339561e-05. time = 2.2599380994e+02s. lr = 1.0000000000e-02. alpha = 5.0000000000e-01
Epoch 4: Loss: 1.0805593037e-04. time = 2.2189123058e+02s. lr = 1.0000000000e-02. alpha = 5.0000000000e-01
Epoch 5: Loss: 1.5327156411e-04. time = 2.1276024246e+02s. lr = 1.0000000000e-02. alpha = 5.0000000000e-01
Epoch 10: Loss: 2.4421680053e-05. time = 2.2306950617e+02s. lr = 1.0000000000e-02. alpha = 5.0000000000e-01
Epoch 20: Loss: 2.7586435910e-05. time = 2.2310429716e+02s. lr = 1.0000000000e-02. alpha = 5.0000000000e-01
Epoch 30: Loss: 1.0592467797e-05. time = 2.0734104466e+02s. lr = 1.0000000000e-03. alpha = 5.0000000000e-01
Epoch 40: Loss: 7.8603484924e-06. time = 2.1143313026e+02s. lr = 1.0000000000e-03. alpha = 5.0000000000e-01
Epoch 50: Loss: 7.5114035568e-06. time = 2.1211641717e+02s. lr = 1.0000000000e-03. alpha = 5.0000000000e-01
Epoch 60: Loss: 6.5329172075e-06. time = 2.1728018475e+02s. lr = 1.0000000000e-03. alpha = 5.0000000000e-01
Epoch 70: Loss: 7.2427945063e-06. time = 2.2619947696e+02s. lr = 1.0000000000e-03. alpha = 5.0000000000e-01
Epoch 80: Loss: 8.1671715816e-06. time = 2.2793034267e+02s. lr = 1.0000000000e-03. alpha = 5.0000000000e-01
Epoch 90: Loss: 5.2980653453e-06. time = 2.2220584679e+02s. lr = 1.0000000000e-03. alpha = 5.0000000000e-01
Epoch 100: Loss: 4.7592041409e-06. time = 2.2780004525e+02s. lr = 1.0000000000e-03. alpha = 5.0000000000e-01
Epoch 110: Loss: 5.7016747566e-06. time = 2.3504329729e+02s. lr = 1.0000000000e-03. alpha = 5.0000000000e-01
Epoch 120: Loss: 3.5754660077e-06. time = 2.3550614333e+02s. lr = 1.0000000000e-04. alpha = 5.0000000000e-01
Epoch 130: Loss: 3.3384077135e-06. time = 2.3757805824e+02s. lr = 1.0000000000e-04. alpha = 5.0000000000e-01
Epoch 140: Loss: 3.3231752646e-06. time = 2.3615692353e+02s. lr = 1.0000000000e-04. alpha = 5.0000000000e-01
Epoch 150: Loss: 3.1516964742e-06. time = 2.3713064623e+02s. lr = 1.0000000000e-04. alpha = 5.0000000000e-01
Epoch 160: Loss: 3.1593642904e-06. time = 2.3733123708e+02s. lr = 1.0000000000e-04. alpha = 5.0000000000e-01
Epoch 170: Loss: 3.1064837625e-06. time = 2.3580539942e+02s. lr = 1.0000000000e-05. alpha = 5.0000000000e-01
Epoch 180: Loss: 3.0903484297e-06. time = 2.3640497994e+02s. lr = 1.0000000000e-05. alpha = 5.0000000000e-01
Epoch 190: Loss: 3.0794940987e-06. time = 2.3604148817e+02s. lr = 1.0000000000e-05. alpha = 5.0000000000e-01
Epoch 200: Loss: 3.0739078481e-06. time = 2.3559118032e+02s. lr = 1.0000000000e-05. alpha = 5.0000000000e-01
Epoch 210: Loss: 3.0568828248e-06. time = 2.3468129539e+02s. lr = 1.0000000000e-05. alpha = 5.0000000000e-01
Epoch 220: Loss: 3.0597487829e-06. time = 2.3433875322e+02s. lr = 1.0000000000e-05. alpha = 5.0000000000e-01
Epoch 230: Loss: 3.0588807390e-06. time = 2.3293167329e+02s. lr = 1.0000000000e-06. alpha = 5.0000000000e-01
Epoch 240: Loss: 3.0552066288e-06. time = 2.3258344245e+02s. lr = 1.0000000000e-07. alpha = 5.0000000000e-01
Epoch 250: Loss: 3.0550690569e-06. time = 2.3566096067e+02s. lr = 1.0000000000e-08. alpha = 5.0000000000e-01
Epoch 260: Loss: 3.0550709408e-06. time = 2.3539970732e+02s. lr = 1.0000000000e-08. alpha = 5.0000000000e-01
Epoch 270: Loss: 3.0550690486e-06. time = 2.3433989525e+02s. lr = 1.0000000000e-08. alpha = 5.0000000000e-01
Epoch 280: Loss: 3.0550662960e-06. time = 2.3486552954e+02s. lr = 1.0000000000e-08. alpha = 5.0000000000e-01
Epoch 290: Loss: 3.0550570363e-06. time = 2.3538947439e+02s. lr = 1.0000000000e-08. alpha = 5.0000000000e-01
Epoch 300: Loss: 3.0549790405e-06. time = 2.3342780852e+02s. lr = 1.0000000000e-08. alpha = 5.0000000000e-01
Epoch 310: Loss: 3.0550594665e-06. time = 2.3033532572e+02s. lr = 1.0000000000e-08. alpha = 5.0000000000e-01
Epoch 320: Loss: 3.0550387084e-06. time = 2.3189406872e+02s. lr = 1.0000000000e-08. alpha = 5.0000000000e-01
Epoch 330: Loss: 3.0550476747e-06. time = 2.3231227160e+02s. lr = 1.0000000000e-08. alpha = 5.0000000000e-01
Epoch 340: Loss: 3.0550462801e-06. time = 2.2915057158e+02s. lr = 1.0000000000e-08. alpha = 5.0000000000e-01
Epoch 350: Loss: 3.0550398408e-06. time = 2.2946785474e+02s. lr = 1.0000000000e-08. alpha = 5.0000000000e-01
Epoch 360: Loss: 3.0550383373e-06. time = 2.2767816663e+02s. lr = 1.0000000000e-08. alpha = 5.0000000000e-01
Epoch 370: Loss: 3.0550300169e-06. time = 2.2922826695e+02s. lr = 1.0000000000e-08. alpha = 5.0000000000e-01
Epoch 380: Loss: 3.0550247884e-06. time = 2.2735389137e+02s. lr = 1.0000000000e-08. alpha = 5.0000000000e-01
Epoch 390: Loss: 3.0550340132e-06. time = 2.2803792858e+02s. lr = 1.0000000000e-08. alpha = 5.0000000000e-01
Epoch 400: Loss: 3.0550297132e-06. time = 2.2863675809e+02s. lr = 1.0000000000e-08. alpha = 5.0000000000e-01
Epoch 410: Loss: 3.0550251388e-06. time = 2.2849513483e+02s. lr = 1.0000000000e-08. alpha = 5.0000000000e-01
Epoch 420: Loss: 3.0550313522e-06. time = 2.2727530956e+02s. lr = 1.0000000000e-08. alpha = 5.0000000000e-01
Epoch 430: Loss: 3.0550325762e-06. time = 2.2728033590e+02s. lr = 1.0000000000e-08. alpha = 5.0000000000e-01
Epoch 440: Loss: 3.0550129847e-06. time = 2.2868707299e+02s. lr = 1.0000000000e-08. alpha = 5.0000000000e-01
Patience exceeded: 300. Early stoppage executed.
Training complete
Model/logs saved in: results/dense_k_runs/decay_05_warm_start
Finished experiment with decay_val=0.5
All experiments finished.
