Now you should run one of the following depending on your shell
source /share/apps/python/miniconda24.4.0/etc/profile.d/conda.sh
source /share/apps/python/miniconda24.4.0/etc/profile.d/conda.csh
Traceback (most recent call last):
  File "/qfs/projects/atscale/atscale_dyn/Code/Ike/stable_node_control/train_budworm.py", line 139, in <module>
    main(
  File "/qfs/projects/atscale/atscale_dyn/Code/Ike/stable_node_control/train_budworm.py", line 51, in main
    r1, r2 = get_roots()
             ^^^^^^^^^^^
  File "/qfs/projects/atscale/atscale_dyn/Code/Ike/stable_node_control/train_budworm.py", line 23, in get_roots
    r, k = symbols('r k', positive=True)
           ^^^^^^^
NameError: name 'symbols' is not defined
Traceback (most recent call last):
  File "/qfs/projects/atscale/atscale_dyn/Code/Ike/stable_node_control/train_budworm.py", line 139, in <module>
    main(
  File "/qfs/projects/atscale/atscale_dyn/Code/Ike/stable_node_control/train_budworm.py", line 51, in main
    r1, r2 = get_roots()
             ^^^^^^^^^^^
  File "/qfs/projects/atscale/atscale_dyn/Code/Ike/stable_node_control/train_budworm.py", line 23, in get_roots
    r, k = symbols('r k', positive=True)
           ^^^^^^^
NameError: name 'symbols' is not defined
Traceback (most recent call last):
  File "/qfs/projects/atscale/atscale_dyn/Code/Ike/stable_node_control/train_budworm.py", line 139, in <module>
    main(
  File "/qfs/projects/atscale/atscale_dyn/Code/Ike/stable_node_control/train_budworm.py", line 51, in main
    r1, r2 = get_roots()
             ^^^^^^^^^^^
  File "/qfs/projects/atscale/atscale_dyn/Code/Ike/stable_node_control/train_budworm.py", line 23, in get_roots
    r, k = symbols('r k', positive=True)
           ^^^^^^^
NameError: name 'symbols' is not defined
